/Users/saouiris/Desktop/DEEP-RL/Hedging-options-with-RL/utils.py:135: RuntimeWarning: invalid value encountered in divide
  SABRIV = np.where(F == K, vol * B / (F ** (1 - beta)), A * B * Phi / Chi)
/Users/saouiris/Desktop/DEEP-RL/Hedging-options-with-RL/utils.py:155: RuntimeWarning: divide by zero encountered in divide
  d1 = (np.log(S / K) + (r - q + iv * iv / 2) * T) / (iv * np.sqrt(T))
WARNING:absl:At this time, the v2.11+ optimizer `tf.keras.optimizers.Adam` runs slowly on M1/M2 Macs, please use the legacy Keras optimizer instead, located at `tf.keras.optimizers.legacy.Adam`.
WARNING:absl:At this time, the v2.11+ optimizer `tf.keras.optimizers.Adam` runs slowly on M1/M2 Macs, please use the legacy Keras optimizer instead, located at `tf.keras.optimizers.legacy.Adam`.
WARNING:absl:At this time, the v2.11+ optimizer `tf.keras.optimizers.Adam` runs slowly on M1/M2 Macs, please use the legacy Keras optimizer instead, located at `tf.keras.optimizers.legacy.Adam`.
Num GPUs Available: 1
Num GPUs Available: 1
1. generate asset price paths (sabr)
2. generate BS price, BS delta, and Bartlett delta
simulation done!


***
Testing RL gamma agent (checkpoint 20k)...
testing...
{'path_row': 1, 'model_params': {'mu': 0.05, 'vol': 0.2, 'volvol': 0.6, 'beta': 1.0, 'rho': -0.4}}
episode: 0 | final wealth: -394.71; so far mean and variance of final wealth was -394.70515060424805 and 0.0
episode: 0 | so far Y(0): 394.71
episode: 0 | rewards: [ -79.72    1.48  -60.52  -21.01  -14.69  -47.88 -110.26 -155.96  -18.93
  -32.73  269.18 -287.36   18.04   51.22  182.13   70.74 -109.81    2.88
   78.03 -129.52]
episode: 0 | action taken: [[79.45]
 [89.95]
 [92.77]
 [93.64]
 [93.93]
 [94.23]
 [94.18]
 [93.7 ]
 [92.29]
 [91.2 ]
 [90.36]
 [89.91]
 [89.6 ]
 [89.77]
 [90.11]
 [91.15]
 [92.86]
 [93.81]
 [92.45]
 [89.47]]
episode: 0 | deltas [51.13 49.76 52.19 43.04 39.72 37.33 30.83 20.34 11.02 10.2   8.5  25.09
  5.23  4.41  4.93 12.28 15.13  3.94  1.33  0.37  0.  ]
episode: 0 | stock price [100.    99.81 100.15  98.88  98.44  98.13  97.26  95.63  93.65  93.44
  93.03  96.6   92.73  92.91  93.49  95.66  96.49  95.1   95.11  95.96
  95.49]
episode: 0 | option price [225.84 210.82 229.13 168.68 147.43 132.72  98.58  55.55  25.54  23.2
  18.33  70.21   9.2    7.04   7.62  21.47  25.41   4.23   0.99   0.17
   0.  ]

{'path_row': 1001, 'model_params': {'mu': 0.05, 'vol': 0.2, 'volvol': 0.6, 'beta': 1.0, 'rho': -0.4}}
episode: 1000 | final wealth: -18.04; so far mean and variance of final wealth was -198.87103322813041 and 75819.44731503916
episode: 1000 | so far Y(0): 611.90
episode: 1000 | rewards: [-76.5   48.56 -17.38 -39.73  58.78  52.89  19.55  24.14 -22.36  -1.76
  19.66   1.78   3.47  12.98  -8.4  -15.87 -10.64  13.03  17.46 -97.7 ]
episode: 1000 | action taken: [[79.45]
 [90.02]
 [92.97]
 [94.12]
 [94.33]
 [94.46]
 [94.45]
 [94.33]
 [93.79]
 [92.73]
 [91.39]
 [90.  ]
 [89.03]
 [88.73]
 [89.05]
 [89.42]
 [90.7 ]
 [90.94]
 [89.27]
 [83.02]]
episode: 1000 | deltas [ 51.13  50.5   60.14  57.2   49.15  58.47  68.77  75.32  81.81  69.97
  68.21  78.1   78.31  78.66  92.52  98.7   99.93 100.   100.   100.
 100.  ]
episode: 1000 | stock price [100.    99.92 101.2  100.81  99.76 100.91 102.01 102.85 103.32 101.79
 101.55 102.51 102.43 102.32 103.64 105.09 106.65 107.65 106.18 104.39
 104.64]
episode: 1000 | option price [225.84 216.12 271.81 250.11 190.37 239.34 290.71 349.82 370.44 248.95
 227.32 293.63 283.02 268.94 373.27 509.81 664.89 765.   618.18 438.7
 463.98]

{'path_row': 2001, 'model_params': {'mu': 0.05, 'vol': 0.2, 'volvol': 0.6, 'beta': 1.0, 'rho': -0.4}}
episode: 2000 | final wealth: -407.03; so far mean and variance of final wealth was -199.32778465248794 and 73633.48392609824
episode: 2000 | so far Y(0): 606.36
episode: 2000 | rewards: [-116.93 -121.57  -52.78   -6.34   42.89  -22.96 -144.19  -85.41 -107.43
   38.96 -114.22  270.46   16.85   20.09   63.98   66.96   65.08  102.56
 -241.15  -81.9 ]
episode: 2000 | action taken: [[79.45]
 [89.45]
 [91.63]
 [92.95]
 [93.78]
 [94.21]
 [94.13]
 [93.45]
 [92.15]
 [91.11]
 [90.31]
 [89.48]
 [89.45]
 [89.78]
 [90.19]
 [91.2 ]
 [92.92]
 [93.73]
 [92.59]
 [89.76]]
episode: 2000 | deltas [51.13 45.74 28.26 23.74 24.23 25.25 22.33 12.83  6.89  2.73  2.16  0.8
  4.61  3.87  3.36  3.8   5.52  6.59 12.19  0.01  0.  ]
episode: 2000 | stock price [100.    99.22  96.83  96.08  96.07  96.52  96.15  94.29  93.21  91.96
  92.38  91.1   94.19  94.37  94.58  95.3   96.06  96.78  97.93  95.23
  95.3 ]
episode: 2000 | option price [225.84 191.9   88.48  70.3   73.94  72.77  60.37  29.94  12.98   4.09
   2.83   0.92   6.22   4.72   3.73   3.87   5.57   5.96  10.4    0.
   0.  ]

{'path_row': 3001, 'model_params': {'mu': 0.05, 'vol': 0.2, 'volvol': 0.6, 'beta': 1.0, 'rho': -0.4}}
episode: 3000 | final wealth: -76.85; so far mean and variance of final wealth was -199.66514885625108 and 74065.29004468005
episode: 3000 | so far Y(0): 607.89
episode: 3000 | rewards: [-82.67  20.49  -2.38 -17.13  33.67   4.4  -11.2   -7.81 -13.24  -4.13
 -81.5   67.06 -11.33 -12.75  23.41  18.87 -22.05  96.09  -1.6  -73.05]
episode: 3000 | action taken: [[79.45]
 [90.99]
 [93.71]
 [94.49]
 [94.65]
 [94.73]
 [94.69]
 [94.47]
 [93.81]
 [92.73]
 [91.39]
 [90.11]
 [89.36]
 [89.18]
 [89.47]
 [90.41]
 [92.02]
 [93.09]
 [92.  ]
 [88.03]]
episode: 3000 | deltas [ 51.13  65.45  77.93  78.07  73.67  83.55  82.91  78.87  74.97  67.19
  65.03  41.26  57.29  53.05  47.76  50.06  50.34  39.46  84.55  99.89
 100.  ]
episode: 3000 | stock price [100.   101.97 104.14 104.17 103.4  105.22 104.71 103.96 103.17 101.84
 101.53  99.08 100.61 100.21  99.74  99.96  99.99  99.34 101.98 104.05
 102.28]
episode: 3000 | option price [225.84 324.3  488.14 490.21 434.48 572.91 519.22 459.78 392.41 280.47
 255.02 111.15 180.88 155.51 126.4  121.72 104.68  65.27 214.13 405.34
 228.21]

{'path_row': 4001, 'model_params': {'mu': 0.05, 'vol': 0.2, 'volvol': 0.6, 'beta': 1.0, 'rho': -0.4}}
episode: 4000 | final wealth: 21.87; so far mean and variance of final wealth was -203.32944108583007 and 74954.60195795902
episode: 4000 | so far Y(0): 614.00
episode: 4000 | rewards: [-106.15    2.     -8.99   93.09   57.02   -6.63  -45.81   25.79  -20.81
  -55.02   -4.46  -82.81  122.39   47.84  -48.35  -51.03   88.41   26.92
   57.89  -69.43]
episode: 4000 | action taken: [[79.45]
 [89.48]
 [92.41]
 [93.65]
 [94.42]
 [94.6 ]
 [94.53]
 [94.19]
 [93.82]
 [92.66]
 [91.31]
 [90.14]
 [89.9 ]
 [89.6 ]
 [89.58]
 [90.52]
 [92.28]
 [93.28]
 [92.24]
 [88.47]]
episode: 4000 | deltas [ 51.13  45.79  49.39  46.95  63.36  76.06  71.91  59.41  65.77  57.64
  41.23  37.47  19.61  39.39  51.11  32.03  16.66  32.74  36.5   62.02
 100.  ]
episode: 4000 | stock price [100.    99.26  99.75  99.42 101.71 103.45 102.62 101.   101.77 100.73
  99.08  98.82  97.29  99.17 100.04  98.84  97.94  99.14  99.44 100.33
 100.84]
episode: 4000 | option price [225.84 185.41 216.68 192.93 312.31 419.14 347.22 239.55 286.04 209.01
 110.27  88.86  32.9   79.61 109.05  49.65  18.31  39.64  39.23  62.68
  84.31]

{'path_row': 5001, 'model_params': {'mu': 0.05, 'vol': 0.2, 'volvol': 0.6, 'beta': 1.0, 'rho': -0.4}}
episode: 5000 | final wealth: -1.61; so far mean and variance of final wealth was -205.87742720680703 and 77065.70098544049
episode: 5000 | so far Y(0): 622.29
episode: 5000 | rewards: [-61.57  20.43 -23.89 -25.33 -36.93 112.44 -29.87  59.    42.73  13.53
   9.37  -1.44   5.9    6.86   1.84 -16.79  24.3  -13.05  -1.45 -87.69]
episode: 5000 | action taken: [[79.45]
 [90.24]
 [93.  ]
 [94.01]
 [94.2 ]
 [94.3 ]
 [94.34]
 [94.17]
 [93.83]
 [92.74]
 [91.42]
 [90.01]
 [89.02]
 [88.74]
 [89.11]
 [89.97]
 [91.64]
 [92.51]
 [91.24]
 [86.6 ]]
episode: 5000 | deltas [ 51.13  52.97  57.14  52.26  44.51  37.91  58.79  49.42  59.89  72.88
  79.29  81.59  79.71  85.63  90.69  85.11  63.39  91.16  99.99 100.
 100.  ]
episode: 5000 | stock price [100.   100.26 100.78 100.16  99.27  98.53 100.88  99.86 100.84 101.95
 102.51 102.39 102.14 102.58 102.76 102.01 100.6  102.13 104.63 104.65
 104.1 ]
episode: 5000 | option price [225.84 227.26 243.54 206.45 147.16 113.97 223.67 156.67 190.22 251.47
 288.16 267.   243.88 276.76 285.59 216.55 104.96 219.74 463.4  464.74
 410.08]

{'path_row': 6001, 'model_params': {'mu': 0.05, 'vol': 0.2, 'volvol': 0.6, 'beta': 1.0, 'rho': -0.4}}
episode: 6000 | final wealth: -232.19; so far mean and variance of final wealth was -205.05630047972582 and 76937.54247070815
episode: 6000 | so far Y(0): 621.12
episode: 6000 | rewards: [-102.78 -178.49   69.99   50.72  -20.34  -31.49  -19.87   -1.83    9.88
 -179.1   -61.37  -91.75   96.66  153.94   -2.23   55.82   36.1   -94.41
   37.03   41.35]
episode: 6000 | action taken: [[79.45]
 [89.56]
 [91.68]
 [93.02]
 [93.73]
 [94.17]
 [94.16]
 [93.86]
 [93.15]
 [92.  ]
 [90.71]
 [89.75]
 [89.5 ]
 [89.77]
 [90.23]
 [91.22]
 [92.94]
 [93.79]
 [92.44]
 [89.48]]
episode: 6000 | deltas [51.13 46.5  24.26 28.8  33.79 31.8  26.45 22.73 22.01 23.4   8.36  4.34
  1.49  2.56  4.71  2.58  3.12  2.61  0.05  0.    0.  ]
episode: 6000 | stock price [100.    99.36  96.17  97.11  97.86  97.57  96.98  96.6   96.55  96.72
  94.32  93.56  92.5   93.59  95.34  95.28  95.91  96.31  95.29  95.7
  97.17]
episode: 6000 | option price [225.84 191.4   72.26  85.67 104.23  96.64  71.53  55.88  52.77  57.73
  14.78   6.29   1.72   3.02   5.21   2.29   2.58   1.83   0.02   0.
   0.  ]

{'path_row': 7001, 'model_params': {'mu': 0.05, 'vol': 0.2, 'volvol': 0.6, 'beta': 1.0, 'rho': -0.4}}
episode: 7000 | final wealth: 10.68; so far mean and variance of final wealth was -204.2215106123439 and 78012.36256168014
episode: 7000 | so far Y(0): 623.18
episode: 7000 | rewards: [-95.95 -70.67 -34.9  108.06  40.44  19.63 -42.55 -13.37 -24.47 110.17
  43.47  30.85   5.98   6.82  -4.62  -6.01   1.46  11.13  -9.27 -65.52]
episode: 7000 | action taken: [[79.45]
 [89.73]
 [92.1 ]
 [93.14]
 [93.89]
 [94.3 ]
 [94.29]
 [94.15]
 [93.66]
 [92.51]
 [91.33]
 [89.99]
 [89.  ]
 [88.8 ]
 [89.04]
 [89.41]
 [90.69]
 [91.16]
 [89.68]
 [83.27]]
episode: 7000 | deltas [ 51.13  47.95  34.78  30.09  43.97  50.23  53.14  45.89  43.13  40.59
  59.62  70.2   88.72  85.5   91.03  97.04  99.47  99.75  99.63 100.
 100.  ]
episode: 7000 | stock price [100.    99.55  97.89  97.29  99.14  99.91 100.26  99.4   99.08  98.74
 100.99 102.07 104.58 103.55 104.08 105.38 106.19 105.91 104.59 105.36
 103.7 ]
episode: 7000 | option price [225.84 203.44 113.88  91.1  154.66 186.07 198.62 160.17 143.73 135.34
 232.32 286.69 480.14 381.05 421.69 541.22 619.39 591.65 459.61 536.08
 369.54]

{'path_row': 8001, 'model_params': {'mu': 0.05, 'vol': 0.2, 'volvol': 0.6, 'beta': 1.0, 'rho': -0.4}}
episode: 8000 | final wealth: -18.11; so far mean and variance of final wealth was -204.2656071046255 and 77210.7366931426
episode: 8000 | so far Y(0): 621.07
episode: 8000 | rewards: [-50.37  -1.89 -22.34   3.24  66.65 -22.44 -34.41 -14.03 -24.78 -30.97
 -40.27 -92.81  90.39 124.92  42.97  19.    25.96  15.35   2.71 -74.97]
episode: 8000 | action taken: [[79.45]
 [90.69]
 [93.27]
 [94.22]
 [94.47]
 [94.57]
 [94.45]
 [94.19]
 [93.77]
 [92.54]
 [91.25]
 [90.31]
 [89.98]
 [89.84]
 [89.69]
 [90.54]
 [91.96]
 [92.72]
 [91.57]
 [87.41]]
episode: 8000 | deltas [ 51.13  59.47  61.07  57.59  57.3   71.92  65.35  56.72  52.32  46.55
  37.58  29.34  17.44  26.06  46.83  60.81  66.6   81.46  92.89  99.02
 100.  ]
episode: 8000 | stock price [100.   101.1  101.29 100.86 100.8  102.63 101.74 100.68 100.16  99.53
  98.66  97.88  96.48  97.71  99.71 100.76 101.11 102.09 102.49 102.64
 101.25]
episode: 8000 | option price [225.84 265.16 273.13 252.06 242.14 348.77 286.74 220.46 185.55 150.77
 100.43  67.63  33.35  53.19 108.   159.25 170.51 233.81 254.99 264.51
 125.05]

{'path_row': 9001, 'model_params': {'mu': 0.05, 'vol': 0.2, 'volvol': 0.6, 'beta': 1.0, 'rho': -0.4}}
episode: 9000 | final wealth: -491.14; so far mean and variance of final wealth was -204.44834239665937 and 76780.4244059816
episode: 9000 | so far Y(0): 620.09
episode: 9000 | rewards: [ -68.46   14.48  -38.13  -31.04   34.49 -167.18   50.34  -24.71   68.56
   86.38   53.88   61.45    9.97   -6.98  -40.39   23.75  -54.13  -25.86
 -296.65 -140.9 ]
episode: 9000 | action taken: [[79.45]
 [90.26]
 [92.99]
 [93.84]
 [94.05]
 [94.23]
 [94.15]
 [93.93]
 [93.2 ]
 [92.28]
 [91.24]
 [89.9 ]
 [89.01]
 [88.75]
 [89.18]
 [90.2 ]
 [91.87]
 [93.05]
 [91.96]
 [88.73]]
episode: 9000 | deltas [51.13 53.1  56.28 46.36 40.82 43.36 21.79 25.11 20.77 27.14 37.41 48.63
 71.52 77.04 70.39 48.62 52.1  27.26 15.28  0.    0.  ]
episode: 9000 | stock price [100.   100.28 100.7   99.44  98.78  99.17  96.5   97.12  96.69  97.61
  98.84  99.83 101.74 102.2  101.52  99.87 100.09  98.82  98.35  95.
  94.39]
episode: 9000 | option price [225.84 235.77 248.21 166.55 135.06 136.76  52.33  60.24  44.76  61.23
  86.78 122.74 231.62 261.1  207.73 100.69  96.06  31.58  12.5    0.
   0.  ]

{'path_row': 10001, 'model_params': {'mu': 0.05, 'vol': 0.2, 'volvol': 0.6, 'beta': 1.0, 'rho': -0.4}}
episode: 10000 | final wealth: 15.30; so far mean and variance of final wealth was -203.96734915411022 and 76940.70718112067
episode: 10000 | so far Y(0): 620.04
episode: 10000 | rewards: [ -85.24 -151.2    70.07   10.76   38.68   60.34   40.68  -51.94  100.23
    6.52  -44.64   86.79    6.13  -10.93    9.99    9.36    4.52    3.19
    1.96  -89.98]
episode: 10000 | action taken: [[79.45]
 [89.83]
 [91.89]
 [93.17]
 [93.77]
 [94.17]
 [94.32]
 [94.18]
 [93.65]
 [92.67]
 [91.36]
 [89.98]
 [89.03]
 [88.8 ]
 [88.91]
 [89.42]
 [90.99]
 [92.02]
 [90.86]
 [86.25]]
episode: 10000 | deltas [ 51.13  48.67  29.36  36.9   37.01  40.12  47.69  53.21  40.73  61.65
  61.41  45.6   80.63  92.72  98.58  96.89  89.84  90.05  91.72  78.34
 100.  ]
episode: 10000 | stock price [100.    99.66  96.92  98.08  98.17  98.67  99.63 100.25  98.98 101.03
 100.93  99.59 102.51 103.97 105.63 104.56 102.86 102.41 102.24 100.93
 101.84]
episode: 10000 | option price [225.84 203.17  95.54 129.81 125.95 133.92 163.87 181.4  113.7  204.52
 188.38 109.07 283.04 406.44 564.41 459.44 297.19 250.49 230.04 108.38
 183.87]

{'path_row': 11001, 'model_params': {'mu': 0.05, 'vol': 0.2, 'volvol': 0.6, 'beta': 1.0, 'rho': -0.4}}
episode: 11000 | final wealth: 28.53; so far mean and variance of final wealth was -204.15678767351582 and 77457.05040440537
episode: 11000 | so far Y(0): 621.62
episode: 11000 | rewards: [-129.25   -2.62  -53.94 -103.54  153.56   54.64    6.34  121.92   -6.17
   -2.96   10.08   17.47    4.35    7.23  -13.98   24.64   -1.24    2.67
  -12.41  -48.25]
episode: 11000 | action taken: [[79.45]
 [89.15]
 [92.  ]
 [93.19]
 [93.85]
 [94.2 ]
 [94.35]
 [94.17]
 [93.73]
 [92.72]
 [91.38]
 [90.01]
 [89.02]
 [88.74]
 [89.11]
 [90.05]
 [91.51]
 [92.49]
 [91.44]
 [86.99]]
episode: 11000 | deltas [51.13 43.09 43.16 35.79 23.04 38.3  45.72 47.53 74.69 68.99 65.16 67.94
 76.67 77.63 82.34 68.27 83.14 79.42 74.59 50.71  0.  ]
episode: 11000 | stock price [100.    98.89  98.93  97.93  96.19  98.47  99.39  99.6  102.79 101.85
 101.32 101.52 102.31 102.28 102.67 101.26 102.26 101.77 101.14 100.01
  99.94]
episode: 11000 | option price [225.84 168.24 164.76 123.74  64.03 123.32 155.89 168.5  346.74 264.59
 217.66 224.07 276.77 268.35 295.53 183.93 248.25 203.25 140.83  49.36
   0.  ]

{'path_row': 12001, 'model_params': {'mu': 0.05, 'vol': 0.2, 'volvol': 0.6, 'beta': 1.0, 'rho': -0.4}}
episode: 12000 | final wealth: -121.34; so far mean and variance of final wealth was -206.44862422681757 and 79118.37721931058
episode: 12000 | so far Y(0): 628.37
episode: 12000 | rewards: [ -91.35  -35.04   26.92  -60.82  -37.66  -40.02  -46.07   -4.27   35.54
  -47.19  154.31   27.34   32.78   25.17   22.88    3.56  -12.24   24.63
    5.18 -104.97]
episode: 12000 | action taken: [[79.45]
 [91.07]
 [93.43]
 [94.35]
 [94.42]
 [94.34]
 [94.29]
 [94.01]
 [93.35]
 [92.37]
 [91.07]
 [89.88]
 [89.41]
 [89.08]
 [89.33]
 [90.13]
 [91.6 ]
 [92.72]
 [91.55]
 [87.4 ]]
episode: 12000 | deltas [ 51.13  67.03  60.56  65.95  50.41  42.69  35.18  30.25  28.08  29.34
  22.33  46.15  51.96  59.58  66.38  80.91  81.4   65.48  97.54  98.71
 100.  ]
episode: 12000 | stock price [100.   102.18 101.25 101.91  99.94  99.07  98.26  97.59  97.43  97.8
  97.05  99.59 100.11 100.7  101.09 102.12 101.98 100.74 103.11 102.48
 103.34]
episode: 12000 | option price [225.84 335.91 274.49 306.42 180.86 136.39  99.47  82.86  71.7   69.9
  47.   122.77 140.73 159.9  169.7  238.42 221.82 118.53 312.97 248.11
 333.85]

{'path_row': 13001, 'model_params': {'mu': 0.05, 'vol': 0.2, 'volvol': 0.6, 'beta': 1.0, 'rho': -0.4}}
episode: 13000 | final wealth: 6.27; so far mean and variance of final wealth was -206.93074941172293 and 79021.53860566871
episode: 13000 | so far Y(0): 628.59
episode: 13000 | rewards: [ -81.11  -40.55   74.82   28.77    3.06   40.31   58.99    2.28   11.74
   -0.29   -0.42    3.37   -1.61   -1.74    0.35   -5.09    9.17    0.71
    4.77 -101.27]
episode: 13000 | action taken: [[79.45]
 [89.84]
 [92.38]
 [93.72]
 [94.31]
 [94.43]
 [94.41]
 [94.4 ]
 [93.81]
 [92.72]
 [91.29]
 [89.96]
 [89.04]
 [88.81]
 [88.99]
 [89.48]
 [90.72]
 [91.48]
 [90.12]
 [84.64]]
episode: 13000 | deltas [ 51.13  48.76  40.97  49.47  54.67  54.92  64.7   84.18  83.53  93.44
  88.87  87.44  89.51  96.24  98.18  98.87  99.86  99.7   99.89  99.98
 100.  ]
episode: 13000 | stock price [100.    99.68  98.72  99.84 100.41 100.44 101.49 103.62 103.3  104.78
 103.66 103.31 103.33 104.31 104.65 104.66 105.17 104.03 103.87 103.24
 103.75]
episode: 13000 | option price [225.84 200.87 143.97 170.34 193.99 192.34 251.21 393.3  361.21 487.84
 382.57 350.2  347.24 435.03 466.37 467.06 517.07 403.44 386.78 324.5
 375.14]

{'path_row': 14001, 'model_params': {'mu': 0.05, 'vol': 0.2, 'volvol': 0.6, 'beta': 1.0, 'rho': -0.4}}
episode: 14000 | final wealth: -15.45; so far mean and variance of final wealth was -207.35117490910162 and 79304.0950035899
episode: 14000 | so far Y(0): 629.77
episode: 14000 | rewards: [-72.05  22.39   0.1   34.53  10.06  32.66  24.62 -26.11 -21.57  -4.28
  43.35  -5.77  11.38  10.63   5.95  -0.56   3.57  -0.64  -9.06 -74.64]
episode: 14000 | action taken: [[79.45]
 [90.47]
 [93.18]
 [94.21]
 [94.52]
 [94.58]
 [94.62]
 [94.58]
 [93.84]
 [92.74]
 [91.4 ]
 [89.93]
 [89.02]
 [88.77]
 [89.09]
 [89.72]
 [90.91]
 [91.55]
 [90.13]
 [84.23]]
episode: 14000 | deltas [ 51.13  55.3   60.56  59.17  65.39  70.05  78.51  87.95  76.43  69.51
  66.8   82.19  74.89  79.75  85.5   89.12  96.52  96.79  99.33 100.
 100.  ]
episode: 14000 | stock price [100.   100.6  101.33 101.07 101.83 102.63 103.87 105.63 103.34 102.32
 101.87 103.75 102.47 102.9  103.4  103.65 104.84 104.39 104.7  105.51
 104.27]
episode: 14000 | option price [225.84 260.45 292.46 266.12 302.22 366.86 451.27 593.03 403.22 327.74
 289.04 416.38 305.88 331.56 365.32 380.69 487.49 441.68 470.27 550.87
 426.94]

{'path_row': 15001, 'model_params': {'mu': 0.05, 'vol': 0.2, 'volvol': 0.6, 'beta': 1.0, 'rho': -0.4}}
episode: 15000 | final wealth: -74.76; so far mean and variance of final wealth was -206.46724267222413 and 78783.21780775515
episode: 15000 | so far Y(0): 627.49
episode: 15000 | rewards: [-90.64   7.48  30.78  12.62 -13.69 -52.15  26.23  28.55 -29.11 -26.46
 -91.65 143.01  14.06   4.37 -22.13  39.21   4.18   6.76  11.76 -77.96]
episode: 15000 | action taken: [[79.45]
 [91.  ]
 [93.46]
 [94.48]
 [94.74]
 [94.7 ]
 [94.5 ]
 [94.37]
 [93.84]
 [92.72]
 [91.39]
 [90.11]
 [89.07]
 [88.98]
 [89.13]
 [90.03]
 [91.19]
 [91.74]
 [90.41]
 [85.29]]
episode: 15000 | deltas [ 51.13  65.05  68.07  78.56  84.04  79.44  65.17  72.68  79.58  70.12
  63.22  43.09  76.54  87.98  85.05  67.73  91.66  94.43  96.43  94.72
 100.  ]
episode: 15000 | stock price [100.   101.98 102.31 104.05 105.22 104.31 101.95 103.19 104.19 102.58
 101.59  99.04 103.06 104.92 104.03 101.63 104.35 104.39 103.94 102.53
 101.81]
episode: 15000 | option price [225.84 332.44 343.57 472.99 569.63 496.65 324.92 415.71 481.56 359.28
 293.12 149.49 367.47 518.67 434.57 242.73 447.46 445.58 396.85 256.26
 180.64]

{'path_row': 16001, 'model_params': {'mu': 0.05, 'vol': 0.2, 'volvol': 0.6, 'beta': 1.0, 'rho': -0.4}}
episode: 16000 | final wealth: -86.91; so far mean and variance of final wealth was -206.327685385682 and 78713.21065661527
episode: 16000 | so far Y(0): 627.17
episode: 16000 | rewards: [ -63.66   12.54  -47.77    8.32   19.58  -28.91   14.96  -12.75  -69.89
   17.81   20.16 -113.69   25.74    0.9   -44.81   13.17  194.96   35.09
   36.25 -104.92]
episode: 16000 | action taken: [[79.45]
 [90.55]
 [93.18]
 [94.  ]
 [94.34]
 [94.42]
 [94.38]
 [94.18]
 [93.71]
 [92.44]
 [91.19]
 [90.19]
 [89.94]
 [89.99]
 [90.13]
 [91.13]
 [92.87]
 [93.6 ]
 [92.51]
 [89.02]]
episode: 16000 | deltas [51.13 56.42 59.3  50.05 50.89 52.49 47.77 49.42 47.42 33.6  34.43 34.29
 15.43 16.24 15.69  8.99  8.   26.72 25.05 25.45  0.  ]
episode: 16000 | stock price [100.   100.74 101.1   99.87  99.98 100.18  99.61  99.82  99.58  98.04
  98.23  98.38  96.48  96.77  96.76  96.12  96.25  98.64  98.9   99.24
  98.89]
episode: 16000 | option price [225.84 260.38 268.66 199.73 201.05 199.95 174.65 179.43 169.26  94.56
  93.36  85.09  26.47  26.82  25.19  11.56   9.31  34.5   23.74  17.31
   0.  ]

{'path_row': 17001, 'model_params': {'mu': 0.05, 'vol': 0.2, 'volvol': 0.6, 'beta': 1.0, 'rho': -0.4}}
episode: 17000 | final wealth: -179.01; so far mean and variance of final wealth was -206.92984569448043 and 79008.81153728356
episode: 17000 | so far Y(0): 628.56
episode: 17000 | rewards: [-145.42  -93.3    42.2    34.96  -83.87   24.49 -122.5   -99.87  186.04
   15.6    74.9    20.88 -144.35   73.66  -41.47  122.4    23.02   44.32
  124.81 -235.52]
episode: 17000 | action taken: [[79.45]
 [89.06]
 [91.43]
 [92.86]
 [93.66]
 [94.17]
 [94.14]
 [93.63]
 [92.38]
 [91.68]
 [90.73]
 [90.23]
 [89.88]
 [90.04]
 [90.22]
 [91.2 ]
 [92.76]
 [93.6 ]
 [92.48]
 [88.86]]
episode: 17000 | deltas [51.13 42.79 30.23 31.75 34.96 23.05 21.67 13.28  5.9  15.84 16.29 23.19
 23.52  7.54 10.28  6.05 13.67 11.88 13.68 42.21  0.  ]
episode: 17000 | stock price [100.    98.8   97.04  97.51  98.02  96.58  96.75  95.22  93.97  96.22
  96.4   97.4   97.61  95.64  96.5   95.97  97.42  97.64  98.12  99.76
  97.71]
episode: 17000 | option price [225.84 173.19  99.94  98.51 109.33  57.93  48.3   26.96   9.22  29.76
  29.94  45.42  43.23   9.8   13.01   6.53  15.77  11.34  11.6   36.79
   0.  ]

{'path_row': 18001, 'model_params': {'mu': 0.05, 'vol': 0.2, 'volvol': 0.6, 'beta': 1.0, 'rho': -0.4}}
episode: 18000 | final wealth: -10.21; so far mean and variance of final wealth was -207.08000788836642 and 78992.17882193856
episode: 18000 | so far Y(0): 628.66
episode: 18000 | rewards: [-82.18 -56.52   8.06  35.53  28.59  24.61  21.5   13.7    9.41   0.98
  -6.07   2.69   1.69   2.68  15.71  12.44  -3.89  14.24  10.92 -64.3 ]
episode: 18000 | action taken: [[79.45]
 [90.94]
 [93.21]
 [94.13]
 [94.49]
 [94.56]
 [94.55]
 [94.48]
 [93.89]
 [92.95]
 [91.54]
 [90.08]
 [89.41]
 [89.12]
 [89.14]
 [89.47]
 [90.86]
 [92.02]
 [90.73]
 [85.92]]
episode: 18000 | deltas [ 51.13  63.91  52.    53.8   62.89  68.52  73.89  81.17  85.18  92.44
  95.19  97.88  96.84  96.93  97.74  95.3   91.02  78.09  96.09  93.83
 100.  ]
episode: 18000 | stock price [100.   101.8  100.13 100.36 101.63 102.38 103.07 104.28 104.77 106.54
 107.28 108.51 107.87 107.67 107.57 105.78 104.   102.   103.84 102.44
 100.8 ]
episode: 18000 | option price [225.84 320.53 211.9  223.27 306.48 348.5  388.66 482.05 514.51 670.69
 737.34 854.12 792.27 772.63 760.05 584.89 413.18 233.63 387.91 247.93
  79.73]

{'path_row': 19001, 'model_params': {'mu': 0.05, 'vol': 0.2, 'volvol': 0.6, 'beta': 1.0, 'rho': -0.4}}
episode: 19000 | final wealth: -73.68; so far mean and variance of final wealth was -206.30673872308626 and 78460.91914063142
episode: 19000 | so far Y(0): 626.47
episode: 19000 | rewards: [ -94.18   10.38   -6.82   -4.33   35.28   -0.33  -24.    -39.25  -11.07
  -45.34  103.15  -52.31 -113.93  124.58  -89.42   29.19  117.09   47.03
 -121.97   62.55]
episode: 19000 | action taken: [[79.45]
 [89.71]
 [92.62]
 [93.83]
 [94.22]
 [94.4 ]
 [94.33]
 [94.15]
 [93.59]
 [92.42]
 [91.1 ]
 [90.08]
 [89.81]
 [90.04]
 [89.92]
 [90.95]
 [92.72]
 [93.55]
 [92.47]
 [89.32]]
episode: 19000 | deltas [51.13 47.71 51.72 50.64 48.45 53.16 51.06 43.71 36.   30.67 23.21 36.77
 26.63 12.23 25.46 12.57 12.06 26.4  30.32  3.38  0.  ]
episode: 19000 | stock price [100.    99.52 100.08  99.93  99.65 100.28 100.01  99.19  98.37  97.96
  97.21  98.76  97.83  96.18  97.88  96.56  96.87  98.4   98.92  97.21
  98.91]
episode: 19000 | option price [225.84 199.21 228.76 218.74 195.34 218.48 193.73 140.52 101.85  73.98
  48.71  85.85  53.36  18.92  46.73  17.94  15.28  38.98  39.17   1.99
   0.  ]

{'path_row': 20001, 'model_params': {'mu': 0.05, 'vol': 0.2, 'volvol': 0.6, 'beta': 1.0, 'rho': -0.4}}
episode: 20000 | final wealth: -269.62; so far mean and variance of final wealth was -206.4014284315435 and 78466.14213162583
episode: 20000 | so far Y(0): 626.58
episode: 20000 | rewards: [ -95.54  -17.98   10.94    4.38  -33.46  109.68  -36.84   23.53    3.73
   -1.45    0.24   30.99  -79.18 -111.96  -17.89  -75.72   -1.97  133.85
   37.99 -152.93]
episode: 20000 | action taken: [[79.45]
 [89.85]
 [92.51]
 [93.7 ]
 [94.16]
 [94.29]
 [94.3 ]
 [94.16]
 [93.75]
 [92.59]
 [91.36]
 [89.97]
 [89.4 ]
 [89.58]
 [90.01]
 [91.03]
 [92.87]
 [93.8 ]
 [92.58]
 [89.5 ]]
episode: 20000 | deltas [51.13 49.05 45.52 47.22 47.66 38.1  54.69 48.33 50.97 51.54 47.63 47.31
 53.53 33.5  14.75  9.96  3.83  1.59  3.8   1.11  0.  ]
episode: 20000 | stock price [100.    99.69  99.23  99.47  99.54  98.45 100.42  99.71 100.01 100.07
  99.7   99.67 100.25  98.47  96.64  96.34  95.41  95.38  96.84  97.24
  96.52]
episode: 20000 | option price [225.84 216.11 182.32 191.   191.78 121.85 198.27 167.42 172.61 174.19
 139.51 135.8  155.83  74.6   23.28  12.9    3.83   1.18   2.64   0.45
   0.  ]

{'path_row': 21001, 'model_params': {'mu': 0.05, 'vol': 0.2, 'volvol': 0.6, 'beta': 1.0, 'rho': -0.4}}
episode: 21000 | final wealth: -87.80; so far mean and variance of final wealth was -206.54517401702705 and 78345.21568958525
episode: 21000 | so far Y(0): 626.40
episode: 21000 | rewards: [ -49.9    48.08   -2.29   15.02    1.11    0.36   21.74    0.11    9.58
    4.29   -0.08   -2.34  -14.11   -6.82   -8.61   -1.05   21.34   -7.19
  -12.37 -104.67]
episode: 21000 | action taken: [[79.45]
 [90.58]
 [93.45]
 [94.47]
 [94.66]
 [94.63]
 [94.55]
 [94.48]
 [93.82]
 [92.63]
 [91.17]
 [89.77]
 [89.08]
 [89.09]
 [89.37]
 [89.57]
 [90.77]
 [91.12]
 [89.38]
 [81.71]]
episode: 21000 | deltas [ 51.13  57.19  75.    74.43  77.75  75.95  75.03  84.06  80.42  85.44
  88.85  93.98  96.62  99.23  99.79  99.94  99.98  99.88 100.   100.
 100.  ]
episode: 21000 | stock price [100.   100.81 103.46 103.29 103.63 103.11 102.87 104.28 103.26 103.93
 104.39 105.46 106.03 107.6  108.28 109.08 109.16 106.7  107.47 108.46
 108.87]
episode: 21000 | option price [225.84 250.11 428.53 412.05 428.37 377.52 355.17 466.79 370.03 422.23
 459.29 555.33 607.53 760.68 828.35 907.65 915.9  669.89 747.41 846.36
 886.67]

{'path_row': 22001, 'model_params': {'mu': 0.05, 'vol': 0.2, 'volvol': 0.6, 'beta': 1.0, 'rho': -0.4}}
episode: 22000 | final wealth: -326.38; so far mean and variance of final wealth was -206.64460985537463 and 78349.23401863927
episode: 22000 | so far Y(0): 626.51
episode: 22000 | rewards: [ -73.13   53.65   -4.47 -143.35   40.5    14.28  -49.39   12.3   111.56
    4.68   70.66   -6.27  -47.97  -48.12 -124.79  140.51 -118.7    -7.56
   16.92 -167.7 ]
episode: 22000 | action taken: [[79.45]
 [90.16]
 [93.13]
 [94.26]
 [94.06]
 [94.25]
 [94.37]
 [94.06]
 [93.56]
 [92.59]
 [91.37]
 [90.  ]
 [89.11]
 [89.21]
 [89.63]
 [90.73]
 [92.37]
 [93.48]
 [92.29]
 [89.07]]
episode: 22000 | deltas [51.13 52.11 65.66 65.06 38.32 41.79 43.11 35.41 35.75 52.86 51.34 73.23
 67.83 47.46 32.17 10.76 27.31  6.63  4.01  0.85  0.  ]
episode: 22000 | stock price [100.   100.14 102.08 101.97  98.35  98.88  99.07  98.15  98.26 100.21
 100.05 102.14 101.48  99.75  98.62  96.72  98.56  96.94  96.83  97.
  96.11]
episode: 22000 | option price [225.84 230.32 339.43 331.24 131.88 141.52 144.79 107.36 105.08 175.19
 155.11 273.76 219.24 112.36  59.25  13.18  38.55   5.75   2.85   0.35
   0.  ]

{'path_row': 23001, 'model_params': {'mu': 0.05, 'vol': 0.2, 'volvol': 0.6, 'beta': 1.0, 'rho': -0.4}}
episode: 23000 | final wealth: -36.47; so far mean and variance of final wealth was -206.55732291096618 and 78408.81280748172
episode: 23000 | so far Y(0): 626.58
episode: 23000 | rewards: [-103.85  -95.38   -6.98   -5.08  -21.63   81.68   43.03   52.72    5.58
  -53.94 -151.67   95.51  -26.14  -68.58  146.93  -41.9     3.18  141.42
   76.33 -107.71]
episode: 23000 | action taken: [[79.45]
 [89.54]
 [91.94]
 [93.09]
 [93.79]
 [94.19]
 [94.26]
 [94.13]
 [93.74]
 [92.57]
 [91.26]
 [90.28]
 [89.91]
 [89.93]
 [90.32]
 [91.12]
 [92.77]
 [93.64]
 [92.54]
 [88.95]]
episode: 23000 | deltas [51.13 46.34 35.65 32.62 32.74 29.34 37.38 40.81 50.41 49.63 40.09 20.6
 26.69 22.2  13.76 25.39 15.57 10.16 27.29 45.91  0.  ]
episode: 23000 | stock price [100.    99.33  97.74  97.44  97.42  97.    98.23  98.78  99.93  99.85
  98.74  96.24  97.45  96.99  95.98  97.86  97.13  97.06  98.81  99.84
  99.1 ]
episode: 23000 | option price [225.84 190.21 132.07 109.6  111.68  93.11 126.78 135.28 191.06 177.35
 127.33  49.63  62.46  47.26  24.4   46.82  22.1   10.77  31.97  50.01
   0.  ]

{'path_row': 24001, 'model_params': {'mu': 0.05, 'vol': 0.2, 'volvol': 0.6, 'beta': 1.0, 'rho': -0.4}}
episode: 24000 | final wealth: -14.53; so far mean and variance of final wealth was -205.7965310667308 and 77832.60331705303
episode: 24000 | so far Y(0): 624.27
episode: 24000 | rewards: [-183.18   37.45   96.37  -41.64   15.13  -35.09  -36.71   -4.9   110.14
   37.25   23.26    9.51    9.86   -3.26   11.14    4.31   -7.21   10.61
   12.63  -80.18]
episode: 24000 | action taken: [[79.45]
 [88.54]
 [91.7 ]
 [93.8 ]
 [94.41]
 [94.5 ]
 [94.34]
 [94.15]
 [93.65]
 [92.7 ]
 [91.41]
 [89.97]
 [89.03]
 [88.8 ]
 [89.13]
 [89.75]
 [91.08]
 [91.47]
 [90.07]
 [84.59]]
episode: 24000 | deltas [ 51.13  38.82  45.99  64.95  58.8   61.74  54.61  45.26  43.34  63.6
  72.49  79.84  82.    88.04  80.15  88.06  91.38  98.82  97.88  97.82
 100.  ]
episode: 24000 | stock price [100.    98.27  99.28 101.99 101.14 101.59 100.5   99.24  99.02 101.6
 102.67 103.49 103.48 104.1  102.83 103.61 103.84 105.67 104.3  102.93
 102.23]
episode: 24000 | option price [225.84 145.22 188.21 337.   296.05 322.85 255.14 172.8  156.92 287.85
 348.87 399.02 387.08 431.84 321.8  380.29 395.29 568.02 431.75 294.42
 223.32]

{'path_row': 25001, 'model_params': {'mu': 0.05, 'vol': 0.2, 'volvol': 0.6, 'beta': 1.0, 'rho': -0.4}}
episode: 25000 | final wealth: -629.97; so far mean and variance of final wealth was -205.14095711577056 and 77371.79756882132
episode: 25000 | so far Y(0): 622.38
episode: 25000 | rewards: [-174.44   37.88  -59.66  -11.11   95.92  -94.67   31.    -88.37   66.99
  -46.06  -46.35   -2.71 -166.4   -39.98    7.02 -174.92  -80.52  -79.04
  109.99   85.48]
episode: 25000 | action taken: [[79.45]
 [88.63]
 [91.78]
 [93.2 ]
 [93.78]
 [94.27]
 [94.22]
 [94.04]
 [93.25]
 [92.37]
 [91.05]
 [90.2 ]
 [89.92]
 [89.94]
 [90.16]
 [90.98]
 [92.25]
 [93.03]
 [92.15]
 [89.84]]
episode: 25000 | deltas [51.13 39.36 46.49 40.44 38.08 50.26 33.95 36.17 26.35 33.21 24.23 19.21
 17.51  4.95  2.77  1.91  0.12  0.01  0.    0.    0.  ]
episode: 25000 | stock price [100.    98.36  99.36  98.43  98.14  99.89  97.81  98.19  96.83  97.83
  96.9   96.23  96.14  93.96  93.48  93.54  91.61  90.75  89.9   91.11
  93.01]
episode: 25000 | option price [225.84 147.64 189.56 160.77 143.07 210.76 108.57 113.86  74.07  99.82
  59.25  43.09  36.67   7.13   3.42   2.06   0.09   0.     0.     0.
   0.  ]

{'path_row': 26001, 'model_params': {'mu': 0.05, 'vol': 0.2, 'volvol': 0.6, 'beta': 1.0, 'rho': -0.4}}
episode: 26000 | final wealth: -35.66; so far mean and variance of final wealth was -205.13538147103714 and 77452.93801537296
episode: 26000 | so far Y(0): 622.59
episode: 26000 | rewards: [ -76.15   -8.79   76.09  -25.64  -20.6   -73.66  -36.13  135.89    6.9
 -134.21   26.85   30.84   12.36   63.59   28.47   49.08   17.89   10.81
  -15.55 -103.72]
episode: 26000 | action taken: [[79.45]
 [89.68]
 [92.41]
 [93.98]
 [94.41]
 [94.42]
 [94.34]
 [94.04]
 [93.77]
 [92.61]
 [91.15]
 [90.21]
 [89.73]
 [89.62]
 [89.59]
 [90.48]
 [91.87]
 [92.58]
 [91.38]
 [86.71]]
episode: 26000 | deltas [ 51.13  46.96  44.73  61.82  56.57  50.74  38.6   32.19  54.9   53.77
  29.99  33.99  36.05  38.07  50.36  55.97  72.78  83.37  95.71 100.
 100.  ]
episode: 26000 | stock price [100.    99.48  99.25 101.35 100.69  99.98  98.53  97.82 100.45 100.31
  97.73  98.2   98.56  98.78  99.97 100.44 101.69 102.46 103.54 105.63
 106.14]
episode: 26000 | option price [225.84 177.41 155.33 270.53 232.4  185.01 122.43  90.98 202.44 181.64
  76.42  90.77  91.28  97.86 141.   154.86 218.02 269.38 357.96 562.95
 613.69]

{'path_row': 27001, 'model_params': {'mu': 0.05, 'vol': 0.2, 'volvol': 0.6, 'beta': 1.0, 'rho': -0.4}}
episode: 27000 | final wealth: -164.30; so far mean and variance of final wealth was -205.64924087858574 and 77560.3123322802
episode: 27000 | so far Y(0): 623.39
episode: 27000 | rewards: [ -66.74  -62.17  -23.37   62.32   62.08  -11.56  -25.21    0.51   19.27
  -60.99  -35.7   -98.16    7.32 -112.96  -86.94  -88.37   49.74   84.77
  166.23   55.64]
episode: 27000 | action taken: [[79.45]
 [90.75]
 [93.1 ]
 [93.81]
 [94.37]
 [94.54]
 [94.47]
 [94.19]
 [93.81]
 [92.69]
 [91.33]
 [90.18]
 [89.95]
 [89.92]
 [90.29]
 [91.08]
 [92.65]
 [93.77]
 [92.41]
 [89.32]]
episode: 27000 | deltas [51.13 60.13 50.52 45.39 56.59 69.21 66.03 57.83 56.19 60.15 43.69 37.84
 24.79 24.16 10.05  4.64  1.76  1.97  1.99  4.67  0.  ]
episode: 27000 | stock price [100.   101.26  99.92  99.25 100.75 102.46 101.98 100.83 100.6  101.04
  99.27  98.63  97.05  97.09  95.4   94.32  93.32  93.87  94.78  96.62
  98.21]
episode: 27000 | option price [225.84 288.26 216.54 175.19 252.52 351.34 317.76 233.83 211.95 233.4
 128.96 105.43  59.72  55.54  16.26   6.15   1.91   2.05   1.78   3.77
   0.  ]

{'path_row': 28001, 'model_params': {'mu': 0.05, 'vol': 0.2, 'volvol': 0.6, 'beta': 1.0, 'rho': -0.4}}
episode: 28000 | final wealth: -326.07; so far mean and variance of final wealth was -205.4997170574846 and 77423.33879394893
episode: 28000 | so far Y(0): 622.88
episode: 28000 | rewards: [-182.43   28.88   24.66  -41.43    4.39  -34.66   26.35   10.94  -38.02
 -190.65  161.58 -117.72  127.84 -164.22  104.39  119.03    1.1   -30.34
 -101.84  -33.9 ]
episode: 28000 | action taken: [[79.45]
 [88.71]
 [91.78]
 [93.42]
 [93.89]
 [94.2 ]
 [94.22]
 [94.05]
 [93.52]
 [92.31]
 [90.84]
 [90.2 ]
 [89.86]
 [89.95]
 [90.25]
 [91.22]
 [92.77]
 [93.62]
 [92.43]
 [89.45]]
episode: 28000 | deltas [51.13 40.73 45.6  47.41 41.53 41.03 35.37 36.61 34.01 29.02 10.29 21.8
  9.56 16.75  5.21  8.59 16.28 12.71  5.13  0.1   0.  ]
episode: 28000 | stock price [100.    98.44  99.18  99.49  98.68  98.65  97.94  98.21  98.1   97.49
  94.81  96.91  95.27  96.83  94.77  95.98  97.41  97.36  96.93  95.8
  96.42]
episode: 28000 | option price [225.84 166.01 194.23 194.75 158.59 151.34 118.24 117.94  95.87  76.68
  18.92  46.59  15.4   27.93   6.72  11.12  21.79  14.18   3.93   0.04
   0.  ]

{'path_row': 29001, 'model_params': {'mu': 0.05, 'vol': 0.2, 'volvol': 0.6, 'beta': 1.0, 'rho': -0.4}}
episode: 29000 | final wealth: -117.24; so far mean and variance of final wealth was -205.35761349917772 and 77332.71178709892
episode: 29000 | so far Y(0): 622.49
episode: 29000 | rewards: [-72.04  59.84  -3.24 -10.49  23.49  10.14  40.46  -5.15  -9.86  24.22
   0.34  -1.22 -10.16  21.05  -3.53 -15.85 -21.01 -25.08 -22.72 -96.41]
episode: 29000 | action taken: [[79.45]
 [90.2 ]
 [93.16]
 [94.3 ]
 [94.53]
 [94.57]
 [94.57]
 [94.53]
 [93.87]
 [92.68]
 [91.23]
 [89.83]
 [89.24]
 [89.2 ]
 [89.09]
 [89.46]
 [90.74]
 [90.4 ]
 [87.7 ]
 [83.44]]
episode: 29000 | deltas [ 51.13  52.5   67.76  67.48  64.29  69.36  73.41  84.71  81.1   76.86
  88.97  93.02  95.52  98.2   93.38  96.68  99.36  99.99 100.   100.
 100.  ]
episode: 29000 | stock price [100.   100.19 102.39 102.33 101.8  102.49 103.24 104.99 104.09 103.32
 105.39 106.39 106.97 108.35 105.6  106.51 108.37 110.56 113.14 114.73
 114.49]
episode: 29000 | option price [ 225.84  233.26  358.94  353.75  313.39  355.18  415.66  540.56  460.67
  397.74  563.46  653.51  705.45  837.74  571.38  655.81  837.63 1056.51
 1313.79 1473.27 1449.08]

{'path_row': 30001, 'model_params': {'mu': 0.05, 'vol': 0.2, 'volvol': 0.6, 'beta': 1.0, 'rho': -0.4}}
episode: 30000 | final wealth: 2.20; so far mean and variance of final wealth was -205.94738116460388 and 77464.9230323448
episode: 30000 | so far Y(0): 623.44
episode: 30000 | rewards: [-60.55 -21.05  18.03  56.12  35.53   5.92 -17.41  27.91   5.96  -3.63
  12.44  -0.8    3.97   4.36   1.19   6.91   5.95   1.92  -1.32 -79.27]
episode: 30000 | action taken: [[79.45]
 [90.62]
 [93.12]
 [94.19]
 [94.57]
 [94.68]
 [94.63]
 [94.27]
 [93.8 ]
 [92.65]
 [91.35]
 [89.84]
 [88.97]
 [88.87]
 [89.16]
 [89.98]
 [91.48]
 [92.23]
 [91.01]
 [86.32]]
episode: 30000 | deltas [ 51.13  57.5   54.82  59.2   71.38  81.51  80.52  70.76  82.05  83.24
  81.1   92.84  93.92  93.74  86.92  80.24  83.06  92.86  97.76  99.93
 100.  ]
episode: 30000 | stock price [100.   100.88 100.51 101.11 102.83 104.4  103.78 102.13 103.58 103.5
 103.16 104.83 104.96 104.56 103.18 102.15 102.16 102.98 103.31 103.47
 102.44]
episode: 30000 | option price [225.84 264.88 240.3  276.37 380.77 493.73 428.29 289.84 398.25 384.71
 355.04 493.76 505.22 464.19 336.96 244.34 237.12 304.67 332.12 346.79
 244.1 ]

{'path_row': 31001, 'model_params': {'mu': 0.05, 'vol': 0.2, 'volvol': 0.6, 'beta': 1.0, 'rho': -0.4}}
episode: 31000 | final wealth: -2.72; so far mean and variance of final wealth was -205.54098580490444 and 77192.19242851417
episode: 31000 | so far Y(0): 622.29
episode: 31000 | rewards: [-78.23  43.5   57.74 -15.81   3.92  -2.68 -21.75 -17.7    9.83 -31.79
  43.75  -8.31 -71.68 129.2   -9.96  35.71  10.65   6.67   7.76 -93.52]
episode: 31000 | action taken: [[79.45]
 [90.04]
 [93.04]
 [94.37]
 [94.61]
 [94.61]
 [94.53]
 [94.2 ]
 [93.82]
 [92.68]
 [91.38]
 [90.  ]
 [89.29]
 [89.51]
 [89.37]
 [90.27]
 [91.62]
 [92.29]
 [91.13]
 [86.71]]
episode: 31000 | deltas [ 51.13  50.75  61.82  75.27  72.24  72.37  70.76  63.2   57.36  58.48
  50.7   62.33  58.08  37.71  75.18  65.21  81.75  90.79  90.77  93.
 100.  ]
episode: 31000 | stock price [100.    99.95 101.53 103.46 103.07 103.   102.67 101.51 100.75 100.85
  99.98 101.28 100.76  98.74 102.39 101.21 102.48 103.15 102.49 101.95
 102.28]
episode: 31000 | option price [225.84 220.53 307.86 426.68 404.16 393.28 365.18 277.06 222.5  222.06
 172.22 245.67 205.8   96.57 293.57 198.17 275.76 325.77 257.2  198.72
 228.25]

{'path_row': 32001, 'model_params': {'mu': 0.05, 'vol': 0.2, 'volvol': 0.6, 'beta': 1.0, 'rho': -0.4}}
episode: 32000 | final wealth: -22.56; so far mean and variance of final wealth was -205.79045032481355 and 77250.42389485695
episode: 32000 | so far Y(0): 622.70
episode: 32000 | rewards: [-170.26   48.06   74.89   50.37   39.12   11.      4.03   -3.67   -3.09
   -2.1     0.8     7.61    3.9    -3.59  -11.53   11.51   -4.04   -4.91
  -10.67  -59.99]
episode: 32000 | action taken: [[79.45]
 [88.76]
 [91.94]
 [93.86]
 [94.55]
 [94.73]
 [94.77]
 [94.62]
 [93.94]
 [92.67]
 [91.32]
 [89.93]
 [88.98]
 [88.79]
 [88.92]
 [89.37]
 [90.66]
 [91.14]
 [89.51]
 [82.12]]
episode: 32000 | deltas [ 51.13  40.75  48.63  63.38  75.24  87.34  91.56  94.43  89.4   85.9
  82.45  83.73  88.67  88.89  96.41  99.19  98.81  99.76  99.99 100.
 100.  ]
episode: 32000 | stock price [100.    98.49  99.65 101.76 103.53 105.49 106.07 106.73 105.19 104.28
 103.46 103.63 104.1  103.84 105.32 106.68 105.52 105.91 106.42 107.27
 105.32]
episode: 32000 | option price [225.84 161.2  206.32 321.9  436.04 581.19 625.01 683.67 541.6  458.37
 383.34 396.09 429.86 401.22 536.62 668.53 553.41 590.75 641.93 726.99
 531.58]

{'path_row': 33001, 'model_params': {'mu': 0.05, 'vol': 0.2, 'volvol': 0.6, 'beta': 1.0, 'rho': -0.4}}
episode: 33000 | final wealth: -67.49; so far mean and variance of final wealth was -205.92663683953293 and 77380.12870675835
episode: 33000 | so far Y(0): 623.19
episode: 33000 | rewards: [-182.04  -19.62  -61.04   59.71  -92.56  186.21   12.14  -10.15  -18.57
  -18.62   17.09  -57.09   71.32   74.65   21.11   69.9    -7.03    2.06
    3.88 -118.87]
episode: 33000 | action taken: [[79.45]
 [88.54]
 [91.38]
 [92.85]
 [93.65]
 [94.16]
 [94.31]
 [94.17]
 [93.68]
 [92.51]
 [91.2 ]
 [90.18]
 [89.88]
 [89.69]
 [89.62]
 [90.51]
 [91.62]
 [91.82]
 [90.38]
 [84.85]]
episode: 33000 | deltas [ 51.13  38.7   37.92  31.42  36.97  28.35  48.15  49.96  44.86  39.26
  34.9   35.18  26.7   36.1   49.03  51.53  89.76  98.47  99.24  99.92
 100.  ]
episode: 33000 | stock price [100.    98.27  98.12  97.13  98.05  96.65  99.63  99.86  99.29  98.71
  98.28  98.43  97.49  98.6   99.86 100.07 103.58 105.81 105.64 105.13
 106.62]
episode: 33000 | option price [225.84 143.61 141.46 108.69 132.74  93.9  187.49 197.47 153.06 117.45
  95.28  90.31  61.58  89.52 127.86 125.49 372.17 582.04 564.39 513.52
 661.76]

{'path_row': 34001, 'model_params': {'mu': 0.05, 'vol': 0.2, 'volvol': 0.6, 'beta': 1.0, 'rho': -0.4}}
episode: 34000 | final wealth: 24.27; so far mean and variance of final wealth was -206.40792925156575 and 77685.62344976468
episode: 34000 | so far Y(0): 624.49
episode: 34000 | rewards: [-65.9  -72.74  40.2   90.55  32.05  15.01  -4.22  12.99   0.55   7.39
  -3.29 -32.57   0.99  31.48  12.36  14.21  -1.55   3.07  16.72 -73.04]
episode: 34000 | action taken: [[79.45]
 [90.65]
 [92.98]
 [94.05]
 [94.54]
 [94.66]
 [94.71]
 [94.47]
 [93.9 ]
 [92.84]
 [91.29]
 [89.87]
 [90.02]
 [89.72]
 [89.16]
 [89.48]
 [90.88]
 [91.48]
 [90.07]
 [84.71]]
episode: 34000 | deltas [ 51.13  57.97  47.25  53.81  71.01  80.41  85.86  81.55  87.61  88.78
  92.4   96.16  99.72  99.81  98.32  97.64  93.04  97.72  99.02  95.2
 100.  ]
episode: 34000 | stock price [100.   100.97  99.45 100.38 102.73 104.19 105.15 103.97 105.03 105.33
 105.69 106.8  110.45 110.34 107.06 105.81 103.89 104.6  104.33 102.28
 101.26]
episode: 34000 | option price [ 225.84  274.38  197.94  241.22  370.98  476.67  551.79  444.23  531.01
  558.45  583.12  686.35 1045.12 1034.57  708.59  583.99  397.3   461.76
  433.43  230.6   126.33]

{'path_row': 35001, 'model_params': {'mu': 0.05, 'vol': 0.2, 'volvol': 0.6, 'beta': 1.0, 'rho': -0.4}}
episode: 35000 | final wealth: -18.54; so far mean and variance of final wealth was -206.85363505790073 and 77912.04066040038
episode: 35000 | so far Y(0): 625.54
episode: 35000 | rewards: [ -59.57   34.03   59.51   20.6     4.72    2.48   -2.17   -4.58    3.24
   -1.5     1.34   16.32    1.57   14.96    0.65   -3.31    1.18   -9.22
    5.34 -104.15]
episode: 35000 | action taken: [[79.45]
 [90.38]
 [93.2 ]
 [94.43]
 [94.75]
 [94.84]
 [94.77]
 [94.55]
 [93.97]
 [93.05]
 [91.78]
 [90.31]
 [89.37]
 [89.07]
 [89.02]
 [89.41]
 [90.69]
 [91.17]
 [89.5 ]
 [82.6 ]]
episode: 35000 | deltas [ 51.13  54.39  63.29  81.26  88.86  94.98  95.1   98.37  99.35  99.1
  99.64  99.7   99.    99.47  97.91  98.09  99.44  99.73 100.   100.
 100.  ]
episode: 35000 | stock price [100.   100.45 101.64 104.43 105.63 107.72 107.38 109.13 110.25 109.54
 109.74 109.42 107.48 107.3  105.74 105.7  106.12 105.88 106.88 106.2
 106.7 ]
episode: 35000 | option price [ 225.84  238.47  300.56  497.81  589.51  782.32  748.05  916.   1025.77
  955.68  974.29  942.06  749.33  730.55  576.17  571.97  612.39  587.77
  688.25  620.36  670.15]

{'path_row': 36001, 'model_params': {'mu': 0.05, 'vol': 0.2, 'volvol': 0.6, 'beta': 1.0, 'rho': -0.4}}
episode: 36000 | final wealth: -138.77; so far mean and variance of final wealth was -207.192710601003 and 78068.10734518793
episode: 36000 | so far Y(0): 626.30
episode: 36000 | rewards: [ -83.67 -129.    -42.76   68.58 -111.12   71.24   55.43  -27.82   33.61
   63.07  -19.59  -25.01   59.25   24.14  -50.45  -78.2    13.02   -6.69
  167.72 -120.51]
episode: 36000 | action taken: [[79.45]
 [89.83]
 [91.98]
 [93.1 ]
 [93.79]
 [94.22]
 [94.16]
 [93.97]
 [93.26]
 [92.24]
 [91.18]
 [90.29]
 [89.92]
 [89.76]
 [89.81]
 [90.8 ]
 [92.67]
 [93.65]
 [92.42]
 [89.  ]]
episode: 36000 | deltas [51.13 48.67 30.68 25.97 31.28 19.1  27.37 28.62 23.83 27.22 34.39 28.51
 23.11 29.37 29.27 17.03  7.05  5.67  2.67 11.59  0.  ]
episode: 36000 | stock price [100.    99.67  97.22  96.54  97.48  95.79  96.9   97.44  96.94  97.42
  98.34  97.87  97.4   98.21  98.41  97.53  96.51  96.64  96.55  98.43
  98.02]
episode: 36000 | option price [225.84 201.93  98.64  77.38  95.2   47.19  79.84  75.22  56.31  66.41
  87.57  62.74  45.    57.77  51.21  22.73   7.16   4.96   1.77   7.27
   0.  ]

{'path_row': 37001, 'model_params': {'mu': 0.05, 'vol': 0.2, 'volvol': 0.6, 'beta': 1.0, 'rho': -0.4}}
episode: 37000 | final wealth: -172.73; so far mean and variance of final wealth was -207.24282160496122 and 78195.05016598762
episode: 37000 | so far Y(0): 626.69
episode: 37000 | rewards: [ -76.66   47.57    4.15   20.87    4.74   22.75    2.62   -6.89    2.55
    4.82   -4.35   -8.7     3.12   -1.59   -8.11   12.59  -36.75   -3.3
  -11.05 -141.09]
episode: 37000 | action taken: [[79.45]
 [90.74]
 [93.49]
 [94.48]
 [94.68]
 [94.68]
 [94.76]
 [94.61]
 [93.95]
 [92.87]
 [91.3 ]
 [89.92]
 [89.52]
 [89.19]
 [89.41]
 [89.6 ]
 [90.78]
 [90.1 ]
 [87.32]
 [81.1 ]]
episode: 37000 | deltas [ 51.13  59.67  74.01  75.58  80.04  80.8   90.89  93.88  88.04  88.89
  91.95  97.6   99.02  98.9   99.5   99.92  99.87 100.   100.   100.
 100.  ]
episode: 37000 | stock price [100.   101.25 103.45 103.68 104.15 104.14 106.14 107.11 105.41 105.43
 105.89 107.64 108.59 108.24 108.44 109.23 107.99 111.85 112.1  112.73
 114.87]
episode: 37000 | option price [ 225.84  297.52  437.09  451.12  473.98  468.37  634.4   723.57  569.8
  568.59  605.    767.86  860.66  825.58  844.43  922.93  799.47 1184.61
 1210.38 1272.85 1487.06]

{'path_row': 38001, 'model_params': {'mu': 0.05, 'vol': 0.2, 'volvol': 0.6, 'beta': 1.0, 'rho': -0.4}}
episode: 38000 | final wealth: -56.38; so far mean and variance of final wealth was -207.0892808791183 and 78167.5919875619
episode: 38000 | so far Y(0): 626.47
episode: 38000 | rewards: [-186.49   89.36  -27.97  -37.63  -94.1    47.85    9.52   19.55   -8.76
   39.93  -86.59   83.24   99.72   65.29   28.47   -0.6    -5.56   20.85
   -6.44 -106.01]
episode: 38000 | action taken: [[79.45]
 [88.5 ]
 [91.96]
 [93.54]
 [93.94]
 [94.24]
 [94.2 ]
 [93.99]
 [93.41]
 [92.31]
 [91.16]
 [90.29]
 [89.86]
 [89.53]
 [89.5 ]
 [90.25]
 [91.76]
 [92.82]
 [91.72]
 [87.62]]
episode: 38000 | deltas [ 51.13  38.41  53.36  49.05  41.18  26.31  29.68  28.35  27.87  26.21
  30.28  15.97  24.14  42.64  64.32  84.33  77.74  67.48  92.71  99.96
 100.  ]
episode: 38000 | stock price [100.    98.22 100.31  99.73  98.76  96.98  97.58  97.58  97.72  97.57
  98.11  96.74  97.84  99.44 100.87 102.18 101.46 100.73 101.96 103.14
 104.  ]
episode: 38000 | option price [225.84 142.13 227.26 198.85 143.74  70.54  78.88  69.55  62.84  57.03
  66.17  26.23  41.77  85.57 147.81 236.62 171.03 108.15 200.67 314.17
 400.11]

{'path_row': 39001, 'model_params': {'mu': 0.05, 'vol': 0.2, 'volvol': 0.6, 'beta': 1.0, 'rho': -0.4}}
episode: 39000 | final wealth: -663.68; so far mean and variance of final wealth was -206.6384509441037 and 77868.89763478814
episode: 39000 | so far Y(0): 625.21
episode: 39000 | rewards: [ -50.05  -73.1    41.1    -3.26   23.99  -13.82  -10.28   10.09 -137.97
  -43.51   84.19   70.02  -59.07 -123.72    9.09   15.65 -223.72 -114.6
   99.44 -164.14]
episode: 39000 | action taken: [[79.45]
 [90.59]
 [92.91]
 [93.94]
 [94.27]
 [94.4 ]
 [94.39]
 [94.16]
 [93.67]
 [92.17]
 [90.93]
 [90.26]
 [89.76]
 [89.82]
 [90.28]
 [91.24]
 [92.94]
 [93.83]
 [92.62]
 [89.99]]
episode: 39000 | deltas [51.13 57.39 44.53 50.5  48.42 51.03 45.61 42.19 42.44 20.1  18.17 25.32
 32.41 20.6   6.78  6.61  5.53  0.08  0.    0.    0.  ]
episode: 39000 | stock price [100.   100.83  99.18  99.94  99.71 100.02  99.47  99.15  99.22  96.95
  96.47  97.58  98.51  97.51  95.84  95.94  96.1   93.65  92.44  93.53
  92.66]
episode: 39000 | option price [225.84 251.73 162.8  190.39 170.66 175.34 137.18 117.56 113.38  38.74
  36.25  52.14  65.18  33.68   7.97   7.5    5.53   0.04   0.     0.
   0.  ]

{'path_row': 40001, 'model_params': {'mu': 0.05, 'vol': 0.2, 'volvol': 0.6, 'beta': 1.0, 'rho': -0.4}}
episode: 40000 | final wealth: -615.47; so far mean and variance of final wealth was -206.9883369792222 and 78096.04883147811
episode: 40000 | so far Y(0): 626.17
episode: 40000 | rewards: [ -61.47   -7.83  -78.39   17.23   10.05  -17.21   42.21  -44.09 -125.92
   26.72  -86.3    65.09  -42.37   -8.29   39.18  -90.66   34.79   84.9
 -126.41 -246.72]
episode: 40000 | action taken: [[79.45]
 [90.71]
 [93.28]
 [93.85]
 [94.21]
 [94.29]
 [94.37]
 [94.17]
 [93.62]
 [92.04]
 [90.93]
 [90.09]
 [89.9 ]
 [90.06]
 [90.37]
 [91.28]
 [93.01]
 [93.84]
 [92.55]
 [89.7 ]]
episode: 40000 | deltas [51.13 59.44 60.41 45.28 47.59 44.85 41.95 47.88 38.23 18.1  21.28 12.57
 14.05  8.57  7.39  7.14  1.59  0.71  0.79  0.    0.  ]
episode: 40000 | stock price [100.   101.15 101.29  99.24  99.56  99.3   98.97  99.67  98.66  96.54
  96.94  95.77  96.5   95.91  95.8   96.22  95.16  95.55  96.46  95.1
  93.32]
episode: 40000 | option price [225.84 278.29 287.4  172.53 183.96 149.65 135.14 159.15 108.15  35.26
  43.79  21.85  22.19  11.26   9.19   7.87   1.23   0.41   0.38   0.
   0.  ]

{'path_row': 41001, 'model_params': {'mu': 0.05, 'vol': 0.2, 'volvol': 0.6, 'beta': 1.0, 'rho': -0.4}}
episode: 41000 | final wealth: 48.91; so far mean and variance of final wealth was -206.82508005017883 and 78022.1074829778
episode: 41000 | so far Y(0): 625.81
episode: 41000 | rewards: [-65.93 -35.25  76.33  37.25  37.67  21.73   1.45   0.37   3.78   2.34
   8.77   0.03   7.44   2.16 -13.69  21.86  -3.13  12.88   8.38 -75.54]
episode: 41000 | action taken: [[79.45]
 [90.19]
 [92.77]
 [94.12]
 [94.56]
 [94.72]
 [94.75]
 [94.61]
 [93.94]
 [93.  ]
 [91.56]
 [89.88]
 [88.98]
 [88.78]
 [89.01]
 [89.41]
 [90.85]
 [92.18]
 [91.08]
 [86.67]]
episode: 41000 | deltas [ 51.13  52.35  47.12  62.99  71.4   84.    93.56  93.13  88.72  96.58
  97.54  91.94  94.    90.73  94.    99.28  95.79  73.9   85.21  91.38
 100.  ]
episode: 41000 | stock price [100.   100.17  99.47 101.66 102.87 105.24 107.4  107.   105.15 107.51
 107.35 104.95 105.22 104.03 104.37 106.23 103.82 101.17 101.61 101.42
 100.53]
episode: 41000 | option price [225.84 225.62 186.88 310.96 385.82 572.4  754.47 715.4  539.86 756.95
 738.99 508.61 530.84 417.23 444.98 623.7  385.41 146.74 173.16 146.63
  53.14]

{'path_row': 42001, 'model_params': {'mu': 0.05, 'vol': 0.2, 'volvol': 0.6, 'beta': 1.0, 'rho': -0.4}}
episode: 42000 | final wealth: 26.59; so far mean and variance of final wealth was -206.84462685847998 and 78185.37617655804
episode: 42000 | so far Y(0): 626.27
episode: 42000 | rewards: [-98.62 -15.99 -17.44  64.68  32.43   0.53   5.09   9.42  53.08   8.19
  19.82   1.96   8.2  -31.34  41.46  16.32  -3.46  14.1    8.34 -90.19]
episode: 42000 | action taken: [[79.45]
 [89.79]
 [92.51]
 [93.54]
 [94.22]
 [94.44]
 [94.36]
 [94.18]
 [93.82]
 [92.74]
 [91.38]
 [89.9 ]
 [89.  ]
 [88.79]
 [89.23]
 [90.  ]
 [91.39]
 [92.44]
 [91.35]
 [87.13]]
episode: 42000 | deltas [ 51.13  48.5   46.62  41.42  52.05  58.08  57.84  56.81  57.55  69.84
  74.65  82.76  82.08  84.62  62.43  79.22  86.65  77.49  84.18  90.27
 100.  ]
episode: 42000 | stock price [100.    99.62  99.36  98.73 100.13 100.93 100.89 100.72 100.79 102.23
 103.   104.12 103.8  103.9  101.07 102.51 102.82 101.67 101.69 101.59
 101.82]
episode: 42000 | option price [225.84 212.11 194.92 151.17 216.78 259.04 254.43 233.05 229.72 311.36
 373.58 455.09 422.77 422.9  202.05 288.99 299.59 196.2  183.01 164.74
 181.55]

{'path_row': 43001, 'model_params': {'mu': 0.05, 'vol': 0.2, 'volvol': 0.6, 'beta': 1.0, 'rho': -0.4}}
episode: 43000 | final wealth: -35.69; so far mean and variance of final wealth was -206.8799122761563 and 78077.46202687242
episode: 43000 | so far Y(0): 626.02
episode: 43000 | rewards: [-82.77  -5.51  42.36 -37.6   16.74  43.44 -33.13 -59.59  77.5   11.24
   8.32  12.41   2.53 -57.39  39.92  36.94  -1.68  18.54   7.94 -75.9 ]
episode: 43000 | action taken: [[79.45]
 [90.89]
 [93.4 ]
 [94.46]
 [94.57]
 [94.57]
 [94.63]
 [94.26]
 [93.79]
 [92.73]
 [91.4 ]
 [90.  ]
 [89.  ]
 [88.78]
 [89.33]
 [90.28]
 [91.66]
 [92.65]
 [91.45]
 [87.24]]
episode: 43000 | deltas [ 51.13  62.68  63.78  74.92  64.94  67.72  79.68  67.49  53.73  70.98
  74.77  78.24  86.21  80.86  50.12  61.52  80.49  73.79  96.55  94.73
 100.  ]
episode: 43000 | stock price [100.   101.66 101.81 103.58 101.93 102.26 104.1  102.05 100.33 102.35
 102.8  103.21 104.33 103.09  99.96 100.83 102.29 101.44 103.48 102.34
 101.28]
episode: 43000 | option price [225.84 317.7  325.22 445.29 325.7  340.44 470.86 309.32 207.03 318.14
 347.38 375.28 462.22 348.83 127.47 164.9  258.67 181.38 351.17 237.34
 128.  ]

{'path_row': 44001, 'model_params': {'mu': 0.05, 'vol': 0.2, 'volvol': 0.6, 'beta': 1.0, 'rho': -0.4}}
episode: 44000 | final wealth: -341.01; so far mean and variance of final wealth was -206.80324128283178 and 77927.236255571
episode: 44000 | so far Y(0): 625.53
episode: 44000 | rewards: [-254.76   43.54   27.68 -164.98   42.26   37.34   -5.52    9.71  114.14
   39.79  -78.93   47.33  -75.57   78.66  -28.36   52.19   -5.21 -199.44
  204.79 -225.66]
episode: 44000 | action taken: [[79.45]
 [87.91]
 [90.96]
 [92.95]
 [93.78]
 [94.2 ]
 [94.18]
 [93.93]
 [93.3 ]
 [92.47]
 [91.33]
 [90.32]
 [89.76]
 [89.85]
 [89.84]
 [90.8 ]
 [92.42]
 [93.43]
 [92.15]
 [88.59]]
episode: 44000 | deltas [51.13 34.99 38.89 42.11 23.09 26.66 30.58 26.14 28.19 41.78 47.17 30.4
 34.6  21.42 30.43 20.83 26.04 19.51  0.31  4.14  0.  ]
episode: 44000 | stock price [100.    97.65  98.37  98.85  96.16  96.76  97.33  97.01  97.21  98.99
  99.62  97.95  98.56  97.28  98.37  97.75  98.41  98.2   95.84  98.1
  96.53]
episode: 44000 | option price [225.84 127.77 138.94 151.82  64.83  77.83  93.99  68.9   78.22 129.54
 147.1   72.37  78.81  39.71  58.49  31.23  37.56  21.99   0.14   1.81
   0.  ]

{'path_row': 45001, 'model_params': {'mu': 0.05, 'vol': 0.2, 'volvol': 0.6, 'beta': 1.0, 'rho': -0.4}}
episode: 45000 | final wealth: -285.95; so far mean and variance of final wealth was -206.6505815474142 and 77856.9760591225
episode: 45000 | so far Y(0): 625.19
episode: 45000 | rewards: [ -71.01  -34.26  -21.45  -60.9   -80.1    32.38   89.15  -78.91  -91.98
   -4.58  -18.33   26.16   96.61  -44.15 -127.08   67.16  101.01  -19.8
   37.94  -83.79]
episode: 45000 | action taken: [[79.45]
 [90.81]
 [93.24]
 [93.94]
 [94.02]
 [94.26]
 [94.2 ]
 [94.12]
 [93.38]
 [91.86]
 [90.76]
 [90.02]
 [89.84]
 [89.86]
 [90.11]
 [91.11]
 [92.88]
 [93.7 ]
 [92.47]
 [89.35]]
episode: 45000 | deltas [51.13 61.3  56.16 47.89 37.25 26.06 29.66 40.33 28.18 16.12 15.2  13.02
 13.52 21.91 15.2   5.88  6.84  7.63  2.32  0.68  0.  ]
episode: 45000 | stock price [100.   101.43 100.7   99.63  98.37  97.01  97.5   98.86  97.49  96.1
  96.03  95.78  96.08  97.35  96.68  95.08  95.84  96.93  96.67  97.08
  97.14]
episode: 45000 | option price [225.84 298.83 254.75 174.   116.04  68.22  81.26 120.2   70.77  31.66
  28.81  23.18  23.1   40.75  24.36   7.56   8.09   7.13   1.41   0.26
   0.  ]

{'path_row': 46001, 'model_params': {'mu': 0.05, 'vol': 0.2, 'volvol': 0.6, 'beta': 1.0, 'rho': -0.4}}
episode: 46000 | final wealth: -13.59; so far mean and variance of final wealth was -206.53471460780048 and 77928.3257341828
episode: 46000 | so far Y(0): 625.27
episode: 46000 | rewards: [-69.46 -19.71  -8.    39.   -17.46  66.4  -50.04   2.    -1.86 -20.2
  56.21  27.56  39.84 -24.07  37.98   9.43 -10.03   1.02  23.98 -96.18]
episode: 46000 | action taken: [[79.45]
 [90.52]
 [93.04]
 [94.02]
 [94.43]
 [94.42]
 [94.39]
 [94.18]
 [93.73]
 [92.55]
 [91.29]
 [89.93]
 [89.3 ]
 [88.9 ]
 [89.33]
 [90.2 ]
 [91.64]
 [92.74]
 [91.76]
 [87.82]]
episode: 46000 | deltas [ 51.13  55.92  52.89  52.08  56.23  50.42  62.03  49.06  49.16  47.32
  40.01  52.32  58.32  73.39  56.41  75.62  83.71  68.53  62.8   95.44
 100.  ]
episode: 46000 | stock price [100.   100.69 100.25 100.14 100.66  99.94 101.23  99.81  99.83  99.66
  99.01 100.14 100.62 101.71 100.38 101.57 102.06 100.86 100.47 101.79
 102.16]
episode: 46000 | option price [225.84 262.97 231.77 226.72 236.53 185.06 240.43 157.   156.02 141.26
 100.92 146.46 160.36 217.24 122.97 190.28 224.34 122.71  84.5  181.01
 215.66]

{'path_row': 47001, 'model_params': {'mu': 0.05, 'vol': 0.2, 'volvol': 0.6, 'beta': 1.0, 'rho': -0.4}}
episode: 47000 | final wealth: -36.18; so far mean and variance of final wealth was -206.60575107329888 and 78066.87551241941
episode: 47000 | so far Y(0): 625.71
episode: 47000 | rewards: [ -52.51  -46.36   53.29   -6.19   64.36    7.3   -46.33   -5.62   63.13
    8.45   -2.14  -17.38   16.91    9.63   13.18    9.58    2.35    2.53
   -1.15 -109.2 ]
episode: 47000 | action taken: [[79.45]
 [90.63]
 [93.  ]
 [94.13]
 [94.43]
 [94.54]
 [94.47]
 [94.21]
 [93.76]
 [92.73]
 [91.4 ]
 [90.04]
 [89.33]
 [88.99]
 [89.27]
 [90.11]
 [91.48]
 [92.21]
 [91.02]
 [86.38]]
episode: 47000 | deltas [ 51.13  57.89  48.28  57.66  54.63  70.52  70.37  55.64  51.92  71.6
  74.28  72.25  59.49  66.69  71.03  79.56  89.9   95.2   97.47  99.79
 100.  ]
episode: 47000 | stock price [100.   100.91  99.67 100.8  100.42 102.22 102.03 100.47 100.11 101.93
 102.11 101.83 100.64 101.13 101.4  101.97 102.72 103.06 102.94 103.09
 104.15]
episode: 47000 | option price [225.84 258.05 180.08 229.47 198.97 304.61 279.28 178.12 149.28 256.82
 263.27 238.62 147.64 174.14 187.89 225.12 282.02 310.24 295.29 308.6
 414.68]

{'path_row': 48001, 'model_params': {'mu': 0.05, 'vol': 0.2, 'volvol': 0.6, 'beta': 1.0, 'rho': -0.4}}
episode: 48000 | final wealth: -148.90; so far mean and variance of final wealth was -206.9555179710016 and 78329.84652710795
episode: 48000 | so far Y(0): 626.77
episode: 48000 | rewards: [ -69.34  -15.97  -47.21   59.63   57.91   -9.9    70.4    33.74    5.99
   -4.13   -3.35    4.15    3.38    7.79    2.96   -2.25  -14.4  -122.32
   31.94 -137.92]
episode: 48000 | action taken: [[79.45]
 [90.21]
 [92.86]
 [93.64]
 [94.22]
 [94.46]
 [94.36]
 [94.35]
 [93.87]
 [92.77]
 [91.21]
 [89.96]
 [89.04]
 [88.79]
 [89.1 ]
 [89.82]
 [91.43]
 [92.62]
 [91.51]
 [87.34]]
episode: 48000 | deltas [51.13 52.63 50.75 41.67 50.55 61.35 57.57 76.46 89.1  91.34 88.6  82.24
 82.32 84.29 89.24 88.1  78.07 63.6  13.87 10.38  0.  ]
episode: 48000 | stock price [100.   100.21  99.95  98.79  99.94 101.29 100.78 103.2  104.9  104.96
 104.48 103.19 102.95 103.06 103.38 103.   101.76 100.69  98.2   98.5
  97.88]
episode: 48000 | option price [225.84 231.84 213.81 149.89 197.81 266.37 227.92 385.32 512.6  511.62
 470.03 353.69 326.71 332.6  352.22 315.79 205.67 120.43  11.39   5.77
   0.  ]

{'path_row': 49001, 'model_params': {'mu': 0.05, 'vol': 0.2, 'volvol': 0.6, 'beta': 1.0, 'rho': -0.4}}
episode: 49000 | final wealth: -158.07; so far mean and variance of final wealth was -206.8811993430884 and 78198.17220024492
episode: 49000 | so far Y(0): 626.34
episode: 49000 | rewards: [-251.55  -57.31   14.79   66.33    8.51  -71.64  -64.14   25.47  -57.34
  -35.64  -14.5   121.84  196.59   -4.98 -119.55   76.18   21.08   30.49
  -38.03   -4.67]
episode: 49000 | action taken: [[79.45]
 [87.8 ]
 [90.3 ]
 [92.17]
 [93.36]
 [94.04]
 [94.11]
 [93.73]
 [93.03]
 [91.55]
 [90.56]
 [89.81]
 [89.73]
 [89.57]
 [89.71]
 [90.78]
 [92.44]
 [93.45]
 [92.34]
 [89.  ]]
episode: 49000 | deltas [51.13 32.91 26.57 26.47 34.64 34.91 25.44 18.04 19.77 12.87  9.48  7.16
 13.4  39.39 33.66 11.81 19.88 18.48 17.58  4.1   0.  ]
episode: 49000 | stock price [100.    97.55  96.66  96.81  97.93  98.01  96.82  95.86  96.19  95.35
  94.88  94.67  96.16  99.08  98.75  96.88  97.87  98.05  98.34  97.78
  98.73]
episode: 49000 | option price [225.84 108.47  79.37  75.43 110.45 109.01  68.1   41.51  46.2   24.87
  16.35  10.95  22.26  87.63  62.59  14.66  26.88  21.21  16.47   2.07
   0.  ]

{'path_row': 0, 'model_params': {'mu': 0.05, 'vol': 0.2, 'volvol': 0.6, 'beta': 1.0, 'rho': -0.4}}
episode: 50000 | final wealth: -522.97; so far mean and variance of final wealth was -206.87344835486968 and 78216.47425003895
episode: 50000 | so far Y(0): 626.38
episode: 50000 | rewards: [-108.51  -17.9  -174.84  155.62 -154.55  -78.39   60.8  -140.69 -130.92
 -116.38   73.14  264.5     5.85 -137.76   74.22  -77.3    -2.83  175.17
 -107.17  -85.01]
episode: 50000 | action taken: [[79.45]
 [89.68]
 [92.46]
 [93.23]
 [93.88]
 [94.25]
 [94.07]
 [93.72]
 [92.42]
 [91.22]
 [90.3 ]
 [89.51]
 [89.51]
 [89.86]
 [90.13]
 [90.97]
 [92.58]
 [93.68]
 [92.33]
 [89.48]]
episode: 50000 | deltas [51.13 47.69 47.36 29.43 44.1  27.83 19.32 22.33 14.17  7.65  2.78  2.55
 12.54 12.74  4.    4.58  1.39  0.78  1.53  0.01  0.  ]
episode: 50000 | stock price [100.    99.49  99.42  96.45  98.95  96.36  95.1   95.84  94.05  92.43
  91.03  91.84  95.04  95.11  93.36  94.19  93.3   93.28  95.16  94.01
  94.03]
episode: 50000 | option price [225.84 209.91 211.79 109.27 185.99  96.51  55.58  64.72  37.03  16.83
   4.62   3.76  25.25  25.6    5.78   6.16   1.41   0.68   1.18   0.
   0.  ]

