/Users/saouiris/Desktop/DEEP-RL/Hedging-options-with-RL/utils.py:135: RuntimeWarning: invalid value encountered in divide
  SABRIV = np.where(F == K, vol * B / (F ** (1 - beta)), A * B * Phi / Chi)
/Users/saouiris/Desktop/DEEP-RL/Hedging-options-with-RL/utils.py:155: RuntimeWarning: divide by zero encountered in divide
  d1 = (np.log(S / K) + (r - q + iv * iv / 2) * T) / (iv * np.sqrt(T))
WARNING:absl:At this time, the v2.11+ optimizer `tf.keras.optimizers.Adam` runs slowly on M1/M2 Macs, please use the legacy Keras optimizer instead, located at `tf.keras.optimizers.legacy.Adam`.
WARNING:absl:At this time, the v2.11+ optimizer `tf.keras.optimizers.Adam` runs slowly on M1/M2 Macs, please use the legacy Keras optimizer instead, located at `tf.keras.optimizers.legacy.Adam`.
WARNING:absl:At this time, the v2.11+ optimizer `tf.keras.optimizers.Adam` runs slowly on M1/M2 Macs, please use the legacy Keras optimizer instead, located at `tf.keras.optimizers.legacy.Adam`.
Num GPUs Available: 1
Num GPUs Available: 1
1. generate asset price paths (sabr)
2. generate BS price, BS delta, and Bartlett delta
simulation done!


***
Testing Bartlett hedge.
testing...
{'path_row': 1, 'model_params': {'mu': 0.05, 'vol': 0.2, 'volvol': 0.6, 'beta': 1.0, 'rho': -0.4}}
episode: 0 | final wealth: -89.27; so far mean and variance of final wealth was -89.2677719010439 and 0.0
episode: 0 | so far Y(0): 89.27
episode: 0 | rewards: [-44.22  -6.11   1.51  -9.02 -13.03  -5.37   4.52 -15.3   -8.01  -3.89
 -47.68  51.64  -4.63   6.3  -14.3   -0.85  16.34   2.7    1.38  -1.26]
episode: 0 | action taken: [49.78 46.36 46.06 28.23 42.87 26.74 18.41 21.4  13.47  7.2   2.58  2.37
 12.03 12.26  3.81  4.39  1.32  0.75  1.49  0.  ]
episode: 0 | deltas [51.13 49.76 52.19 43.04 39.72 37.33 30.83 20.34 11.02 10.2   8.5  25.09
  5.23  4.41  4.93 12.28 15.13  3.94  1.33  0.37  0.  ]
episode: 0 | stock price [100.    99.81 100.15  98.88  98.44  98.13  97.26  95.63  93.65  93.44
  93.03  96.6   92.73  92.91  93.49  95.66  96.49  95.1   95.11  95.96
  95.49]
episode: 0 | option price [225.84 210.82 229.13 168.68 147.43 132.72  98.58  55.55  25.54  23.2
  18.33  70.21   9.2    7.04   7.62  21.47  25.41   4.23   0.99   0.17
   0.  ]

{'path_row': 1001, 'model_params': {'mu': 0.05, 'vol': 0.2, 'volvol': 0.6, 'beta': 1.0, 'rho': -0.4}}
episode: 1000 | final wealth: -100.30; so far mean and variance of final wealth was -248.67241432514894 and 59384.40159803673
episode: 1000 | so far Y(0): 614.21
episode: 1000 | rewards: [ -44.28    4.79  -16.68  -22.71   32.37   30.92    6.06   20.06  -19.67
   -2.37   16.94   -2.49    2.85   21.07    1.11   -3.59  -14.33   -5.59
    0.67 -105.44]
episode: 1000 | action taken: [ 49.78  48.35  62.31  70.67  74.02  80.41  89.28  92.55  92.09  93.56
  90.45  95.55  94.55  94.83  96.98  97.16  91.62  98.55  99.23 100.  ]
episode: 1000 | deltas [ 51.13  50.5   60.14  57.2   49.15  58.47  68.77  75.32  81.81  69.97
  68.21  78.1   78.31  78.66  92.52  98.7   99.93 100.   100.   100.
 100.  ]
episode: 1000 | stock price [100.    99.92 101.2  100.81  99.76 100.91 102.01 102.85 103.32 101.79
 101.55 102.51 102.43 102.32 103.64 105.09 106.65 107.65 106.18 104.39
 104.64]
episode: 1000 | option price [225.84 216.12 271.81 250.11 190.37 239.34 290.71 349.82 370.44 248.95
 227.32 293.63 283.02 268.94 373.27 509.81 664.89 765.   618.18 438.7
 463.98]

{'path_row': 2001, 'model_params': {'mu': 0.05, 'vol': 0.2, 'volvol': 0.6, 'beta': 1.0, 'rho': -0.4}}
episode: 2000 | final wealth: -158.75; so far mean and variance of final wealth was -251.5528081238256 and 58492.541493623896
episode: 2000 | so far Y(0): 614.33
episode: 2000 | rewards: [-58.35 -21.53 -21.73 -13.38  17.48  -5.9  -66.36 -38.01 -44.59   5.94
 -37.36  98.65  -2.41  10.03  35.26  39.41  10.18 -12.26 -22.37 -31.47]
episode: 2000 | action taken: [49.78 51.56 46.32 55.57 49.31 49.31 51.2  45.16 34.54 27.14 29.22 35.99
 49.09 51.25 56.54 66.59 44.66 17.84  7.8  21.2 ]
episode: 2000 | deltas [51.13 45.74 28.26 23.74 24.23 25.25 22.33 12.83  6.89  2.73  2.16  0.8
  4.61  3.87  3.36  3.8   5.52  6.59 12.19  0.01  0.  ]
episode: 2000 | stock price [100.    99.22  96.83  96.08  96.07  96.52  96.15  94.29  93.21  91.96
  92.38  91.1   94.19  94.37  94.58  95.3   96.06  96.78  97.93  95.23
  95.3 ]
episode: 2000 | option price [225.84 191.9   88.48  70.3   73.94  72.77  60.37  29.94  12.98   4.09
   2.83   0.92   6.22   4.72   3.73   3.87   5.57   5.96  10.4    0.
   0.  ]

{'path_row': 3001, 'model_params': {'mu': 0.05, 'vol': 0.2, 'volvol': 0.6, 'beta': 1.0, 'rho': -0.4}}
episode: 3000 | final wealth: -162.67; so far mean and variance of final wealth was -249.16884861692867 and 59638.215707198855
episode: 3000 | so far Y(0): 615.48
episode: 3000 | rewards: [-74.27 -45.35 -10.92   0.4  -37.96   3.9    6.76   2.56  13.61   4.26
 -68.68  55.76  -8.89 -15.58  18.4   11.33 -14.64  65.39 -16.73 -52.01]
episode: 3000 | action taken: [49.78 59.78 70.09 63.54 58.3  70.65 70.63 75.4  68.89 68.91 80.89 83.82
 82.93 71.96 73.98 82.21 80.57 81.37 87.22 78.6 ]
episode: 3000 | deltas [ 51.13  65.45  77.93  78.07  73.67  83.55  82.91  78.87  74.97  67.19
  65.03  41.26  57.29  53.05  47.76  50.06  50.34  39.46  84.55  99.89
 100.  ]
episode: 3000 | stock price [100.   101.97 104.14 104.17 103.4  105.22 104.71 103.96 103.17 101.84
 101.53  99.08 100.61 100.21  99.74  99.96  99.99  99.34 101.98 104.05
 102.28]
episode: 3000 | option price [225.84 324.3  488.14 490.21 434.48 572.91 519.22 459.78 392.41 280.47
 255.02 111.15 180.88 155.51 126.4  121.72 104.68  65.27 214.13 405.34
 228.21]

{'path_row': 4001, 'model_params': {'mu': 0.05, 'vol': 0.2, 'volvol': 0.6, 'beta': 1.0, 'rho': -0.4}}
episode: 4000 | final wealth: -13.86; so far mean and variance of final wealth was -250.69145459332532 and 60210.2905435211
episode: 4000 | so far Y(0): 618.76
episode: 4000 | rewards: [-49.41  -9.48   3.34 -15.14 -17.25  27.24  22.59  -9.64  15.88  43.2
   3.01  32.47 -44.89 -25.61  51.81  26.29 -17.06  -4.62 -24.96 -21.63]
episode: 4000 | action taken: [49.78 48.23 41.05 50.07 53.31 53.59 50.3  57.99 35.24 31.16 17.31 11.5
  4.7   6.51  5.34  2.78  7.05  1.52  0.01  0.  ]
episode: 4000 | deltas [ 51.13  45.79  49.39  46.95  63.36  76.06  71.91  59.41  65.77  57.64
  41.23  37.47  19.61  39.39  51.11  32.03  16.66  32.74  36.5   62.02
 100.  ]
episode: 4000 | stock price [100.    99.26  99.75  99.42 101.71 103.45 102.62 101.   101.77 100.73
  99.08  98.82  97.29  99.17 100.04  98.84  97.94  99.14  99.44 100.33
 100.84]
episode: 4000 | option price [225.84 185.41 216.68 192.93 312.31 419.14 347.22 239.55 286.04 209.01
 110.27  88.86  32.9   79.61 109.05  49.65  18.31  39.64  39.23  62.68
  84.31]

{'path_row': 5001, 'model_params': {'mu': 0.05, 'vol': 0.2, 'volvol': 0.6, 'beta': 1.0, 'rho': -0.4}}
episode: 5000 | final wealth: -282.02; so far mean and variance of final wealth was -253.95061794982044 and 60629.461913538165
episode: 5000 | so far Y(0): 623.30
episode: 5000 | rewards: [ -38.87  -10.04   12.92   24.78    2.83  -11.34   21.09  -27.94  -42.12
  -27.47   14.3     3.36  -34.63  -10.25   55.67   92.68 -116.9  -243.23
   -1.55   54.66]
episode: 5000 | action taken: [49.78 36.77 33.76 36.12 38.16 44.74 44.1  25.46 21.16 26.46 22.26 33.21
 21.95 17.5  16.6   2.4   0.13  0.2   0.    0.  ]
episode: 5000 | deltas [ 51.13  52.97  57.14  52.26  44.51  37.91  58.79  49.42  59.89  72.88
  79.29  81.59  79.71  85.63  90.69  85.11  63.39  91.16  99.99 100.
 100.  ]
episode: 5000 | stock price [100.   100.26 100.78 100.16  99.27  98.53 100.88  99.86 100.84 101.95
 102.51 102.39 102.14 102.58 102.76 102.01 100.6  102.13 104.63 104.65
 104.1 ]
episode: 5000 | option price [225.84 227.26 243.54 206.45 147.16 113.97 223.67 156.67 190.22 251.47
 288.16 267.   243.88 276.76 285.59 216.55 104.96 219.74 463.4  464.74
 410.08]

{'path_row': 6001, 'model_params': {'mu': 0.05, 'vol': 0.2, 'volvol': 0.6, 'beta': 1.0, 'rho': -0.4}}
episode: 6000 | final wealth: -93.56; so far mean and variance of final wealth was -254.27467598606478 and 60191.33929663279
episode: 6000 | so far Y(0): 622.28
episode: 6000 | rewards: [ -50.01  -60.38   37.16    6.5   -24.3   -15.55  -10.68  -11.97    2.45
 -161.04  -62.71  -97.8   100.87  165.02   -4.7    62.1    40.51  -99.9
   41.45   49.43]
episode: 6000 | action taken: [ 49.78  54.69  63.07  50.04  63.67  65.38  66.62  78.22  85.25  84.74
  88.89  92.8   94.92  97.28  99.81  99.94 100.   100.   100.   100.  ]
episode: 6000 | deltas [51.13 46.5  24.26 28.8  33.79 31.8  26.45 22.73 22.01 23.4   8.36  4.34
  1.49  2.56  4.71  2.58  3.12  2.61  0.05  0.    0.  ]
episode: 6000 | stock price [100.    99.36  96.17  97.11  97.86  97.57  96.98  96.6   96.55  96.72
  94.32  93.56  92.5   93.59  95.34  95.28  95.91  96.31  95.29  95.7
  97.17]
episode: 6000 | option price [225.84 191.4   72.26  85.67 104.23  96.64  71.53  55.88  52.77  57.73
  14.78   6.29   1.72   3.02   5.21   2.29   2.58   1.83   0.02   0.
   0.  ]

{'path_row': 7001, 'model_params': {'mu': 0.05, 'vol': 0.2, 'volvol': 0.6, 'beta': 1.0, 'rho': -0.4}}
episode: 7000 | final wealth: -281.96; so far mean and variance of final wealth was -255.01591219647014 and 60730.28033381044
episode: 7000 | so far Y(0): 624.67
episode: 7000 | rewards: [ -51.01   11.61   -4.62  -22.13  -10.59   -4.3     1.67    4.76  -10.15
  -77.89  -41.62 -175.37   89.68  -42.23 -120.67  -78.69   27.56  131.98
  -76.48  166.53]
episode: 7000 | action taken: [49.78 41.88 36.05 27.3  28.6  31.11 36.48 36.62 27.55 14.92 13.28  9.05
  6.09  3.01  0.86  0.21  0.06  0.02  0.    0.  ]
episode: 7000 | deltas [ 51.13  47.95  34.78  30.09  43.97  50.23  53.14  45.89  43.13  40.59
  59.62  70.2   88.72  85.5   91.03  97.04  99.47  99.75  99.63 100.
 100.  ]
episode: 7000 | stock price [100.    99.55  97.89  97.29  99.14  99.91 100.26  99.4   99.08  98.74
 100.99 102.07 104.58 103.55 104.08 105.38 106.19 105.91 104.59 105.36
 103.7 ]
episode: 7000 | option price [225.84 203.44 113.88  91.1  154.66 186.07 198.62 160.17 143.73 135.34
 232.32 286.69 480.14 381.05 421.69 541.22 619.39 591.65 459.61 536.08
 369.54]

{'path_row': 8001, 'model_params': {'mu': 0.05, 'vol': 0.2, 'volvol': 0.6, 'beta': 1.0, 'rho': -0.4}}
episode: 8000 | final wealth: -16.39; so far mean and variance of final wealth was -255.90547111462917 and 60963.54283470202
episode: 8000 | so far Y(0): 626.27
episode: 8000 | rewards: [-41.76  -2.86  -9.81 -16.17 -30.85  16.8   -0.43   4.86  -4.85 -28.36
 -53.58 -97.62  92.19 131.34  42.5    1.4   12.01  13.46 -11.12 -33.52]
episode: 8000 | action taken: [49.78 55.25 43.68 65.59 50.55 49.53 56.18 56.85 46.93 66.99 85.67 90.76
 92.83 93.13 91.07 77.32 92.7  96.98 83.5  61.72]
episode: 8000 | deltas [ 51.13  59.47  61.07  57.59  57.3   71.92  65.35  56.72  52.32  46.55
  37.58  29.34  17.44  26.06  46.83  60.81  66.6   81.46  92.89  99.02
 100.  ]
episode: 8000 | stock price [100.   101.1  101.29 100.86 100.8  102.63 101.74 100.68 100.16  99.53
  98.66  97.88  96.48  97.71  99.71 100.76 101.11 102.09 102.49 102.64
 101.25]
episode: 8000 | option price [225.84 265.16 273.13 252.06 242.14 348.77 286.74 220.46 185.55 150.77
 100.43  67.63  33.35  53.19 108.   159.25 170.51 233.81 254.99 264.51
 125.05]

{'path_row': 9001, 'model_params': {'mu': 0.05, 'vol': 0.2, 'volvol': 0.6, 'beta': 1.0, 'rho': -0.4}}
episode: 9000 | final wealth: -58.30; so far mean and variance of final wealth was -255.0522912048273 and 60722.9387631653
episode: 9000 | so far Y(0): 624.68
episode: 9000 | rewards: [ -46.32   -0.72  -32.86  -23.17    6.31  -45.49   15.89  -11.48   -4.22
   -4.63  -31.36 -106.08  -31.9    51.87  106.07    4.29   64.43   19.07
   12.27   -0.25]
episode: 9000 | action taken: [49.78 65.25 79.22 71.7  57.4  40.52 39.7  21.53 17.54 17.3  10.99  4.85
  1.72  0.73  0.36  0.01  0.02  0.01  0.05  0.12]
episode: 9000 | deltas [51.13 53.1  56.28 46.36 40.82 43.36 21.79 25.11 20.77 27.14 37.41 48.63
 71.52 77.04 70.39 48.62 52.1  27.26 15.28  0.    0.  ]
episode: 9000 | stock price [100.   100.28 100.7   99.44  98.78  99.17  96.5   97.12  96.69  97.61
  98.84  99.83 101.74 102.2  101.52  99.87 100.09  98.82  98.35  95.
  94.39]
episode: 9000 | option price [225.84 235.77 248.21 166.55 135.06 136.76  52.33  60.24  44.76  61.23
  86.78 122.74 231.62 261.1  207.73 100.69  96.06  31.58  12.5    0.
   0.  ]

{'path_row': 10001, 'model_params': {'mu': 0.05, 'vol': 0.2, 'volvol': 0.6, 'beta': 1.0, 'rho': -0.4}}
episode: 10000 | final wealth: -152.08; so far mean and variance of final wealth was -254.47519763937788 and 60644.38127809428
episode: 10000 | so far Y(0): 623.87
episode: 10000 | rewards: [-44.53 -22.74   6.98   5.35  10.13   9.71   5.24   0.99  23.53   3.76
 -20.64  34.12 -30.19 -41.06  22.01 -17.95  -3.95   2.75  -8.76 -86.84]
episode: 10000 | action taken: [ 49.78  46.08  40.45  38.52  41.24  42.93  52.76  51.85  60.42  66.54
  71.03  71.63  66.94  77.76  76.85  93.99  99.91 100.   100.   100.  ]
episode: 10000 | deltas [ 51.13  48.67  29.36  36.9   37.01  40.12  47.69  53.21  40.73  61.65
  61.41  45.6   80.63  92.72  98.58  96.89  89.84  90.05  91.72  78.34
 100.  ]
episode: 10000 | stock price [100.    99.66  96.92  98.08  98.17  98.67  99.63 100.25  98.98 101.03
 100.93  99.59 102.51 103.97 105.63 104.56 102.86 102.41 102.24 100.93
 101.84]
episode: 10000 | option price [225.84 203.17  95.54 129.81 125.95 133.92 163.87 181.4  113.7  204.52
 188.38 109.07 283.04 406.44 564.41 459.44 297.19 250.49 230.04 108.38
 183.87]

{'path_row': 11001, 'model_params': {'mu': 0.05, 'vol': 0.2, 'volvol': 0.6, 'beta': 1.0, 'rho': -0.4}}
episode: 11000 | final wealth: 43.09; so far mean and variance of final wealth was -254.79469726374634 and 60679.19231923389
episode: 11000 | so far Y(0): 624.29
episode: 11000 | rewards: [ -54.94   -0.69   -2.98    6.76   -0.94  -34.9   -15.71 -171.81   74.96
   38.23   -9.29  -49.72    2.67  -25.91  103.95  -64.63   44.84   62.39
   91.47   49.35]
episode: 11000 | action taken: [49.78 43.83 34.14 24.82 26.28 12.51  7.81  3.51  5.49  9.24  5.37 11.01
  5.57  7.01  0.65  0.17  0.04  0.    0.    0.  ]
episode: 11000 | deltas [51.13 43.09 43.16 35.79 23.04 38.3  45.72 47.53 74.69 68.99 65.16 67.94
 76.67 77.63 82.34 68.27 83.14 79.42 74.59 50.71  0.  ]
episode: 11000 | stock price [100.    98.89  98.93  97.93  96.19  98.47  99.39  99.6  102.79 101.85
 101.32 101.52 102.31 102.28 102.67 101.26 102.26 101.77 101.14 100.01
  99.94]
episode: 11000 | option price [225.84 168.24 164.76 123.74  64.03 123.32 155.89 168.5  346.74 264.59
 217.66 224.07 276.77 268.35 295.53 183.93 248.25 203.25 140.83  49.36
   0.  ]

{'path_row': 12001, 'model_params': {'mu': 0.05, 'vol': 0.2, 'volvol': 0.6, 'beta': 1.0, 'rho': -0.4}}
episode: 12000 | final wealth: -253.49; so far mean and variance of final wealth was -254.89412348104216 and 60981.96963520201
episode: 12000 | so far Y(0): 625.31
episode: 12000 | rewards: [ -80.86   14.93   -2.98   26.52  -37.65  -21.32  -27.04   -2.18    9.06
  -16.35   14.53   -4.25    4.68   14.35  -24.57   -3.65   -7.52    2.62
   -5.67 -106.13]
episode: 12000 | action taken: [49.78 45.86 48.95 49.9  70.22 64.65 65.08 61.58 50.12 42.88 37.7  49.59
 61.88 62.51 52.76 64.08 77.48 88.2  96.66 99.88]
episode: 12000 | deltas [ 51.13  67.03  60.56  65.95  50.41  42.69  35.18  30.25  28.08  29.34
  22.33  46.15  51.96  59.58  66.38  80.91  81.4   65.48  97.54  98.71
 100.  ]
episode: 12000 | stock price [100.   102.18 101.25 101.91  99.94  99.07  98.26  97.59  97.43  97.8
  97.05  99.59 100.11 100.7  101.09 102.12 101.98 100.74 103.11 102.48
 103.34]
episode: 12000 | option price [225.84 335.91 274.49 306.42 180.86 136.39  99.47  82.86  71.7   69.9
  47.   122.77 140.73 159.9  169.7  238.42 221.82 118.53 312.97 248.11
 333.85]

{'path_row': 13001, 'model_params': {'mu': 0.05, 'vol': 0.2, 'volvol': 0.6, 'beta': 1.0, 'rho': -0.4}}
episode: 13000 | final wealth: -102.07; so far mean and variance of final wealth was -254.6888691940691 and 60900.016049920545
episode: 13000 | so far Y(0): 624.86
episode: 13000 | rewards: [-41.13   8.49  22.73  -0.52  -2.48  -5.62 -23.45   7.48 -85.56  40.38
   4.64   0.94 -28.26 -37.51  -1.91 -55.13  87.06  12.83  46.37 -51.42]
episode: 13000 | action taken: [49.78 43.2  48.13 45.28 50.46 56.43 55.94 61.07 42.2  50.1  57.73 60.85
 61.09 41.81 40.11 23.82 14.18 15.41  0.76  0.  ]
episode: 13000 | deltas [ 51.13  48.76  40.97  49.47  54.67  54.92  64.7   84.18  83.53  93.44
  88.87  87.44  89.51  96.24  98.18  98.87  99.86  99.7   99.89  99.98
 100.  ]
episode: 13000 | stock price [100.    99.68  98.72  99.84 100.41 100.44 101.49 103.62 103.3  104.78
 103.66 103.31 103.33 104.31 104.65 104.66 105.17 104.03 103.87 103.24
 103.75]
episode: 13000 | option price [225.84 200.87 143.97 170.34 193.99 192.34 251.21 393.3  361.21 487.84
 382.57 350.2  347.24 435.03 466.37 467.06 517.07 403.44 386.78 324.5
 375.14]

{'path_row': 14001, 'model_params': {'mu': 0.05, 'vol': 0.2, 'volvol': 0.6, 'beta': 1.0, 'rho': -0.4}}
episode: 14000 | final wealth: -154.11; so far mean and variance of final wealth was -255.42299821659486 and 61151.94829587135
episode: 14000 | so far Y(0): 626.36
episode: 14000 | rewards: [ -56.74    0.05   -1.57   17.97  -16.27    3.78  -55.02   49.79   13.18
    8.8   -17.84  -17.6     5.41   10.1     4.89    3.5    -3.6     1.35
   -0.02 -104.28]
episode: 14000 | action taken: [ 49.78  63.41  72.82  77.97  70.56  74.68  59.38  60.71  59.91  54.91
  62.6   82.74  89.76  92.18  94.89  93.66  98.45  99.57  99.99 100.  ]
episode: 14000 | deltas [ 51.13  55.3   60.56  59.17  65.39  70.05  78.51  87.95  76.43  69.51
  66.8   82.19  74.89  79.75  85.5   89.12  96.52  96.79  99.33 100.
 100.  ]
episode: 14000 | stock price [100.   100.6  101.33 101.07 101.83 102.63 103.87 105.63 103.34 102.32
 101.87 103.75 102.47 102.9  103.4  103.65 104.84 104.39 104.7  105.51
 104.27]
episode: 14000 | option price [225.84 260.45 292.46 266.12 302.22 366.86 451.27 593.03 403.22 327.74
 289.04 416.38 305.88 331.56 365.32 380.69 487.49 441.68 470.27 550.87
 426.94]

{'path_row': 15001, 'model_params': {'mu': 0.05, 'vol': 0.2, 'volvol': 0.6, 'beta': 1.0, 'rho': -0.4}}
episode: 15000 | final wealth: -21.13; so far mean and variance of final wealth was -256.35302735261536 and 61414.38534425886
episode: 15000 | so far Y(0): 628.08
episode: 15000 | rewards: [ -82.16    4.09  -57.48  -73.5    24.92   54.68  -32.37  -50.53   72.8
   37.72   86.4  -125.22 -142.99   42.02  142.34 -174.03   -2.21   43.06
  136.38   74.93]
episode: 15000 | action taken: [49.78 51.86 45.33 32.11 41.58 46.97 47.7  32.04 28.31 19.88 21.64 23.59
 11.65 27.66 12.97 11.75  7.56  3.77  0.67  0.  ]
episode: 15000 | deltas [ 51.13  65.05  68.07  78.56  84.04  79.44  65.17  72.68  79.58  70.12
  63.22  43.09  76.54  87.98  85.05  67.73  91.66  94.43  96.43  94.72
 100.  ]
episode: 15000 | stock price [100.   101.98 102.31 104.05 105.22 104.31 101.95 103.19 104.19 102.58
 101.59  99.04 103.06 104.92 104.03 101.63 104.35 104.39 103.94 102.53
 101.81]
episode: 15000 | option price [225.84 332.44 343.57 472.99 569.63 496.65 324.92 415.71 481.56 359.28
 293.12 149.49 367.47 518.67 434.57 242.73 447.46 445.58 396.85 256.26
 180.64]

{'path_row': 16001, 'model_params': {'mu': 0.05, 'vol': 0.2, 'volvol': 0.6, 'beta': 1.0, 'rho': -0.4}}
episode: 16000 | final wealth: -95.95; so far mean and variance of final wealth was -256.25786997710026 and 61302.51092763048
episode: 16000 | so far Y(0): 627.65
episode: 16000 | rewards: [ -50.75    7.32    4.7    -0.33   -2.22   -2.87   -0.75  -21.76  -84.28
   14.94   20.82 -112.04   20.92    0.44  -49.78   10.    208.42   28.06
   34.46 -121.25]
episode: 16000 | action taken: [49.78 52.87 50.64 46.46 35.97 40.75 46.48 63.16 86.32 90.04 90.53 89.07
 96.21 96.69 94.   99.42 98.26 91.09 94.75 99.97]
episode: 16000 | deltas [51.13 56.42 59.3  50.05 50.89 52.49 47.77 49.42 47.42 33.6  34.43 34.29
 15.43 16.24 15.69  8.99  8.   26.72 25.05 25.45  0.  ]
episode: 16000 | stock price [100.   100.74 101.1   99.87  99.98 100.18  99.61  99.82  99.58  98.04
  98.23  98.38  96.48  96.77  96.76  96.12  96.25  98.64  98.9   99.24
  98.89]
episode: 16000 | option price [225.84 260.38 268.66 199.73 201.05 199.95 174.65 179.43 169.26  94.56
  93.36  85.09  26.47  26.82  25.19  11.56   9.31  34.5   23.74  17.31
   0.  ]

{'path_row': 17001, 'model_params': {'mu': 0.05, 'vol': 0.2, 'volvol': 0.6, 'beta': 1.0, 'rho': -0.4}}
episode: 17000 | final wealth: -141.04; so far mean and variance of final wealth was -257.1566427742482 and 61596.37881353823
episode: 17000 | so far Y(0): 629.44
episode: 17000 | rewards: [ -66.1   -38.39   21.72   18.93  -66.62   14.33 -107.74  -77.37   74.32
    7.29   37.38    5.43  -70.32   40.03  -31.21   88.19   13.87  -23.5
   19.35   -0.62]
episode: 17000 | action taken: [49.78 58.41 72.68 67.85 76.23 69.39 78.45 66.46 50.36 52.37 61.79 53.46
 51.63 59.69 63.76 74.61 68.95 30.76 28.58  0.25]
episode: 17000 | deltas [51.13 42.79 30.23 31.75 34.96 23.05 21.67 13.28  5.9  15.84 16.29 23.19
 23.52  7.54 10.28  6.05 13.67 11.88 13.68 42.21  0.  ]
episode: 17000 | stock price [100.    98.8   97.04  97.51  98.02  96.58  96.75  95.22  93.97  96.22
  96.4   97.4   97.61  95.64  96.5   95.97  97.42  97.64  98.12  99.76
  97.71]
episode: 17000 | option price [225.84 173.19  99.94  98.51 109.33  57.93  48.3   26.96   9.22  29.76
  29.94  45.42  43.23   9.8   13.01   6.53  15.77  11.34  11.6   36.79
   0.  ]

{'path_row': 18001, 'model_params': {'mu': 0.05, 'vol': 0.2, 'volvol': 0.6, 'beta': 1.0, 'rho': -0.4}}
episode: 18000 | final wealth: -155.10; so far mean and variance of final wealth was -257.55256642100824 and 62085.935046571394
episode: 18000 | so far Y(0): 631.31
episode: 18000 | rewards: [-74.84   7.73  -6.58 -49.31 -18.4  -32.92 -50.17 -19.6  -89.59 -38.95
 -80.72  31.6   10.25 -14.    95.73  98.29  71.34 -62.48  56.3   11.21]
episode: 18000 | action taken: [49.78 56.13 49.43 36.98 51.56 35.3  37.15 46.67 41.07 48.83 38.65 26.54
 29.9  49.63 33.7  38.42 48.37 51.63 56.09 58.4 ]
episode: 18000 | deltas [ 51.13  63.91  52.    53.8   62.89  68.52  73.89  81.17  85.18  92.44
  95.19  97.88  96.84  96.93  97.74  95.3   91.02  78.09  96.09  93.83
 100.  ]
episode: 18000 | stock price [100.   101.8  100.13 100.36 101.63 102.38 103.07 104.28 104.77 106.54
 107.28 108.51 107.87 107.67 107.57 105.78 104.   102.   103.84 102.44
 100.8 ]
episode: 18000 | option price [225.84 320.53 211.9  223.27 306.48 348.5  388.66 482.05 514.51 670.69
 737.34 854.12 792.27 772.63 760.05 584.89 413.18 233.63 387.91 247.93
  79.73]

{'path_row': 19001, 'model_params': {'mu': 0.05, 'vol': 0.2, 'volvol': 0.6, 'beta': 1.0, 'rho': -0.4}}
episode: 19000 | final wealth: -62.57; so far mean and variance of final wealth was -256.7145770117602 and 61786.4300828065
episode: 19000 | so far Y(0): 629.57
episode: 19000 | rewards: [-48.24  -3.48   2.29   1.96  -7.57  12.77   8.21   1.26  -3.39 -17.18
  -1.49   7.07 -21.52 -17.06  12.03   1.6  -24.95  -0.54  34.62   1.04]
episode: 19000 | action taken: [49.78 48.62 48.99 38.43 33.25 35.79 44.38 39.95 50.59 33.1  26.94 21.55
 29.17 15.14  4.29  2.44  0.45  0.07  0.97  0.  ]
episode: 19000 | deltas [51.13 47.71 51.72 50.64 48.45 53.16 51.06 43.71 36.   30.67 23.21 36.77
 26.63 12.23 25.46 12.57 12.06 26.4  30.32  3.38  0.  ]
episode: 19000 | stock price [100.    99.52 100.08  99.93  99.65 100.28 100.01  99.19  98.37  97.96
  97.21  98.76  97.83  96.18  97.88  96.56  96.87  98.4   98.92  97.21
  98.91]
episode: 19000 | option price [225.84 199.21 228.76 218.74 195.34 218.48 193.73 140.52 101.85  73.98
  48.71  85.85  53.36  18.92  46.73  17.94  15.28  38.98  39.17   1.99
   0.  ]

{'path_row': 20001, 'model_params': {'mu': 0.05, 'vol': 0.2, 'volvol': 0.6, 'beta': 1.0, 'rho': -0.4}}
episode: 20000 | final wealth: 38.34; so far mean and variance of final wealth was -257.19786105682573 and 61929.14678597034
episode: 20000 | so far Y(0): 630.48
episode: 20000 | rewards: [-55.89   9.91 -16.36  -2.61  14.15  17.12 -10.05   0.94 -22.73  28.61
  -0.43 -14.42  55.12  25.62   1.13   3.1    2.49   3.14  -0.83   0.33]
episode: 20000 | action taken: [49.78 47.96 32.4  36.74 44.13 51.03 36.98 32.99 11.17  8.2  12.06 11.16
 13.35 13.85  6.32  3.18  3.11  3.27  0.11  0.01]
episode: 20000 | deltas [51.13 49.05 45.52 47.22 47.66 38.1  54.69 48.33 50.97 51.54 47.63 47.31
 53.53 33.5  14.75  9.96  3.83  1.59  3.8   1.11  0.  ]
episode: 20000 | stock price [100.    99.69  99.23  99.47  99.54  98.45 100.42  99.71 100.01 100.07
  99.7   99.67 100.25  98.47  96.64  96.34  95.41  95.38  96.84  97.24
  96.52]
episode: 20000 | option price [225.84 216.11 182.32 191.   191.78 121.85 198.27 167.42 172.61 174.19
 139.51 135.8  155.83  74.6   23.28  12.9    3.83   1.18   2.64   0.45
   0.  ]

{'path_row': 21001, 'model_params': {'mu': 0.05, 'vol': 0.2, 'volvol': 0.6, 'beta': 1.0, 'rho': -0.4}}
episode: 21000 | final wealth: -254.67; so far mean and variance of final wealth was -256.9236866591209 and 61919.32489041756
episode: 21000 | so far Y(0): 630.18
episode: 21000 | rewards: [ -37.93  -24.36   -8.76    7.33    0.63    2.    -29.66    7.12   -6.13
   -1.87   -5.12   -4.27   -0.36  -18.59  -14.68   -4.28   -3.48   -3.14
   -0.23 -108.9 ]
episode: 21000 | action taken: [ 49.78  66.21  77.88  82.29  68.6   72.1   64.12  75.62  86.92  95.08
  90.03  97.29  97.52  87.61  84.97  88.02  96.94  99.79  99.97 100.  ]
episode: 21000 | deltas [ 51.13  57.19  75.    74.43  77.75  75.95  75.03  84.06  80.42  85.44
  88.85  93.98  96.62  99.23  99.79  99.94  99.98  99.88 100.   100.
 100.  ]
episode: 21000 | stock price [100.   100.81 103.46 103.29 103.63 103.11 102.87 104.28 103.26 103.93
 104.39 105.46 106.03 107.6  108.28 109.08 109.16 106.7  107.47 108.46
 108.87]
episode: 21000 | option price [225.84 250.11 428.53 412.05 428.37 377.52 355.17 466.79 370.03 422.23
 459.29 555.33 607.53 760.68 828.35 907.65 915.9  669.89 747.41 846.36
 886.67]

{'path_row': 22001, 'model_params': {'mu': 0.05, 'vol': 0.2, 'volvol': 0.6, 'beta': 1.0, 'rho': -0.4}}
episode: 22000 | final wealth: -141.75; so far mean and variance of final wealth was -257.24866203241356 and 61999.263202299284
episode: 22000 | so far Y(0): 630.74
episode: 22000 | rewards: [-47.43  -4.61 -14.18  57.86 -10.78  -0.45  13.32  -0.03 -37.13  15.31
 -71.01  16.42   4.27  -4.55 -29.3   -7.57  10.02  -3.85  -1.35 -26.72]
episode: 22000 | action taken: [49.78 59.4  41.72 37.82 23.83 25.92 22.28 27.73 20.71 18.89 27.18 39.09
 51.46 45.7  30.94 17.54  7.61 13.2  20.79  7.42]
episode: 22000 | deltas [51.13 52.11 65.66 65.06 38.32 41.79 43.11 35.41 35.75 52.86 51.34 73.23
 67.83 47.46 32.17 10.76 27.31  6.63  4.01  0.85  0.  ]
episode: 22000 | stock price [100.   100.14 102.08 101.97  98.35  98.88  99.07  98.15  98.26 100.21
 100.05 102.14 101.48  99.75  98.62  96.72  98.56  96.94  96.83  97.
  96.11]
episode: 22000 | option price [225.84 230.32 339.43 331.24 131.88 141.52 144.79 107.36 105.08 175.19
 155.11 273.76 219.24 112.36  59.25  13.18  38.55   5.75   2.85   0.35
   0.  ]

{'path_row': 23001, 'model_params': {'mu': 0.05, 'vol': 0.2, 'volvol': 0.6, 'beta': 1.0, 'rho': -0.4}}
episode: 23000 | final wealth: -223.76; so far mean and variance of final wealth was -256.9342511420631 and 62008.21126930916
episode: 23000 | so far Y(0): 630.46
episode: 23000 | rewards: [ -50.13  -25.76   -4.01  -17.37   -5.02   10.72    4.74  -13.3     8.87
  -28.75 -101.65   43.39  -16.14  -29.53   44.65   -5.63   -3.84   75.02
   42.33 -152.35]
episode: 23000 | action taken: [49.78 51.51 60.37 45.62 48.75 41.77 35.5  47.46 46.45 59.11 67.84 56.15
 45.2  48.43 40.21 40.97 52.76 58.38 69.97 99.25]
episode: 23000 | deltas [51.13 46.34 35.65 32.62 32.74 29.34 37.38 40.81 50.41 49.63 40.09 20.6
 26.69 22.2  13.76 25.39 15.57 10.16 27.29 45.91  0.  ]
episode: 23000 | stock price [100.    99.33  97.74  97.44  97.42  97.    98.23  98.78  99.93  99.85
  98.74  96.24  97.45  96.99  95.98  97.86  97.13  97.06  98.81  99.84
  99.1 ]
episode: 23000 | option price [225.84 190.21 132.07 109.6  111.68  93.11 126.78 135.28 191.06 177.35
 127.33  49.63  62.46  47.26  24.4   46.82  22.1   10.77  31.97  50.01
   0.  ]

{'path_row': 24001, 'model_params': {'mu': 0.05, 'vol': 0.2, 'volvol': 0.6, 'beta': 1.0, 'rho': -0.4}}
episode: 24000 | final wealth: -109.14; so far mean and variance of final wealth was -257.4208623275111 and 61789.24850020067
episode: 24000 | so far Y(0): 630.28
episode: 24000 | rewards: [ -73.66   -1.95  -12.57  -24.77   -3.    -11.71    2.2   -11.26   64.18
   25.43   20.79    9.53   14.39  -14.47   17.58   -2.43   -3.2    -2.82
   -0.35 -101.06]
episode: 24000 | action taken: [ 49.78  45.13  54.11  64.3   73.44  64.87  57.8   69.76  80.51  88.62
  95.5   96.85  96.06  97.01  97.34  90.14  95.96  99.12  99.97 100.  ]
episode: 24000 | deltas [ 51.13  38.82  45.99  64.95  58.8   61.74  54.61  45.26  43.34  63.6
  72.49  79.84  82.    88.04  80.15  88.06  91.38  98.82  97.88  97.82
 100.  ]
episode: 24000 | stock price [100.    98.27  99.28 101.99 101.14 101.59 100.5   99.24  99.02 101.6
 102.67 103.49 103.48 104.1  102.83 103.61 103.84 105.67 104.3  102.93
 102.23]
episode: 24000 | option price [225.84 145.22 188.21 337.   296.05 322.85 255.14 172.8  156.92 287.85
 348.87 399.02 387.08 431.84 321.8  380.29 395.29 568.02 431.75 294.42
 223.32]

{'path_row': 25001, 'model_params': {'mu': 0.05, 'vol': 0.2, 'volvol': 0.6, 'beta': 1.0, 'rho': -0.4}}
episode: 25000 | final wealth: -493.50; so far mean and variance of final wealth was -256.9984213740553 and 61551.99783505034
episode: 25000 | so far Y(0): 629.14
episode: 25000 | rewards: [ -70.13    8.12  -67.1   -12.37    7.04    4.7     5.92  -35.94   28.09
  -16.54  -36.46  -11.34 -128.28  -29.14   -9.88 -175.97  -76.75  -75.38
  107.58   90.34]
episode: 25000 | action taken: [49.78 51.12 75.6  64.29 50.94 42.22 50.74 53.57 60.99 61.24 68.17 54.98
 66.64 65.54 83.37 89.03 86.32 87.86 94.83 93.69]
episode: 25000 | deltas [51.13 39.36 46.49 40.44 38.08 50.26 33.95 36.17 26.35 33.21 24.23 19.21
 17.51  4.95  2.77  1.91  0.12  0.01  0.    0.    0.  ]
episode: 25000 | stock price [100.    98.36  99.36  98.43  98.14  99.89  97.81  98.19  96.83  97.83
  96.9   96.23  96.14  93.96  93.48  93.54  91.61  90.75  89.9   91.11
  93.01]
episode: 25000 | option price [225.84 147.64 189.56 160.77 143.07 210.76 108.57 113.86  74.07  99.82
  59.25  43.09  36.67   7.13   3.42   2.06   0.09   0.     0.     0.
   0.  ]

{'path_row': 26001, 'model_params': {'mu': 0.05, 'vol': 0.2, 'volvol': 0.6, 'beta': 1.0, 'rho': -0.4}}
episode: 26000 | final wealth: -524.47; so far mean and variance of final wealth was -257.4051958730463 and 61683.72516822871
episode: 26000 | so far Y(0): 629.95
episode: 26000 | rewards: [ -28.65    8.6   -54.94   11.73   24.69   21.43    5.62  -44.69   13.54
   56.62   -7.43   -8.3    -6.04  -44.17  -14.81  -62.19  -50.74  -88.58
 -205.43  -50.74]
episode: 26000 | action taken: [49.78 51.42 36.75 30.95 29.06 27.26 30.97 26.95 23.07 15.64 16.42  6.25
  5.57  2.07  0.76  0.83  0.91  0.44  0.    0.  ]
episode: 26000 | deltas [ 51.13  46.96  44.73  61.82  56.57  50.74  38.6   32.19  54.9   53.77
  29.99  33.99  36.05  38.07  50.36  55.97  72.78  83.37  95.71 100.
 100.  ]
episode: 26000 | stock price [100.    99.48  99.25 101.35 100.69  99.98  98.53  97.82 100.45 100.31
  97.73  98.2   98.56  98.78  99.97 100.44 101.69 102.46 103.54 105.63
 106.14]
episode: 26000 | option price [225.84 177.41 155.33 270.53 232.4  185.01 122.43  90.98 202.44 181.64
  76.42  90.77  91.28  97.86 141.   154.86 218.02 269.38 357.96 562.95
 613.69]

{'path_row': 27001, 'model_params': {'mu': 0.05, 'vol': 0.2, 'volvol': 0.6, 'beta': 1.0, 'rho': -0.4}}
episode: 27000 | final wealth: 4.04; so far mean and variance of final wealth was -257.3577197553477 and 61691.414885676306
episode: 27000 | so far Y(0): 629.92
episode: 27000 | rewards: [-59.25  -7.95   3.85  -6.38 -27.92   6.71  28.91  10.69 -27.64  56.68
   3.17  27.64   4.08   5.8   -5.76  -4.09  -5.61  -0.5   -2.17   3.77]
episode: 27000 | action taken: [49.78 55.17 53.53 49.89 44.64 48.39 40.58 37.9  22.2  25.2  13.36  7.89
  8.32 15.46  8.29  7.72  1.19  0.19  0.    0.  ]
episode: 27000 | deltas [51.13 60.13 50.52 45.39 56.59 69.21 66.03 57.83 56.19 60.15 43.69 37.84
 24.79 24.16 10.05  4.64  1.76  1.97  1.99  4.67  0.  ]
episode: 27000 | stock price [100.   101.26  99.92  99.25 100.75 102.46 101.98 100.83 100.6  101.04
  99.27  98.63  97.05  97.09  95.4   94.32  93.32  93.87  94.78  96.62
  98.21]
episode: 27000 | option price [225.84 288.26 216.54 175.19 252.52 351.34 317.76 233.83 211.95 233.4
 128.96 105.43  59.72  55.54  16.26   6.15   1.91   2.05   1.78   3.77
   0.  ]

{'path_row': 28001, 'model_params': {'mu': 0.05, 'vol': 0.2, 'volvol': 0.6, 'beta': 1.0, 'rho': -0.4}}
episode: 28000 | final wealth: 31.12; so far mean and variance of final wealth was -257.48158660175335 and 61739.94503540486
episode: 28000 | so far Y(0): 630.19
episode: 28000 | rewards: [-82.94  -0.98 -17.58  18.63   2.24  23.1    0.75  20.53  14.08  31.12
  -8.28  17.76 -13.86  19.8   -4.13 -10.41   7.47   9.95   3.83   0.03]
episode: 28000 | action taken: [49.78 44.04 20.59 16.37 11.6   5.5   7.02  6.18  2.57  7.84 10.45  4.53
  1.21  0.21  0.29  0.23  0.34  0.06  0.    0.  ]
episode: 28000 | deltas [51.13 40.73 45.6  47.41 41.53 41.03 35.37 36.61 34.01 29.02 10.29 21.8
  9.56 16.75  5.21  8.59 16.28 12.71  5.13  0.1   0.  ]
episode: 28000 | stock price [100.    98.44  99.18  99.49  98.68  98.65  97.94  98.21  98.1   97.49
  94.81  96.91  95.27  96.83  94.77  95.98  97.41  97.36  96.93  95.8
  96.42]
episode: 28000 | option price [225.84 166.01 194.23 194.75 158.59 151.34 118.24 117.94  95.87  76.68
  18.92  46.59  15.4   27.93   6.72  11.12  21.79  14.18   3.93   0.04
   0.  ]

{'path_row': 29001, 'model_params': {'mu': 0.05, 'vol': 0.2, 'volvol': 0.6, 'beta': 1.0, 'rho': -0.4}}
episode: 29000 | final wealth: -1204.25; so far mean and variance of final wealth was -257.80877957362793 and 61650.71694303409
episode: 29000 | so far Y(0): 630.25
episode: 29000 | rewards: [ -47.77  -45.83    2.24   12.11  -37.33  -63.03 -115.51   72.93   61.15
 -164.76  -89.46  -51.06 -129.2   262.05  -84.05 -176.06 -216.68 -258.51
 -159.63   24.16]
episode: 29000 | action taken: [49.78 40.92 40.31 26.47 18.4   9.26  6.83  1.78  0.3   0.64  1.78  2.12
  2.69  0.79  3.1   3.09  1.7   0.19  0.02  0.02]
episode: 29000 | deltas [ 51.13  52.5   67.76  67.48  64.29  69.36  73.41  84.71  81.1   76.86
  88.97  93.02  95.52  98.2   93.38  96.68  99.36  99.99 100.   100.
 100.  ]
episode: 29000 | stock price [100.   100.19 102.39 102.33 101.8  102.49 103.24 104.99 104.09 103.32
 105.39 106.39 106.97 108.35 105.6  106.51 108.37 110.56 113.14 114.73
 114.49]
episode: 29000 | option price [ 225.84  233.26  358.94  353.75  313.39  355.18  415.66  540.56  460.67
  397.74  563.46  653.51  705.45  837.74  571.38  655.81  837.63 1056.51
 1313.79 1473.27 1449.08]

{'path_row': 30001, 'model_params': {'mu': 0.05, 'vol': 0.2, 'volvol': 0.6, 'beta': 1.0, 'rho': -0.4}}
episode: 30000 | final wealth: -254.13; so far mean and variance of final wealth was -258.1302864358958 and 61638.88069862605
episode: 30000 | so far Y(0): 630.54
episode: 30000 | rewards: [ -49.63    3.76  -11.19  -20.89  -50.77   25.     58.36  -55.67   -5.95
    8.31  -38.13   -8.66  -14.93   -2.28   -4.32    5.4    11.1     3.67
   -0.91 -106.4 ]
episode: 30000 | action taken: [49.78 46.66 55.29 51.17 44.23 51.79 42.28 38.84 53.73 55.7  69.73 77.07
 93.92 93.19 94.01 96.35 98.25 97.53 95.93 99.91]
episode: 30000 | deltas [ 51.13  57.5   54.82  59.2   71.38  81.51  80.52  70.76  82.05  83.24
  81.1   92.84  93.92  93.74  86.92  80.24  83.06  92.86  97.76  99.93
 100.  ]
episode: 30000 | stock price [100.   100.88 100.51 101.11 102.83 104.4  103.78 102.13 103.58 103.5
 103.16 104.83 104.96 104.56 103.18 102.15 102.16 102.98 103.31 103.47
 102.44]
episode: 30000 | option price [225.84 264.88 240.3  276.37 380.77 493.73 428.29 289.84 398.25 384.71
 355.04 493.76 505.22 464.19 336.96 244.34 237.12 304.67 332.12 346.79
 244.1 ]

{'path_row': 31001, 'model_params': {'mu': 0.05, 'vol': 0.2, 'volvol': 0.6, 'beta': 1.0, 'rho': -0.4}}
episode: 31000 | final wealth: -187.16; so far mean and variance of final wealth was -257.8503407818972 and 61533.73077407287
episode: 31000 | so far Y(0): 629.94
episode: 31000 | rewards: [ -47.03  -22.3   -63.17    8.     -2.78    5.21   40.26    6.63  -23.15
  -15.22  -10.12    6.14  -28.81   42.31   -1.45   11.88   -1.73   14.81
    3.9  -110.54]
episode: 31000 | action taken: [49.78 44.59 34.57 33.05 21.26 33.02 37.34 48.16 22.44 46.15 60.97 56.87
 64.37 66.13 74.65 72.47 74.76 63.79 76.41 93.14]
episode: 31000 | deltas [ 51.13  50.75  61.82  75.27  72.24  72.37  70.76  63.2   57.36  58.48
  50.7   62.33  58.08  37.71  75.18  65.21  81.75  90.79  90.77  93.
 100.  ]
episode: 31000 | stock price [100.    99.95 101.53 103.46 103.07 103.   102.67 101.51 100.75 100.85
  99.98 101.28 100.76  98.74 102.39 101.21 102.48 103.15 102.49 101.95
 102.28]
episode: 31000 | option price [225.84 220.53 307.86 426.68 404.16 393.28 365.18 277.06 222.5  222.06
 172.22 245.67 205.8   96.57 293.57 198.17 275.76 325.77 257.2  198.72
 228.25]

{'path_row': 32001, 'model_params': {'mu': 0.05, 'vol': 0.2, 'volvol': 0.6, 'beta': 1.0, 'rho': -0.4}}
episode: 32000 | final wealth: -389.12; so far mean and variance of final wealth was -257.95817752669444 and 61467.50380277304
episode: 32000 | so far Y(0): 629.85
episode: 32000 | rewards: [ -74.18    0.93   -7.95  -69.6   -76.83  -23.29  -40.65   71.37   23.8
   12.32  -20.9    -0.59    0.48  -10.31  -44.65  -19.27   -3.69   -0.5
   -0.29 -105.32]
episode: 32000 | action taken: [ 49.78  44.44  59.2   38.72  36.25  35.94  49.88  33.83  48.18  60.56
  81.29  91.06  86.1   84.95  73.62  95.19  99.24  99.72 100.   100.  ]
episode: 32000 | deltas [ 51.13  40.75  48.63  63.38  75.24  87.34  91.56  94.43  89.4   85.9
  82.45  83.73  88.67  88.89  96.41  99.19  98.81  99.76  99.99 100.
 100.  ]
episode: 32000 | stock price [100.    98.49  99.65 101.76 103.53 105.49 106.07 106.73 105.19 104.28
 103.46 103.63 104.1  103.84 105.32 106.68 105.52 105.91 106.42 107.27
 105.32]
episode: 32000 | option price [225.84 161.2  206.32 321.9  436.04 581.19 625.01 683.67 541.6  458.37
 383.34 396.09 429.86 401.22 536.62 668.53 553.41 590.75 641.93 726.99
 531.58]

{'path_row': 33001, 'model_params': {'mu': 0.05, 'vol': 0.2, 'volvol': 0.6, 'beta': 1.0, 'rho': -0.4}}
episode: 33000 | final wealth: -141.39; so far mean and variance of final wealth was -258.08768260706313 and 61498.817657089356
episode: 33000 | so far Y(0): 630.07
episode: 33000 | rewards: [ -72.29  -12.07   -8.51    2.04   -8.93   18.91  -14.13    3.55    3.33
   -7.07    0.5   -64.42   58.7    63.89    8.08   22.24  -21.99    2.39
   -9.01 -106.59]
episode: 33000 | action taken: [ 49.78  41.42  34.04  31.33  33.04  40.73  58.78  42.91  47.8   53.98
  68.82  83.35  80.63  82.4   72.83  78.6   90.99  90.96  99.99 100.  ]
episode: 33000 | deltas [ 51.13  38.7   37.92  31.42  36.97  28.35  48.15  49.96  44.86  39.26
  34.9   35.18  26.7   36.1   49.03  51.53  89.76  98.47  99.24  99.92
 100.  ]
episode: 33000 | stock price [100.    98.27  98.12  97.13  98.05  96.65  99.63  99.86  99.29  98.71
  98.28  98.43  97.49  98.6   99.86 100.07 103.58 105.81 105.64 105.13
 106.62]
episode: 33000 | option price [225.84 143.61 141.46 108.69 132.74  93.9  187.49 197.47 153.06 117.45
  95.28  90.31  61.58  89.52 127.86 125.49 372.17 582.04 564.39 513.52
 661.76]

{'path_row': 34001, 'model_params': {'mu': 0.05, 'vol': 0.2, 'volvol': 0.6, 'beta': 1.0, 'rho': -0.4}}
episode: 34000 | final wealth: -188.31; so far mean and variance of final wealth was -258.21086833636724 and 61579.58630727544
episode: 34000 | so far Y(0): 630.44
episode: 34000 | rewards: [ -55.96    3.7    -2.92  -26.55  -32.47  -25.73   29.34  -71.13  -18.99
  -16.31  -43.12 -169.75   -8.2   218.29   56.38   55.71  -28.72   -4.1
   12.16  -59.95]
episode: 34000 | action taken: [49.78 44.31 50.73 45.99 63.46 57.92 62.32 39.05 43.65 54.01 54.27 52.4
 39.13 28.17 42.03 58.05 54.99 68.36 83.88 77.97]
episode: 34000 | deltas [ 51.13  57.97  47.25  53.81  71.01  80.41  85.86  81.55  87.61  88.78
  92.4   96.16  99.72  99.81  98.32  97.64  93.04  97.72  99.02  95.2
 100.  ]
episode: 34000 | stock price [100.   100.97  99.45 100.38 102.73 104.19 105.15 103.97 105.03 105.33
 105.69 106.8  110.45 110.34 107.06 105.81 103.89 104.6  104.33 102.28
 101.26]
episode: 34000 | option price [ 225.84  274.38  197.94  241.22  370.98  476.67  551.79  444.23  531.01
  558.45  583.12  686.35 1045.12 1034.57  708.59  583.99  397.3   461.76
  433.43  230.6   126.33]

{'path_row': 35001, 'model_params': {'mu': 0.05, 'vol': 0.2, 'volvol': 0.6, 'beta': 1.0, 'rho': -0.4}}
episode: 35000 | final wealth: -279.83; so far mean and variance of final wealth was -258.0258430194743 and 61490.59651465651
episode: 35000 | so far Y(0): 629.99
episode: 35000 | rewards: [ -41.3    -1.43  -10.62   -8.66 -104.54    5.72 -103.36 -105.74   54.05
  -19.67   -3.18  127.92    6.89   58.17  -13.22  -36.08    1.65  -93.06
   61.49  -54.85]
episode: 35000 | action taken: [49.78 59.2  73.71 71.22 53.13 38.68 37.58 20.81 17.39 13.94 35.66 30.35
 35.43 50.43 35.26 28.19  8.56  7.98  5.47  1.55]
episode: 35000 | deltas [ 51.13  54.39  63.29  81.26  88.86  94.98  95.1   98.37  99.35  99.1
  99.64  99.7   99.    99.47  97.91  98.09  99.44  99.73 100.   100.
 100.  ]
episode: 35000 | stock price [100.   100.45 101.64 104.43 105.63 107.72 107.38 109.13 110.25 109.54
 109.74 109.42 107.48 107.3  105.74 105.7  106.12 105.88 106.88 106.2
 106.7 ]
episode: 35000 | option price [ 225.84  238.47  300.56  497.81  589.51  782.32  748.05  916.   1025.77
  955.68  974.29  942.06  749.33  730.55  576.17  571.97  612.39  587.77
  688.25  620.36  670.15]

{'path_row': 36001, 'model_params': {'mu': 0.05, 'vol': 0.2, 'volvol': 0.6, 'beta': 1.0, 'rho': -0.4}}
episode: 36000 | final wealth: -40.00; so far mean and variance of final wealth was -258.47178323304314 and 61590.62836011785
episode: 36000 | so far Y(0): 630.73
episode: 36000 | rewards: [-43.09 -11.37  -8.75  -3.29  -7.75  -6.    17.41  -0.54  -3.74   3.68
   5.33  -9.94  -9.41   5.67  18.7   10.02   1.33   0.45  -5.9    7.19]
episode: 36000 | action taken: [49.78 44.37 43.92 30.1  31.93 27.74 32.81 34.98 27.89 40.07 39.21 21.12
 13.5  10.49  5.56  2.03  3.41  0.63  0.08  0.  ]
episode: 36000 | deltas [51.13 48.67 30.68 25.97 31.28 19.1  27.37 28.62 23.83 27.22 34.39 28.51
 23.11 29.37 29.27 17.03  7.05  5.67  2.67 11.59  0.  ]
episode: 36000 | stock price [100.    99.67  97.22  96.54  97.48  95.79  96.9   97.44  96.94  97.42
  98.34  97.87  97.4   98.21  98.41  97.53  96.51  96.64  96.55  98.43
  98.02]
episode: 36000 | option price [225.84 201.93  98.64  77.38  95.2   47.19  79.84  75.22  56.31  66.41
  87.57  62.74  45.    57.77  51.21  22.73   7.16   4.96   1.77   7.27
   0.  ]

{'path_row': 37001, 'model_params': {'mu': 0.05, 'vol': 0.2, 'volvol': 0.6, 'beta': 1.0, 'rho': -0.4}}
episode: 37000 | final wealth: -1056.69; so far mean and variance of final wealth was -258.5312413398778 and 61567.34565806881
episode: 37000 | so far Y(0): 630.72
episode: 37000 | rewards: [ -69.08  -40.66  -25.29  -12.77    4.65 -137.02  -68.04  113.61    0.29
  -30.16 -149.99  -79.23   13.76  -24.85  -66.92   44.9  -244.45  -22.43
  -45.71 -217.29]
episode: 37000 | action taken: [49.78 46.44 29.23 35.86 35.18 22.18 25.93 19.29 20.59 25.82 14.63 17.39
 27.94 18.94 29.81 47.25 39.34 34.4  43.77 23.94]
episode: 37000 | deltas [ 51.13  59.67  74.01  75.58  80.04  80.8   90.89  93.88  88.04  88.89
  91.95  97.6   99.02  98.9   99.5   99.92  99.87 100.   100.   100.
 100.  ]
episode: 37000 | stock price [100.   101.25 103.45 103.68 104.15 104.14 106.14 107.11 105.41 105.43
 105.89 107.64 108.59 108.24 108.44 109.23 107.99 111.85 112.1  112.73
 114.87]
episode: 37000 | option price [ 225.84  297.52  437.09  451.12  473.98  468.37  634.4   723.57  569.8
  568.59  605.    767.86  860.66  825.58  844.43  922.93  799.47 1184.61
 1210.38 1272.85 1487.06]

{'path_row': 38001, 'model_params': {'mu': 0.05, 'vol': 0.2, 'volvol': 0.6, 'beta': 1.0, 'rho': -0.4}}
episode: 38000 | final wealth: -427.67; so far mean and variance of final wealth was -258.586084201899 and 61567.99715662546
episode: 38000 | so far Y(0): 630.78
episode: 38000 | rewards: [ -73.96   11.67   -0.08   10.97    8.15   12.     -2.77    9.79  -11.21
   16.7   -35.29   -3.12  -19.53  -51.55  -74.93   36.09   42.33 -102.54
 -114.43  -85.98]
episode: 38000 | action taken: [49.78 47.56 44.94 36.73 36.46 40.5  53.03 58.14 65.51 59.11 38.66 24.36
 18.72 12.19 11.29 23.38 11.75  1.01  0.05  0.01]
episode: 38000 | deltas [ 51.13  38.41  53.36  49.05  41.18  26.31  29.68  28.35  27.87  26.21
  30.28  15.97  24.14  42.64  64.32  84.33  77.74  67.48  92.71  99.96
 100.  ]
episode: 38000 | stock price [100.    98.22 100.31  99.73  98.76  96.98  97.58  97.58  97.72  97.57
  98.11  96.74  97.84  99.44 100.87 102.18 101.46 100.73 101.96 103.14
 104.  ]
episode: 38000 | option price [225.84 142.13 227.26 198.85 143.74  70.54  78.88  69.55  62.84  57.03
  66.17  26.23  41.77  85.57 147.81 236.62 171.03 108.15 200.67 314.17
 400.11]

{'path_row': 39001, 'model_params': {'mu': 0.05, 'vol': 0.2, 'volvol': 0.6, 'beta': 1.0, 'rho': -0.4}}
episode: 39000 | final wealth: -532.42; so far mean and variance of final wealth was -258.54557128094206 and 61392.94305079552
episode: 39000 | so far Y(0): 630.21
episode: 39000 | rewards: [ -38.46   10.21    1.96    7.42    2.62  -11.46  -14.69    7.33 -116.7
  -42.29   34.37   16.47  -61.19 -126.35    6.31   -1.87 -142.33  -62.51
   21.1   -22.35]
episode: 39000 | action taken: [49.78 43.71 41.53 43.64 52.49 65.82 76.07 78.01 82.44 85.84 64.69 48.95
 70.28 83.18 80.8  65.83 55.85 19.27 20.4   3.14]
episode: 39000 | deltas [51.13 57.39 44.53 50.5  48.42 51.03 45.61 42.19 42.44 20.1  18.17 25.32
 32.41 20.6   6.78  6.61  5.53  0.08  0.    0.    0.  ]
episode: 39000 | stock price [100.   100.83  99.18  99.94  99.71 100.02  99.47  99.15  99.22  96.95
  96.47  97.58  98.51  97.51  95.84  95.94  96.1   93.65  92.44  93.53
  92.66]
episode: 39000 | option price [225.84 251.73 162.8  190.39 170.66 175.34 137.18 117.56 113.38  38.74
  36.25  52.14  65.18  33.68   7.97   7.5    5.53   0.04   0.     0.
   0.  ]

{'path_row': 40001, 'model_params': {'mu': 0.05, 'vol': 0.2, 'volvol': 0.6, 'beta': 1.0, 'rho': -0.4}}
episode: 40000 | final wealth: -36.99; so far mean and variance of final wealth was -258.6253882013393 and 61503.1452714304
episode: 40000 | so far Y(0): 630.62
episode: 40000 | rewards: [-53.23 -12.01  39.92 -14.76  23.11   3.79  -8.9   25.05  27.76 -12.01
 -24.37  17.76  -7.65  -4.56   8.27 -11.89   2.13  -3.43 -19.94 -12.04]
episode: 40000 | action taken: [49.78 41.22 31.21 21.22 25.86 22.75 25.73 19.76 20.81 41.36 25.49 28.35
 23.52 18.83 18.1   9.59 13.74  5.25 10.88  0.47]
episode: 40000 | deltas [51.13 59.44 60.41 45.28 47.59 44.85 41.95 47.88 38.23 18.1  21.28 12.57
 14.05  8.57  7.39  7.14  1.59  0.71  0.79  0.    0.  ]
episode: 40000 | stock price [100.   101.15 101.29  99.24  99.56  99.3   98.97  99.67  98.66  96.54
  96.94  95.77  96.5   95.91  95.8   96.22  95.16  95.55  96.46  95.1
  93.32]
episode: 40000 | option price [225.84 278.29 287.4  172.53 183.96 149.65 135.14 159.15 108.15  35.26
  43.79  21.85  22.19  11.26   9.19   7.87   1.23   0.41   0.38   0.
   0.  ]

{'path_row': 41001, 'model_params': {'mu': 0.05, 'vol': 0.2, 'volvol': 0.6, 'beta': 1.0, 'rho': -0.4}}
episode: 41000 | final wealth: -349.02; so far mean and variance of final wealth was -258.45405709389433 and 61438.34692832367
episode: 41000 | so far Y(0): 630.26
episode: 41000 | rewards: [-41.12 -21.01  17.56 -15.41 -76.62 -79.07   9.31  51.28 -87.29  -8.98
  20.08  -4.34   6.48   0.3  -32.77  14.   -29.07  16.46   7.29 -96.09]
episode: 41000 | action taken: [49.78 64.28 65.08 56.64 49.61 48.42 55.59 62.77 57.53 72.04 82.3  87.54
 89.15 92.27 83.73 89.9  97.75 98.16 98.9  99.53]
episode: 41000 | deltas [ 51.13  52.35  47.12  62.99  71.4   84.    93.56  93.13  88.72  96.58
  97.54  91.94  94.    90.73  94.    99.28  95.79  73.9   85.21  91.38
 100.  ]
episode: 41000 | stock price [100.   100.17  99.47 101.66 102.87 105.24 107.4  107.   105.15 107.51
 107.35 104.95 105.22 104.03 104.37 106.23 103.82 101.17 101.61 101.42
 100.53]
episode: 41000 | option price [225.84 225.62 186.88 310.96 385.82 572.4  754.47 715.4  539.86 756.95
 738.99 508.61 530.84 417.23 444.98 623.7  385.41 146.74 173.16 146.63
  53.14]

{'path_row': 42001, 'model_params': {'mu': 0.05, 'vol': 0.2, 'volvol': 0.6, 'beta': 1.0, 'rho': -0.4}}
episode: 42000 | final wealth: -10.94; so far mean and variance of final wealth was -258.2479175283778 and 61366.77215868176
episode: 42000 | so far Y(0): 629.83
episode: 42000 | rewards: [-56.12   0.7    5.03  -8.11  -5.01   1.6   11.57   1.76  -3.13 -17.85
 -12.65   3.12  -2.32  89.36 -55.75  -6.26  64.14  10.58  -7.46 -24.13]
episode: 42000 | action taken: [49.78 52.83 38.65 47.32 50.26 49.28 47.67 52.72 59.3  64.55 62.84 50.32
 58.28 31.27 25.65 22.98 28.77 32.01  7.42  1.01]
episode: 42000 | deltas [ 51.13  48.5   46.62  41.42  52.05  58.08  57.84  56.81  57.55  69.84
  74.65  82.76  82.08  84.62  62.43  79.22  86.65  77.49  84.18  90.27
 100.  ]
episode: 42000 | stock price [100.    99.62  99.36  98.73 100.13 100.93 100.89 100.72 100.79 102.23
 103.   104.12 103.8  103.9  101.07 102.51 102.82 101.67 101.69 101.59
 101.82]
episode: 42000 | option price [225.84 212.11 194.92 151.17 216.78 259.04 254.43 233.05 229.72 311.36
 373.58 455.09 422.77 422.9  202.05 288.99 299.59 196.2  183.01 164.74
 181.55]

{'path_row': 43001, 'model_params': {'mu': 0.05, 'vol': 0.2, 'volvol': 0.6, 'beta': 1.0, 'rho': -0.4}}
episode: 43000 | final wealth: -230.67; so far mean and variance of final wealth was -258.3159622236027 and 61461.02910712847
episode: 43000 | so far Y(0): 630.19
episode: 43000 | rewards: [-75.93 -15.45 -23.38 -14.29   8.74 -22.89  38.75  12.59 -36.97 -12.47
 -22.23 -22.18  30.83  98.99 -15.42 -43.26 -19.23   1.73  -0.51 -98.09]
episode: 43000 | action taken: [ 49.78  67.55  59.59  72.35  73.35  64.06  54.25  49.31  41.16  40.02
  57.29  68.85  42.54  36.9   31.5   43.28  74.4   99.93  99.91 100.  ]
episode: 43000 | deltas [ 51.13  62.68  63.78  74.92  64.94  67.72  79.68  67.49  53.73  70.98
  74.77  78.24  86.21  80.86  50.12  61.52  80.49  73.79  96.55  94.73
 100.  ]
episode: 43000 | stock price [100.   101.66 101.81 103.58 101.93 102.26 104.1  102.05 100.33 102.35
 102.8  103.21 104.33 103.09  99.96 100.83 102.29 101.44 103.48 102.34
 101.28]
episode: 43000 | option price [225.84 317.7  325.22 445.29 325.7  340.44 470.86 309.32 207.03 318.14
 347.38 375.28 462.22 348.83 127.47 164.9  258.67 181.38 351.17 237.34
 128.  ]

{'path_row': 44001, 'model_params': {'mu': 0.05, 'vol': 0.2, 'volvol': 0.6, 'beta': 1.0, 'rho': -0.4}}
episode: 44000 | final wealth: -441.57; so far mean and variance of final wealth was -258.2978136425025 and 61498.21648393453
episode: 44000 | so far Y(0): 630.28
episode: 44000 | rewards: [-102.68   22.39    5.53  -59.44   14.3    16.59   -4.04  -27.13   16.73
    9.49  -10.1    21.07  -35.43   -5.79   -4.55  -17.39   -7.92 -103.9
  122.58 -291.88]
episode: 44000 | action taken: [49.78 48.51 57.97 52.04 62.26 69.41 59.31 33.86 44.62 47.44 49.53 56.17
 57.55 34.29 40.87 18.04 34.59 47.16 63.68 99.31]
episode: 44000 | deltas [51.13 34.99 38.89 42.11 23.09 26.66 30.58 26.14 28.19 41.78 47.17 30.4
 34.6  21.42 30.43 20.83 26.04 19.51  0.31  4.14  0.  ]
episode: 44000 | stock price [100.    97.65  98.37  98.85  96.16  96.76  97.33  97.01  97.21  98.99
  99.62  97.95  98.56  97.28  98.37  97.75  98.41  98.2   95.84  98.1
  96.53]
episode: 44000 | option price [225.84 127.77 138.94 151.82  64.83  77.83  93.99  68.9   78.22 129.54
 147.1   72.37  78.81  39.71  58.49  31.23  37.56  21.99   0.14   1.81
   0.  ]

{'path_row': 45001, 'model_params': {'mu': 0.05, 'vol': 0.2, 'volvol': 0.6, 'beta': 1.0, 'rho': -0.4}}
episode: 45000 | final wealth: -254.12; so far mean and variance of final wealth was -258.13737126921734 and 61388.76130316411
episode: 45000 | so far Y(0): 629.79
episode: 45000 | rewards: [ -64.18   -5.21   20.08  -32.06  -93.38   12.21   63.    -56.89  -67.71
  -15.04  -11.38   12.74   69.82  -51.39 -146.9    72.87  108.35  -20.85
   42.21  -90.42]
episode: 45000 | action taken: [ 49.78  57.04  46.61  60.22  84.38  73.69  78.36  77.11  75.1   60.58
  58.16  65.17  84.02  90.78  98.06  97.78  99.8   99.99 100.   100.  ]
episode: 45000 | deltas [51.13 61.3  56.16 47.89 37.25 26.06 29.66 40.33 28.18 16.12 15.2  13.02
 13.52 21.91 15.2   5.88  6.84  7.63  2.32  0.68  0.  ]
episode: 45000 | stock price [100.   101.43 100.7   99.63  98.37  97.01  97.5   98.86  97.49  96.1
  96.03  95.78  96.08  97.35  96.68  95.08  95.84  96.93  96.67  97.08
  97.14]
episode: 45000 | option price [225.84 298.83 254.75 174.   116.04  68.22  81.26 120.2   70.77  31.66
  28.81  23.18  23.1   40.75  24.36   7.56   8.09   7.13   1.41   0.26
   0.  ]

{'path_row': 46001, 'model_params': {'mu': 0.05, 'vol': 0.2, 'volvol': 0.6, 'beta': 1.0, 'rho': -0.4}}
episode: 46000 | final wealth: -170.19; so far mean and variance of final wealth was -258.05708340500746 and 61380.25386018198
episode: 46000 | so far Y(0): 629.68
episode: 46000 | rewards: [-55.65  -2.91 -14.8   22.51  -7.45  22.64 -10.38  -3.31  -3.16   4.47
 -28.17 -12.51 -38.46  58.47 -65.96 -33.57  92.44  37.8  -97.53 -34.65]
episode: 46000 | action taken: [49.78 58.25 70.14 80.23 77.75 68.19 61.08 56.05 46.08 29.14 21.9  38.8
 27.59 24.91 12.3   8.62  1.03  1.04  0.01  0.  ]
episode: 46000 | deltas [ 51.13  55.92  52.89  52.08  56.23  50.42  62.03  49.06  49.16  47.32
  40.01  52.32  58.32  73.39  56.41  75.62  83.71  68.53  62.8   95.44
 100.  ]
episode: 46000 | stock price [100.   100.69 100.25 100.14 100.66  99.94 101.23  99.81  99.83  99.66
  99.01 100.14 100.62 101.71 100.38 101.57 102.06 100.86 100.47 101.79
 102.16]
episode: 46000 | option price [225.84 262.97 231.77 226.72 236.53 185.06 240.43 157.   156.02 141.26
 100.92 146.46 160.36 217.24 122.97 190.28 224.34 122.71  84.5  181.01
 215.66]

{'path_row': 47001, 'model_params': {'mu': 0.05, 'vol': 0.2, 'volvol': 0.6, 'beta': 1.0, 'rho': -0.4}}
episode: 47000 | final wealth: -286.11; so far mean and variance of final wealth was -258.29449243842475 and 61440.40061222032
episode: 47000 | so far Y(0): 630.10
episode: 47000 | rewards: [ -41.89   18.08   -3.77    9.49  -32.13   17.05   34.81    6.73  -51.77
   -8.54  -14.64   33.55   -9.13   -6.35  -29.08  -67.88  -30.93   10.5
  -13.99 -106.22]
episode: 47000 | action taken: [49.78 39.82 45.34 39.2  42.85 42.66 42.25 31.74 30.98 24.76 49.6  37.99
 37.06 35.12 27.69 10.01  5.5   1.36  0.6   0.46]
episode: 47000 | deltas [ 51.13  57.89  48.28  57.66  54.63  70.52  70.37  55.64  51.92  71.6
  74.28  72.25  59.49  66.69  71.03  79.56  89.9   95.2   97.47  99.79
 100.  ]
episode: 47000 | stock price [100.   100.91  99.67 100.8  100.42 102.22 102.03 100.47 100.11 101.93
 102.11 101.83 100.64 101.13 101.4  101.97 102.72 103.06 102.94 103.09
 104.15]
episode: 47000 | option price [225.84 258.05 180.08 229.47 198.97 304.61 279.28 178.12 149.28 256.82
 263.27 238.62 147.64 174.14 187.89 225.12 282.02 310.24 295.29 308.6
 414.68]

{'path_row': 48001, 'model_params': {'mu': 0.05, 'vol': 0.2, 'volvol': 0.6, 'beta': 1.0, 'rho': -0.4}}
episode: 48000 | final wealth: -335.64; so far mean and variance of final wealth was -258.427162042521 and 61486.05850300091
episode: 48000 | so far Y(0): 630.37
episode: 48000 | rewards: [ -45.52    1.91   -6.4     7.94    5.32    5.42    6.69   -4.03    5.03
  -14.64  -19.67    2.43    4.61   10.78   -1.65  -14.03  -21.97 -139.33
   35.53 -154.03]
episode: 48000 | action taken: [ 49.78  52.42  56.59  52.14  64.27  63.68  71.65  73.11  72.89  86.69
  96.69  97.79  98.58  99.03  99.91  99.82  99.93  99.95  99.99 100.  ]
episode: 48000 | deltas [51.13 52.63 50.75 41.67 50.55 61.35 57.57 76.46 89.1  91.34 88.6  82.24
 82.32 84.29 89.24 88.1  78.07 63.6  13.87 10.38  0.  ]
episode: 48000 | stock price [100.   100.21  99.95  98.79  99.94 101.29 100.78 103.2  104.9  104.96
 104.48 103.19 102.95 103.06 103.38 103.   101.76 100.69  98.2   98.5
  97.88]
episode: 48000 | option price [225.84 231.84 213.81 149.89 197.81 266.37 227.92 385.32 512.6  511.62
 470.03 353.69 326.71 332.6  352.22 315.79 205.67 120.43  11.39   5.77
   0.  ]

{'path_row': 49001, 'model_params': {'mu': 0.05, 'vol': 0.2, 'volvol': 0.6, 'beta': 1.0, 'rho': -0.4}}
episode: 49000 | final wealth: 33.16; so far mean and variance of final wealth was -258.3820262336171 and 61466.87654004465
episode: 49000 | so far Y(0): 630.27
episode: 49000 | rewards: [ -91.62  -18.02    7.94   18.94    1.05  -30.59  -56.04   14.21  -60.6
  -34.88  -13.27  124.21  217.3    -7.93 -135.32   84.58   23.09   33.25
  -41.27   -1.87]
episode: 49000 | action taken: [ 49.78  51.3   48.12  48.8   54.06  57.35  71.29  78.1   87.16  89.06
  89.02  94.56  98.03  98.24  98.24  98.86  99.86  99.81  99.93 100.  ]
episode: 49000 | deltas [51.13 32.91 26.57 26.47 34.64 34.91 25.44 18.04 19.77 12.87  9.48  7.16
 13.4  39.39 33.66 11.81 19.88 18.48 17.58  4.1   0.  ]
episode: 49000 | stock price [100.    97.55  96.66  96.81  97.93  98.01  96.82  95.86  96.19  95.35
  94.88  94.67  96.16  99.08  98.75  96.88  97.87  98.05  98.34  97.78
  98.73]
episode: 49000 | option price [225.84 108.47  79.37  75.43 110.45 109.01  68.1   41.51  46.2   24.87
  16.35  10.95  22.26  87.63  62.59  14.66  26.88  21.21  16.47   2.07
   0.  ]

{'path_row': 0, 'model_params': {'mu': 0.05, 'vol': 0.2, 'volvol': 0.6, 'beta': 1.0, 'rho': -0.4}}
episode: 50000 | final wealth: -412.00; so far mean and variance of final wealth was -258.5086381396043 and 61460.213270855995
episode: 50000 | so far Y(0): 630.38
episode: 50000 | rewards: [ -61.07  -15.87   -5.87   27.91  -55.61  -36.18   16.14  -62.74  -51.61
  -32.28   18.83   92.     -3.88  -25.03   12.66  -45.01   -0.24   39.63
 -102.36 -121.41]
episode: 50000 | action taken: [49.78 38.22 35.58 47.14 53.35 57.71 47.34 49.34 35.41 23.35 31.52 37.38
 31.38 16.71 23.97 39.17 39.07 27.58 59.82 95.5 ]
episode: 50000 | deltas [51.13 47.69 47.36 29.43 44.1  27.83 19.32 22.33 14.17  7.65  2.78  2.55
 12.54 12.74  4.    4.58  1.39  0.78  1.53  0.01  0.  ]
episode: 50000 | stock price [100.    99.49  99.42  96.45  98.95  96.36  95.1   95.84  94.05  92.43
  91.03  91.84  95.04  95.11  93.36  94.19  93.3   93.28  95.16  94.01
  94.03]
episode: 50000 | option price [225.84 209.91 211.79 109.27 185.99  96.51  55.58  64.72  37.03  16.83
   4.62   3.76  25.25  25.6    5.78   6.16   1.41   0.68   1.18   0.
   0.  ]

