/Users/saouiris/Desktop/DEEP-RL/Hedging-options-with-RL/utils.py:135: RuntimeWarning: invalid value encountered in divide
  SABRIV = np.where(F == K, vol * B / (F ** (1 - beta)), A * B * Phi / Chi)
/Users/saouiris/Desktop/DEEP-RL/Hedging-options-with-RL/utils.py:155: RuntimeWarning: divide by zero encountered in divide
  d1 = (np.log(S / K) + (r - q + iv * iv / 2) * T) / (iv * np.sqrt(T))
WARNING:absl:At this time, the v2.11+ optimizer `tf.keras.optimizers.Adam` runs slowly on M1/M2 Macs, please use the legacy Keras optimizer instead, located at `tf.keras.optimizers.legacy.Adam`.
WARNING:absl:At this time, the v2.11+ optimizer `tf.keras.optimizers.Adam` runs slowly on M1/M2 Macs, please use the legacy Keras optimizer instead, located at `tf.keras.optimizers.legacy.Adam`.
WARNING:absl:At this time, the v2.11+ optimizer `tf.keras.optimizers.Adam` runs slowly on M1/M2 Macs, please use the legacy Keras optimizer instead, located at `tf.keras.optimizers.legacy.Adam`.
Num GPUs Available: 1
Num GPUs Available: 1
1. generate asset price paths (sabr)
2. generate BS price, BS delta, and Bartlett delta
simulation done!


***
Testing delta hedge.
testing...
{'path_row': 1, 'model_params': {'mu': 0.05, 'vol': 0.2, 'volvol': 0.6, 'beta': 1.0, 'rho': -0.4}}
episode: 0 | final wealth: -98.82; so far mean and variance of final wealth was -98.81977085697696 and 0.0
episode: 0 | so far Y(0): 98.82
episode: 0 | rewards: [-45.83  -5.68  -0.18  -9.65 -13.45  -6.46   2.84 -17.16  -8.38  -4.3
 -47.27  50.94  -4.86   6.61 -14.2   -0.69  16.12   2.67   1.41  -1.31]
episode: 0 | action taken: [51.13 47.69 47.36 29.43 44.1  27.83 19.32 22.33 14.17  7.65  2.78  2.55
 12.54 12.74  4.    4.58  1.39  0.78  1.53  0.01]
episode: 0 | deltas [51.13 49.76 52.19 43.04 39.72 37.33 30.83 20.34 11.02 10.2   8.5  25.09
  5.23  4.41  4.93 12.28 15.13  3.94  1.33  0.37  0.  ]
episode: 0 | stock price [100.    99.81 100.15  98.88  98.44  98.13  97.26  95.63  93.65  93.44
  93.03  96.6   92.73  92.91  93.49  95.66  96.49  95.1   95.11  95.96
  95.49]
episode: 0 | option price [225.84 210.82 229.13 168.68 147.43 132.72  98.58  55.55  25.54  23.2
  18.33  70.21   9.2    7.04   7.62  21.47  25.41   4.23   0.99   0.17
   0.  ]

{'path_row': 1001, 'model_params': {'mu': 0.05, 'vol': 0.2, 'volvol': 0.6, 'beta': 1.0, 'rho': -0.4}}
episode: 1000 | final wealth: -97.10; so far mean and variance of final wealth was -249.81394916142676 and 59016.09270701447
episode: 1000 | so far Y(0): 614.21
episode: 1000 | rewards: [ -45.75    6.46  -16.92  -23.5    33.44   31.84    6.68   20.32  -20.11
   -2.37   17.33   -2.34    2.86   21.31    1.32   -3.44  -14.01   -5.47
    0.66 -105.42]
episode: 1000 | action taken: [ 51.13  49.68  63.44  71.62  74.86  81.08  89.68  92.83  92.38  93.8
  90.77  95.71  94.74  94.99  97.08  97.25  91.82  98.59  99.24 100.  ]
episode: 1000 | deltas [ 51.13  50.5   60.14  57.2   49.15  58.47  68.77  75.32  81.81  69.97
  68.21  78.1   78.31  78.66  92.52  98.7   99.93 100.   100.   100.
 100.  ]
episode: 1000 | stock price [100.    99.92 101.2  100.81  99.76 100.91 102.01 102.85 103.32 101.79
 101.55 102.51 102.43 102.32 103.64 105.09 106.65 107.65 106.18 104.39
 104.64]
episode: 1000 | option price [225.84 216.12 271.81 250.11 190.37 239.34 290.71 349.82 370.44 248.95
 227.32 293.63 283.02 268.94 373.27 509.81 664.89 765.   618.18 438.7
 463.98]

{'path_row': 2001, 'model_params': {'mu': 0.05, 'vol': 0.2, 'volvol': 0.6, 'beta': 1.0, 'rho': -0.4}}
episode: 2000 | final wealth: -166.63; so far mean and variance of final wealth was -252.71212921321023 and 58140.24731168047
episode: 2000 | so far Y(0): 614.40
episode: 2000 | rewards: [-60.96 -24.59 -22.71 -13.3   18.05  -6.35 -68.38 -39.22 -45.95   6.23
 -38.49 101.43  -2.22  10.26  35.85  39.98  10.64 -12.1  -23.1  -31.71]
episode: 2000 | action taken: [51.13 52.86 47.62 56.76 50.51 50.48 52.32 46.27 35.58 28.06 30.12 36.89
 49.94 52.04 57.24 67.17 45.26 18.21  7.97 21.42]
episode: 2000 | deltas [51.13 45.74 28.26 23.74 24.23 25.25 22.33 12.83  6.89  2.73  2.16  0.8
  4.61  3.87  3.36  3.8   5.52  6.59 12.19  0.01  0.  ]
episode: 2000 | stock price [100.    99.22  96.83  96.08  96.07  96.52  96.15  94.29  93.21  91.96
  92.38  91.1   94.19  94.37  94.58  95.3   96.06  96.78  97.93  95.23
  95.3 ]
episode: 2000 | option price [225.84 191.9   88.48  70.3   73.94  72.77  60.37  29.94  12.98   4.09
   2.83   0.92   6.22   4.72   3.73   3.87   5.57   5.96  10.4    0.
   0.  ]

{'path_row': 3001, 'model_params': {'mu': 0.05, 'vol': 0.2, 'volvol': 0.6, 'beta': 1.0, 'rho': -0.4}}
episode: 3000 | final wealth: -160.43; so far mean and variance of final wealth was -250.37242734491196 and 59290.23762835401
episode: 3000 | so far Y(0): 615.62
episode: 3000 | rewards: [-74.28 -42.56 -10.67  -0.32 -35.86   3.68   6.09   2.09  12.59   4.02
 -69.71  56.57  -9.08 -15.72  18.58  11.5  -14.9   66.29 -16.18 -52.57]
episode: 3000 | action taken: [51.13 60.98 71.07 64.62 59.43 71.55 71.5  76.15 69.73 69.72 81.44 84.29
 83.39 72.57 74.53 82.6  80.95 81.69 87.42 78.8 ]
episode: 3000 | deltas [ 51.13  65.45  77.93  78.07  73.67  83.55  82.91  78.87  74.97  67.19
  65.03  41.26  57.29  53.05  47.76  50.06  50.34  39.46  84.55  99.89
 100.  ]
episode: 3000 | stock price [100.   101.97 104.14 104.17 103.4  105.22 104.71 103.96 103.17 101.84
 101.53  99.08 100.61 100.21  99.74  99.96  99.99  99.34 101.98 104.05
 102.28]
episode: 3000 | option price [225.84 324.3  488.14 490.21 434.48 572.91 519.22 459.78 392.41 280.47
 255.02 111.15 180.88 155.51 126.4  121.72 104.68  65.27 214.13 405.34
 228.21]

{'path_row': 4001, 'model_params': {'mu': 0.05, 'vol': 0.2, 'volvol': 0.6, 'beta': 1.0, 'rho': -0.4}}
episode: 4000 | final wealth: -17.38; so far mean and variance of final wealth was -251.92318603374696 and 59870.632568317626
episode: 4000 | so far Y(0): 618.95
episode: 4000 | rewards: [-51.94  -8.86   2.9  -12.22 -15.13  26.33  20.75  -8.74  14.82  41.53
   2.57  31.46 -44.66 -25.38  51.44  26.05 -16.88  -4.78 -25.02 -21.63]
episode: 4000 | action taken: [51.13 49.55 42.37 51.31 54.49 54.73 51.42 59.01 36.29 32.12 18.03 12.03
  4.97  6.82  5.59  2.92  7.28  1.58  0.01  0.  ]
episode: 4000 | deltas [ 51.13  45.79  49.39  46.95  63.36  76.06  71.91  59.41  65.77  57.64
  41.23  37.47  19.61  39.39  51.11  32.03  16.66  32.74  36.5   62.02
 100.  ]
episode: 4000 | stock price [100.    99.26  99.75  99.42 101.71 103.45 102.62 101.   101.77 100.73
  99.08  98.82  97.29  99.17 100.04  98.84  97.94  99.14  99.44 100.33
 100.84]
episode: 4000 | option price [225.84 185.41 216.68 192.93 312.31 419.14 347.22 239.55 286.04 209.01
 110.27  88.86  32.9   79.61 109.05  49.65  18.31  39.64  39.23  62.68
  84.31]

{'path_row': 5001, 'model_params': {'mu': 0.05, 'vol': 0.2, 'volvol': 0.6, 'beta': 1.0, 'rho': -0.4}}
episode: 5000 | final wealth: -282.97; so far mean and variance of final wealth was -255.22687516133462 and 60329.710787635995
episode: 5000 | so far Y(0): 623.66
episode: 5000 | rewards: [ -39.9    -9.33   12.06   23.69    1.95   -8.49   19.87  -27.13  -41.25
  -27.     14.1     3.06  -34.49  -10.27   55.21   92.04 -117.   -243.2
   -1.56   54.66]
episode: 5000 | action taken: [51.13 38.11 35.05 37.39 39.39 45.93 45.25 26.46 22.04 27.38 23.07 34.09
 22.66 18.09 17.13  2.52  0.14  0.21  0.    0.  ]
episode: 5000 | deltas [ 51.13  52.97  57.14  52.26  44.51  37.91  58.79  49.42  59.89  72.88
  79.29  81.59  79.71  85.63  90.69  85.11  63.39  91.16  99.99 100.
 100.  ]
episode: 5000 | stock price [100.   100.26 100.78 100.16  99.27  98.53 100.88  99.86 100.84 101.95
 102.51 102.39 102.14 102.58 102.76 102.01 100.6  102.13 104.63 104.65
 104.1 ]
episode: 5000 | option price [225.84 227.26 243.54 206.45 147.16 113.97 223.67 156.67 190.22 251.47
 288.16 267.   243.88 276.76 285.59 216.55 104.96 219.74 463.4  464.74
 410.08]

{'path_row': 6001, 'model_params': {'mu': 0.05, 'vol': 0.2, 'volvol': 0.6, 'beta': 1.0, 'rho': -0.4}}
episode: 6000 | final wealth: -98.95; so far mean and variance of final wealth was -255.50225990006834 and 59917.226548928964
episode: 6000 | so far Y(0): 622.67
episode: 6000 | rewards: [ -52.37  -64.31   38.35    7.57  -24.41  -16.08  -10.99  -11.76    2.72
 -162.22  -62.87  -97.94  101.12  165.26   -4.62   62.1    40.51  -99.9
   41.45   49.43]
episode: 6000 | action taken: [ 51.13  55.96  64.19  51.28  64.72  66.37  67.56  78.9   85.75  85.23
  89.25  93.04  95.09  97.37  99.82  99.95 100.   100.   100.   100.  ]
episode: 6000 | deltas [51.13 46.5  24.26 28.8  33.79 31.8  26.45 22.73 22.01 23.4   8.36  4.34
  1.49  2.56  4.71  2.58  3.12  2.61  0.05  0.    0.  ]
episode: 6000 | stock price [100.    99.36  96.17  97.11  97.86  97.57  96.98  96.6   96.55  96.72
  94.32  93.56  92.5   93.59  95.34  95.28  95.91  96.31  95.29  95.7
  97.17]
episode: 6000 | option price [225.84 191.4   72.26  85.67 104.23  96.64  71.53  55.88  52.77  57.73
  14.78   6.29   1.72   3.02   5.21   2.29   2.58   1.83   0.02   0.
   0.  ]

{'path_row': 7001, 'model_params': {'mu': 0.05, 'vol': 0.2, 'volvol': 0.6, 'beta': 1.0, 'rho': -0.4}}
episode: 7000 | final wealth: -283.24; so far mean and variance of final wealth was -256.2084113444693 and 60479.34433452012
episode: 7000 | so far Y(0): 625.10
episode: 7000 | rewards: [ -53.03    9.36   -5.45  -20.06   -9.66   -3.89    0.7     4.46  -10.6
  -76.67  -41.03 -174.4    89.2   -42.29 -120.72  -78.73   27.55  131.97
  -76.48  166.53]
episode: 7000 | action taken: [51.13 43.23 37.36 28.49 29.77 32.26 37.63 37.72 28.53 15.62 13.91  9.51
  6.42  3.18  0.92  0.22  0.06  0.02  0.    0.  ]
episode: 7000 | deltas [ 51.13  47.95  34.78  30.09  43.97  50.23  53.14  45.89  43.13  40.59
  59.62  70.2   88.72  85.5   91.03  97.04  99.47  99.75  99.63 100.
 100.  ]
episode: 7000 | stock price [100.    99.55  97.89  97.29  99.14  99.91 100.26  99.4   99.08  98.74
 100.99 102.07 104.58 103.55 104.08 105.38 106.19 105.91 104.59 105.36
 103.7 ]
episode: 7000 | option price [225.84 203.44 113.88  91.1  154.66 186.07 198.62 160.17 143.73 135.34
 232.32 286.69 480.14 381.05 421.69 541.22 619.39 591.65 459.61 536.08
 369.54]

{'path_row': 8001, 'model_params': {'mu': 0.05, 'vol': 0.2, 'volvol': 0.6, 'beta': 1.0, 'rho': -0.4}}
episode: 8000 | final wealth: -16.54; so far mean and variance of final wealth was -257.0905063587289 and 60706.94439083508
episode: 8000 | so far Y(0): 626.67
episode: 8000 | rewards: [-42.03  -2.53 -10.34 -15.97 -28.45  15.72  -1.48   4.37  -5.49 -28.85
 -53.52 -97.89  92.55 131.78  42.79   1.77  12.49  13.59 -10.91 -34.14]
episode: 8000 | action taken: [51.13 56.51 44.99 66.64 51.75 50.7  57.26 57.88 47.99 67.83 86.12 91.06
 93.06 93.35 91.31 77.78 92.88 97.05 83.74 61.99]
episode: 8000 | deltas [ 51.13  59.47  61.07  57.59  57.3   71.92  65.35  56.72  52.32  46.55
  37.58  29.34  17.44  26.06  46.83  60.81  66.6   81.46  92.89  99.02
 100.  ]
episode: 8000 | stock price [100.   101.1  101.29 100.86 100.8  102.63 101.74 100.68 100.16  99.53
  98.66  97.88  96.48  97.71  99.71 100.76 101.11 102.09 102.49 102.64
 101.25]
episode: 8000 | option price [225.84 265.16 273.13 252.06 242.14 348.77 286.74 220.46 185.55 150.77
 100.43  67.63  33.35  53.19 108.   159.25 170.51 233.81 254.99 264.51
 125.05]

{'path_row': 9001, 'model_params': {'mu': 0.05, 'vol': 0.2, 'volvol': 0.6, 'beta': 1.0, 'rho': -0.4}}
episode: 9000 | final wealth: -60.19; so far mean and variance of final wealth was -256.24670702742276 and 60453.55059623289
episode: 9000 | so far Y(0): 625.06
episode: 9000 | rewards: [ -47.32   -0.01  -33.43  -23.61    6.96  -48.58   16.56  -12.09   -3.6
   -3.75  -31.01 -105.79  -32.02   51.76  105.99    4.26   64.43   19.07
   12.26   -0.26]
episode: 9000 | action taken: [51.13 66.35 79.98 72.63 58.54 41.71 40.85 22.46 18.35 18.06 11.54  5.15
  1.84  0.79  0.39  0.02  0.03  0.01  0.06  0.12]
episode: 9000 | deltas [51.13 53.1  56.28 46.36 40.82 43.36 21.79 25.11 20.77 27.14 37.41 48.63
 71.52 77.04 70.39 48.62 52.1  27.26 15.28  0.    0.  ]
episode: 9000 | stock price [100.   100.28 100.7   99.44  98.78  99.17  96.5   97.12  96.69  97.61
  98.84  99.83 101.74 102.2  101.52  99.87 100.09  98.82  98.35  95.
  94.39]
episode: 9000 | option price [225.84 235.77 248.21 166.55 135.06 136.76  52.33  60.24  44.76  61.23
  86.78 122.74 231.62 261.1  207.73 100.69  96.06  31.58  12.5    0.
   0.  ]

{'path_row': 10001, 'model_params': {'mu': 0.05, 'vol': 0.2, 'volvol': 0.6, 'beta': 1.0, 'rho': -0.4}}
episode: 10000 | final wealth: -149.55; so far mean and variance of final wealth was -255.65232458183073 and 60367.27020624488
episode: 10000 | so far Y(0): 624.20
episode: 10000 | rewards: [-46.37 -26.43   8.47   5.42  10.79  10.9    6.01  -0.4   25.62   3.8
 -21.52  36.2  -29.11 -39.96  21.44 -17.79  -3.78   2.76  -8.76 -86.84]
episode: 10000 | action taken: [ 51.13  47.42  41.76  39.79  42.47  44.12  53.86  52.93  61.38  67.38
  71.77  72.33  67.66  78.29  77.36  94.16  99.92 100.   100.   100.  ]
episode: 10000 | deltas [ 51.13  48.67  29.36  36.9   37.01  40.12  47.69  53.21  40.73  61.65
  61.41  45.6   80.63  92.72  98.58  96.89  89.84  90.05  91.72  78.34
 100.  ]
episode: 10000 | stock price [100.    99.66  96.92  98.08  98.17  98.67  99.63 100.25  98.98 101.03
 100.93  99.59 102.51 103.97 105.63 104.56 102.86 102.41 102.24 100.93
 101.84]
episode: 10000 | option price [225.84 203.17  95.54 129.81 125.95 133.92 163.87 181.4  113.7  204.52
 188.38 109.07 283.04 406.44 564.41 459.44 297.19 250.49 230.04 108.38
 183.87]

{'path_row': 11001, 'model_params': {'mu': 0.05, 'vol': 0.2, 'volvol': 0.6, 'beta': 1.0, 'rho': -0.4}}
episode: 11000 | final wealth: 38.54; so far mean and variance of final wealth was -255.9868004778344 and 60414.58814255053
episode: 11000 | so far Y(0): 624.68
episode: 11000 | rewards: [ -58.21   -0.64   -4.34    4.6     1.65  -34.56  -15.82 -171.15   74.5
   37.81   -9.41  -49.49    2.44  -25.81  103.57  -64.65   44.82   62.38
   91.47   49.35]
episode: 11000 | action taken: [51.13 45.18 35.43 25.97 27.41 13.28  8.36  3.81  5.88  9.77  5.71 11.53
  5.88  7.35  0.7   0.19  0.04  0.    0.    0.  ]
episode: 11000 | deltas [51.13 43.09 43.16 35.79 23.04 38.3  45.72 47.53 74.69 68.99 65.16 67.94
 76.67 77.63 82.34 68.27 83.14 79.42 74.59 50.71  0.  ]
episode: 11000 | stock price [100.    98.89  98.93  97.93  96.19  98.47  99.39  99.6  102.79 101.85
 101.32 101.52 102.31 102.28 102.67 101.26 102.26 101.77 101.14 100.01
  99.94]
episode: 11000 | option price [225.84 168.24 164.76 123.74  64.03 123.32 155.89 168.5  346.74 264.59
 217.66 224.07 276.77 268.35 295.53 183.93 248.25 203.25 140.83  49.36
   0.  ]

{'path_row': 12001, 'model_params': {'mu': 0.05, 'vol': 0.2, 'volvol': 0.6, 'beta': 1.0, 'rho': -0.4}}
episode: 12000 | final wealth: -253.28; so far mean and variance of final wealth was -256.1396176317657 and 60728.04060514779
episode: 12000 | so far Y(0): 625.79
episode: 12000 | rewards: [ -80.88   13.68   -2.08   24.12  -38.12  -22.07  -27.64   -2.33    9.5
  -17.13   16.9    -3.73    5.26   14.69  -23.82   -3.61   -7.83    3.4
   -5.54 -106.06]
episode: 12000 | action taken: [51.13 47.2  50.23 51.14 71.15 65.65 66.04 62.55 51.16 43.89 38.65 50.5
 62.66 63.23 53.49 64.68 77.9  88.42 96.73 99.88]
episode: 12000 | deltas [ 51.13  67.03  60.56  65.95  50.41  42.69  35.18  30.25  28.08  29.34
  22.33  46.15  51.96  59.58  66.38  80.91  81.4   65.48  97.54  98.71
 100.  ]
episode: 12000 | stock price [100.   102.18 101.25 101.91  99.94  99.07  98.26  97.59  97.43  97.8
  97.05  99.59 100.11 100.7  101.09 102.12 101.98 100.74 103.11 102.48
 103.34]
episode: 12000 | option price [225.84 335.91 274.49 306.42 180.86 136.39  99.47  82.86  71.7   69.9
  47.   122.77 140.73 159.9  169.7  238.42 221.82 118.53 312.97 248.11
 333.85]

{'path_row': 13001, 'model_params': {'mu': 0.05, 'vol': 0.2, 'volvol': 0.6, 'beta': 1.0, 'rho': -0.4}}
episode: 13000 | final wealth: -98.94; so far mean and variance of final wealth was -255.9440183513466 and 60645.56729102756
episode: 13000 | so far Y(0): 625.34
episode: 13000 | rewards: [-42.94   7.18  24.23   0.18  -2.39  -4.36 -21.18   7.27 -83.89  39.33
   4.43   1.03 -27.45 -37.22  -1.96 -55.02  86.42  12.81  46.02 -51.45]
episode: 13000 | action taken: [51.13 44.55 49.42 46.55 51.66 57.55 57.02 62.06 43.26 51.09 58.63 61.68
 61.87 42.61 40.85 24.39 14.56 15.75  0.79  0.  ]
episode: 13000 | deltas [ 51.13  48.76  40.97  49.47  54.67  54.92  64.7   84.18  83.53  93.44
  88.87  87.44  89.51  96.24  98.18  98.87  99.86  99.7   99.89  99.98
 100.  ]
episode: 13000 | stock price [100.    99.68  98.72  99.84 100.41 100.44 101.49 103.62 103.3  104.78
 103.66 103.31 103.33 104.31 104.65 104.66 105.17 104.03 103.87 103.24
 103.75]
episode: 13000 | option price [225.84 200.87 143.97 170.34 193.99 192.34 251.21 393.3  361.21 487.84
 382.57 350.2  347.24 435.03 466.37 467.06 517.07 403.44 386.78 324.5
 375.14]

{'path_row': 14001, 'model_params': {'mu': 0.05, 'vol': 0.2, 'volvol': 0.6, 'beta': 1.0, 'rho': -0.4}}
episode: 14000 | final wealth: -149.95; so far mean and variance of final wealth was -256.68032737211246 and 60894.70232737981
episode: 14000 | so far Y(0): 626.83
episode: 14000 | rewards: [ -57.4     1.09   -1.58   18.71  -15.38    4.9   -52.89   47.58   12.16
    8.37  -16.1   -17.8     5.73   10.3     5.01    3.72   -3.49    1.39
   -0.01 -104.28]
episode: 14000 | action taken: [ 51.13  64.55  73.74  78.74  71.48  75.49  60.42  61.71  60.87  55.88
  63.45  83.23  90.07  92.41  95.04  93.83  98.5   99.58  99.99 100.  ]
episode: 14000 | deltas [ 51.13  55.3   60.56  59.17  65.39  70.05  78.51  87.95  76.43  69.51
  66.8   82.19  74.89  79.75  85.5   89.12  96.52  96.79  99.33 100.
 100.  ]
episode: 14000 | stock price [100.   100.6  101.33 101.07 101.83 102.63 103.87 105.63 103.34 102.32
 101.87 103.75 102.47 102.9  103.4  103.65 104.84 104.39 104.7  105.51
 104.27]
episode: 14000 | option price [225.84 260.45 292.46 266.12 302.22 366.86 451.27 593.03 403.22 327.74
 289.04 416.38 305.88 331.56 365.32 380.69 487.49 441.68 470.27 550.87
 426.94]

{'path_row': 15001, 'model_params': {'mu': 0.05, 'vol': 0.2, 'volvol': 0.6, 'beta': 1.0, 'rho': -0.4}}
episode: 15000 | final wealth: -21.25; so far mean and variance of final wealth was -257.5821695761257 and 61143.355801884616
episode: 15000 | so far Y(0): 628.49
episode: 15000 | rewards: [ -82.17    4.58  -55.2   -72.12   23.8    51.95  -30.91  -49.54   71.12
   36.73   84.36 -122.04 -142.4    41.12  140.85 -173.06   -2.34   42.88
  136.24   74.9 ]
episode: 15000 | action taken: [51.13 53.15 46.63 33.35 42.81 48.15 48.84 33.11 29.3  20.69 22.45 24.37
 12.15 28.39 13.42 12.13  7.81  3.89  0.7   0.  ]
episode: 15000 | deltas [ 51.13  65.05  68.07  78.56  84.04  79.44  65.17  72.68  79.58  70.12
  63.22  43.09  76.54  87.98  85.05  67.73  91.66  94.43  96.43  94.72
 100.  ]
episode: 15000 | stock price [100.   101.98 102.31 104.05 105.22 104.31 101.95 103.19 104.19 102.58
 101.59  99.04 103.06 104.92 104.03 101.63 104.35 104.39 103.94 102.53
 101.81]
episode: 15000 | option price [225.84 332.44 343.57 472.99 569.63 496.65 324.92 415.71 481.56 359.28
 293.12 149.49 367.47 518.67 434.57 242.73 447.46 445.58 396.85 256.26
 180.64]

{'path_row': 16001, 'model_params': {'mu': 0.05, 'vol': 0.2, 'volvol': 0.6, 'beta': 1.0, 'rho': -0.4}}
episode: 16000 | final wealth: -97.16; so far mean and variance of final wealth was -257.4918517202573 and 61026.86225692831
episode: 16000 | so far Y(0): 628.05
episode: 16000 | rewards: [ -51.28    7.83    3.13   -0.2    -2.01   -3.52   -0.46  -21.81  -84.37
   15.12   20.89 -112.67   21.17    0.46  -49.83   10.15  208.57   28.24
   34.57 -121.16]
episode: 16000 | action taken: [51.13 54.15 51.92 47.72 37.19 41.94 47.62 64.12 86.78 90.39 90.85 89.42
 96.34 96.8  94.17 99.44 98.31 91.27 94.84 99.97]
episode: 16000 | deltas [51.13 56.42 59.3  50.05 50.89 52.49 47.77 49.42 47.42 33.6  34.43 34.29
 15.43 16.24 15.69  8.99  8.   26.72 25.05 25.45  0.  ]
episode: 16000 | stock price [100.   100.74 101.1   99.87  99.98 100.18  99.61  99.82  99.58  98.04
  98.23  98.38  96.48  96.77  96.76  96.12  96.25  98.64  98.9   99.24
  98.89]
episode: 16000 | option price [225.84 260.38 268.66 199.73 201.05 199.95 174.65 179.43 169.26  94.56
  93.36  85.09  26.47  26.82  25.19  11.56   9.31  34.5   23.74  17.31
   0.  ]

{'path_row': 17001, 'model_params': {'mu': 0.05, 'vol': 0.2, 'volvol': 0.6, 'beta': 1.0, 'rho': -0.4}}
episode: 17000 | final wealth: -143.78; so far mean and variance of final wealth was -258.3854009016239 and 61324.94809244125
episode: 17000 | so far Y(0): 629.84
episode: 17000 | rewards: [ -69.57  -40.38   22.44   19.51  -67.55   14.6  -108.58  -78.29   76.84
    7.52   38.37    5.64  -72.02   40.76  -31.48   89.09   13.98  -23.29
   19.85   -1.22]
episode: 17000 | action taken: [51.13 59.63 73.6  68.85 77.02 70.31 79.15 67.38 51.4  53.35 62.66 54.35
 52.47 60.43 64.41 75.11 69.46 31.24 28.95  0.25]
episode: 17000 | deltas [51.13 42.79 30.23 31.75 34.96 23.05 21.67 13.28  5.9  15.84 16.29 23.19
 23.52  7.54 10.28  6.05 13.67 11.88 13.68 42.21  0.  ]
episode: 17000 | stock price [100.    98.8   97.04  97.51  98.02  96.58  96.75  95.22  93.97  96.22
  96.4   97.4   97.61  95.64  96.5   95.97  97.42  97.64  98.12  99.76
  97.71]
episode: 17000 | option price [225.84 173.19  99.94  98.51 109.33  57.93  48.3   26.96   9.22  29.76
  29.94  45.42  43.23   9.8   13.01   6.53  15.77  11.34  11.6   36.79
   0.  ]

{'path_row': 18001, 'model_params': {'mu': 0.05, 'vol': 0.2, 'volvol': 0.6, 'beta': 1.0, 'rho': -0.4}}
episode: 18000 | final wealth: -152.19; so far mean and variance of final wealth was -258.7860699445274 and 61811.67168952226
episode: 18000 | so far Y(0): 631.72
episode: 18000 | rewards: [-74.87   5.74  -6.25 -47.72 -17.42 -32.13 -48.74 -19.02 -87.76 -38.14
 -79.59  30.92  10.12 -14.08  94.35  97.16  70.22 -61.44  55.84  10.61]
episode: 18000 | action taken: [51.13 57.38 50.71 38.25 52.75 36.48 38.29 47.77 42.13 49.84 39.61 27.37
 30.71 50.42 34.41 39.09 48.97 52.14 56.5  58.68]
episode: 18000 | deltas [ 51.13  63.91  52.    53.8   62.89  68.52  73.89  81.17  85.18  92.44
  95.19  97.88  96.84  96.93  97.74  95.3   91.02  78.09  96.09  93.83
 100.  ]
episode: 18000 | stock price [100.   101.8  100.13 100.36 101.63 102.38 103.07 104.28 104.77 106.54
 107.28 108.51 107.87 107.67 107.57 105.78 104.   102.   103.84 102.44
 100.8 ]
episode: 18000 | option price [225.84 320.53 211.9  223.27 306.48 348.5  388.66 482.05 514.51 670.69
 737.34 854.12 792.27 772.63 760.05 584.89 413.18 233.63 387.91 247.93
  79.73]

{'path_row': 19001, 'model_params': {'mu': 0.05, 'vol': 0.2, 'volvol': 0.6, 'beta': 1.0, 'rho': -0.4}}
episode: 19000 | final wealth: -68.25; so far mean and variance of final wealth was -257.956704173123 and 61512.29677933042
episode: 19000 | so far Y(0): 629.98
episode: 19000 | rewards: [-50.3   -2.76   2.13   1.59  -6.88  12.49   7.3    0.3   -3.75 -17.98
  -0.24   6.24 -22.88 -16.44  11.39   1.55 -25.    -0.56  34.54   1.  ]
episode: 19000 | action taken: [51.13 49.95 50.28 39.7  34.46 36.97 45.52 41.06 51.63 34.09 27.82 22.31
 29.97 15.68  4.51  2.56  0.48  0.07  1.    0.  ]
episode: 19000 | deltas [51.13 47.71 51.72 50.64 48.45 53.16 51.06 43.71 36.   30.67 23.21 36.77
 26.63 12.23 25.46 12.57 12.06 26.4  30.32  3.38  0.  ]
episode: 19000 | stock price [100.    99.52 100.08  99.93  99.65 100.28 100.01  99.19  98.37  97.96
  97.21  98.76  97.83  96.18  97.88  96.56  96.87  98.4   98.92  97.21
  98.91]
episode: 19000 | option price [225.84 199.21 228.76 218.74 195.34 218.48 193.73 140.52 101.85  73.98
  48.71  85.85  53.36  18.92  46.73  17.94  15.28  38.98  39.17   1.99
   0.  ]

{'path_row': 20001, 'model_params': {'mu': 0.05, 'vol': 0.2, 'volvol': 0.6, 'beta': 1.0, 'rho': -0.4}}
episode: 20000 | final wealth: 33.72; so far mean and variance of final wealth was -258.4213776818903 and 61650.98179068592
episode: 20000 | so far Y(0): 630.87
episode: 20000 | rewards: [-57.68   9.28 -16.1   -2.51  12.84  19.48 -10.89   1.2  -23.14  28.28
  -0.55 -14.18  54.13  24.71   0.82   2.83   2.47   3.32  -0.93   0.33]
episode: 20000 | action taken: [51.13 49.29 33.68 38.   45.36 52.19 38.12 34.07 11.8   8.69 12.65 11.69
 13.9  14.36  6.6   3.33  3.24  3.39  0.12  0.01]
episode: 20000 | deltas [51.13 49.05 45.52 47.22 47.66 38.1  54.69 48.33 50.97 51.54 47.63 47.31
 53.53 33.5  14.75  9.96  3.83  1.59  3.8   1.11  0.  ]
episode: 20000 | stock price [100.    99.69  99.23  99.47  99.54  98.45 100.42  99.71 100.01 100.07
  99.7   99.67 100.25  98.47  96.64  96.34  95.41  95.38  96.84  97.24
  96.52]
episode: 20000 | option price [225.84 216.11 182.32 191.   191.78 121.85 198.27 167.42 172.61 174.19
 139.51 135.8  155.83  74.6   23.28  12.9    3.83   1.18   2.64   0.45
   0.  ]

{'path_row': 21001, 'model_params': {'mu': 0.05, 'vol': 0.2, 'volvol': 0.6, 'beta': 1.0, 'rho': -0.4}}
episode: 21000 | final wealth: -247.54; so far mean and variance of final wealth was -258.1603297177874 and 61634.404534918416
episode: 21000 | so far Y(0): 630.55
episode: 21000 | rewards: [ -38.41  -21.07   -8.59    7.7     0.45    1.9   -28.15    6.62   -5.52
   -1.51   -4.61   -3.96   -0.2   -18.08  -14.35   -4.17   -3.41   -3.05
   -0.22 -108.9 ]
episode: 21000 | action taken: [ 51.13  67.3   78.67  82.94  69.56  72.97  65.1   76.37  87.36  95.27
  90.36  97.39  97.61  87.95  85.34  88.31  97.03  99.79  99.97 100.  ]
episode: 21000 | deltas [ 51.13  57.19  75.    74.43  77.75  75.95  75.03  84.06  80.42  85.44
  88.85  93.98  96.62  99.23  99.79  99.94  99.98  99.88 100.   100.
 100.  ]
episode: 21000 | stock price [100.   100.81 103.46 103.29 103.63 103.11 102.87 104.28 103.26 103.93
 104.39 105.46 106.03 107.6  108.28 109.08 109.16 106.7  107.47 108.46
 108.87]
episode: 21000 | option price [225.84 250.11 428.53 412.05 428.37 377.52 355.17 466.79 370.03 422.23
 459.29 555.33 607.53 760.68 828.35 907.65 915.9  669.89 747.41 846.36
 886.67]

{'path_row': 22001, 'model_params': {'mu': 0.05, 'vol': 0.2, 'volvol': 0.6, 'beta': 1.0, 'rho': -0.4}}
episode: 22000 | final wealth: -147.25; so far mean and variance of final wealth was -258.4876514985112 and 61717.21475313232
episode: 22000 | so far Y(0): 631.13
episode: 22000 | rewards: [-48.59  -2.1  -14.2   53.2  -10.37  -0.24  12.31   0.04 -35.6   15.11
 -69.27  15.79   2.88  -5.5  -30.75  -6.92   9.35  -3.93  -1.31 -27.14]
episode: 22000 | action taken: [51.13 60.6  43.03 39.09 24.93 27.01 23.26 28.75 21.59 19.69 28.06 39.99
 52.31 46.5  31.63 18.03  7.86 13.5  21.11  7.53]
episode: 22000 | deltas [51.13 52.11 65.66 65.06 38.32 41.79 43.11 35.41 35.75 52.86 51.34 73.23
 67.83 47.46 32.17 10.76 27.31  6.63  4.01  0.85  0.  ]
episode: 22000 | stock price [100.   100.14 102.08 101.97  98.35  98.88  99.07  98.15  98.26 100.21
 100.05 102.14 101.48  99.75  98.62  96.72  98.56  96.94  96.83  97.
  96.11]
episode: 22000 | option price [225.84 230.32 339.43 331.24 131.88 141.52 144.79 107.36 105.08 175.19
 155.11 273.76 219.24 112.36  59.25  13.18  38.55   5.75   2.85   0.35
   0.  ]

{'path_row': 23001, 'model_params': {'mu': 0.05, 'vol': 0.2, 'volvol': 0.6, 'beta': 1.0, 'rho': -0.4}}
episode: 23000 | final wealth: -225.53; so far mean and variance of final wealth was -258.17066663409514 and 61727.794445863045
episode: 23000 | so far Y(0): 630.85
episode: 23000 | rewards: [ -52.53  -27.78   -4.21  -17.29   -5.48   12.16    5.31  -11.99    8.74
  -29.65 -103.44   44.53  -16.54  -30.28   45.97   -6.05   -3.8    75.99
   42.84 -152.01]
episode: 23000 | action taken: [51.13 52.81 61.53 46.89 49.96 42.97 36.64 48.55 47.5  60.04 68.63 57.02
 46.06 49.23 40.95 41.65 53.35 58.88 70.32 99.26]
episode: 23000 | deltas [51.13 46.34 35.65 32.62 32.74 29.34 37.38 40.81 50.41 49.63 40.09 20.6
 26.69 22.2  13.76 25.39 15.57 10.16 27.29 45.91  0.  ]
episode: 23000 | stock price [100.    99.33  97.74  97.44  97.42  97.    98.23  98.78  99.93  99.85
  98.74  96.24  97.45  96.99  95.98  97.86  97.13  97.06  98.81  99.84
  99.1 ]
episode: 23000 | option price [225.84 190.21 132.07 109.6  111.68  93.11 126.78 135.28 191.06 177.35
 127.33  49.63  62.46  47.26  24.4   46.82  22.1   10.77  31.97  50.01
   0.  ]

{'path_row': 24001, 'model_params': {'mu': 0.05, 'vol': 0.2, 'volvol': 0.6, 'beta': 1.0, 'rho': -0.4}}
episode: 24000 | final wealth: -107.59; so far mean and variance of final wealth was -258.6352793859607 and 61500.6178338646
episode: 24000 | so far Y(0): 630.63
episode: 24000 | rewards: [ -78.35   -0.6    -9.07  -25.5    -2.4   -12.65    0.93  -11.25   66.08
   26.08   21.16    9.58   14.49  -14.56   17.67   -2.21   -2.84   -2.76
   -0.33 -101.06]
episode: 24000 | action taken: [ 51.13  46.47  55.35  65.37  74.3   65.86  58.86  70.62  81.12  89.01
  95.67  96.97  96.19  97.11  97.43  90.39  96.07  99.14  99.98 100.  ]
episode: 24000 | deltas [ 51.13  38.82  45.99  64.95  58.8   61.74  54.61  45.26  43.34  63.6
  72.49  79.84  82.    88.04  80.15  88.06  91.38  98.82  97.88  97.82
 100.  ]
episode: 24000 | stock price [100.    98.27  99.28 101.99 101.14 101.59 100.5   99.24  99.02 101.6
 102.67 103.49 103.48 104.1  102.83 103.61 103.84 105.67 104.3  102.93
 102.23]
episode: 24000 | option price [225.84 145.22 188.21 337.   296.05 322.85 255.14 172.8  156.92 287.85
 348.87 399.02 387.08 431.84 321.8  380.29 395.29 568.02 431.75 294.42
 223.32]

{'path_row': 25001, 'model_params': {'mu': 0.05, 'vol': 0.2, 'volvol': 0.6, 'beta': 1.0, 'rho': -0.4}}
episode: 25000 | final wealth: -500.19; so far mean and variance of final wealth was -258.206299658663 and 61261.568178622496
episode: 25000 | so far Y(0): 629.47
episode: 25000 | rewards: [ -74.62    9.47  -67.4   -12.47    9.29    2.21    6.42  -37.32   29.16
  -17.34  -36.86  -11.33 -129.67  -29.51   -9.58 -176.36  -76.99  -75.52
  107.83   90.4 ]
episode: 25000 | action taken: [51.13 52.43 76.46 65.35 52.14 43.41 51.86 54.63 61.94 62.15 68.96 55.85
 67.36 66.24 83.77 89.3  86.61 88.1  94.93 93.77]
episode: 25000 | deltas [51.13 39.36 46.49 40.44 38.08 50.26 33.95 36.17 26.35 33.21 24.23 19.21
 17.51  4.95  2.77  1.91  0.12  0.01  0.    0.    0.  ]
episode: 25000 | stock price [100.    98.36  99.36  98.43  98.14  99.89  97.81  98.19  96.83  97.83
  96.9   96.23  96.14  93.96  93.48  93.54  91.61  90.75  89.9   91.11
  93.01]
episode: 25000 | option price [225.84 147.64 189.56 160.77 143.07 210.76 108.57 113.86  74.07  99.82
  59.25  43.09  36.67   7.13   3.42   2.06   0.09   0.     0.     0.
   0.  ]

{'path_row': 26001, 'model_params': {'mu': 0.05, 'vol': 0.2, 'volvol': 0.6, 'beta': 1.0, 'rho': -0.4}}
episode: 26000 | final wealth: -527.93; so far mean and variance of final wealth was -258.6056312676998 and 61390.5805081033
episode: 26000 | so far Y(0): 630.26
episode: 26000 | rewards: [ -30.78    8.35  -52.19   10.84   23.79   19.77    4.83  -42.11   13.31
   54.52   -7.08   -8.51   -6.03  -44.18  -14.86  -62.13  -50.7   -88.59
 -205.45  -50.74]
episode: 26000 | action taken: [51.13 52.72 38.06 32.18 30.23 28.37 32.07 27.97 23.98 16.36 17.12  6.61
  5.88  2.21  0.82  0.88  0.95  0.46  0.01  0.  ]
episode: 26000 | deltas [ 51.13  46.96  44.73  61.82  56.57  50.74  38.6   32.19  54.9   53.77
  29.99  33.99  36.05  38.07  50.36  55.97  72.78  83.37  95.71 100.
 100.  ]
episode: 26000 | stock price [100.    99.48  99.25 101.35 100.69  99.98  98.53  97.82 100.45 100.31
  97.73  98.2   98.56  98.78  99.97 100.44 101.69 102.46 103.54 105.63
 106.14]
episode: 26000 | option price [225.84 177.41 155.33 270.53 232.4  185.01 122.43  90.98 202.44 181.64
  76.42  90.77  91.28  97.86 141.   154.86 218.02 269.38 357.96 562.95
 613.69]

{'path_row': 27001, 'model_params': {'mu': 0.05, 'vol': 0.2, 'volvol': 0.6, 'beta': 1.0, 'rho': -0.4}}
episode: 27000 | final wealth: -1.99; so far mean and variance of final wealth was -258.5686263441617 and 61398.755348612634
episode: 27000 | so far Y(0): 630.25
episode: 27000 | rewards: [-59.44  -9.55   3.    -4.53 -25.83   6.21  27.55  10.4  -27.45  55.08
   2.49  26.76   4.11   4.72  -6.33  -4.43  -5.79  -0.53  -2.18   3.77]
episode: 27000 | action taken: [51.13 56.43 54.78 51.13 45.87 49.57 41.73 39.   23.1  26.1  13.98  8.32
  8.73 16.01  8.63  8.01  1.25  0.2   0.    0.  ]
episode: 27000 | deltas [51.13 60.13 50.52 45.39 56.59 69.21 66.03 57.83 56.19 60.15 43.69 37.84
 24.79 24.16 10.05  4.64  1.76  1.97  1.99  4.67  0.  ]
episode: 27000 | stock price [100.   101.26  99.92  99.25 100.75 102.46 101.98 100.83 100.6  101.04
  99.27  98.63  97.05  97.09  95.4   94.32  93.32  93.87  94.78  96.62
  98.21]
episode: 27000 | option price [225.84 288.26 216.54 175.19 252.52 351.34 317.76 233.83 211.95 233.4
 128.96 105.43  59.72  55.54  16.26   6.15   1.91   2.05   1.78   3.77
   0.  ]

{'path_row': 28001, 'model_params': {'mu': 0.05, 'vol': 0.2, 'volvol': 0.6, 'beta': 1.0, 'rho': -0.4}}
episode: 28000 | final wealth: 24.40; so far mean and variance of final wealth was -258.6870642623294 and 61445.05421614727
episode: 28000 | so far Y(0): 630.51
episode: 28000 | rewards: [-87.23   0.02 -17.48  17.7    2.03  22.46   0.84  20.41  13.72  29.56
  -7.22  17.03 -13.9   19.69  -4.11 -10.39   7.46   9.93   3.83   0.03]
episode: 28000 | action taken: [51.13 45.39 21.69 17.33 12.37  5.96  7.53  6.63  2.8   8.32 10.99  4.82
  1.31  0.23  0.32  0.24  0.37  0.06  0.    0.  ]
episode: 28000 | deltas [51.13 40.73 45.6  47.41 41.53 41.03 35.37 36.61 34.01 29.02 10.29 21.8
  9.56 16.75  5.21  8.59 16.28 12.71  5.13  0.1   0.  ]
episode: 28000 | stock price [100.    98.44  99.18  99.49  98.68  98.65  97.94  98.21  98.1   97.49
  94.81  96.91  95.27  96.83  94.77  95.98  97.41  97.36  96.93  95.8
  96.42]
episode: 28000 | option price [225.84 166.01 194.23 194.75 158.59 151.34 118.24 117.94  95.87  76.68
  18.92  46.59  15.4   27.93   6.72  11.12  21.79  14.18   3.93   0.04
   0.  ]

{'path_row': 29001, 'model_params': {'mu': 0.05, 'vol': 0.2, 'volvol': 0.6, 'beta': 1.0, 'rho': -0.4}}
episode: 29000 | final wealth: -1202.09; so far mean and variance of final wealth was -259.0105614873156 and 61354.99319204379
episode: 29000 | so far Y(0): 630.56
episode: 29000 | rewards: [ -48.87  -42.87    2.12   11.35  -36.86  -62.9  -114.77   72.42   60.98
 -164.65  -89.39  -50.98 -128.97  261.74  -84.02 -175.8  -216.57 -258.57
 -159.64   24.16]
episode: 29000 | action taken: [51.13 42.27 41.63 27.64 19.38  9.91  7.34  1.96  0.34  0.71  1.94  2.28
  2.87  0.85  3.26  3.24  1.78  0.2   0.02  0.02]
episode: 29000 | deltas [ 51.13  52.5   67.76  67.48  64.29  69.36  73.41  84.71  81.1   76.86
  88.97  93.02  95.52  98.2   93.38  96.68  99.36  99.99 100.   100.
 100.  ]
episode: 29000 | stock price [100.   100.19 102.39 102.33 101.8  102.49 103.24 104.99 104.09 103.32
 105.39 106.39 106.97 108.35 105.6  106.51 108.37 110.56 113.14 114.73
 114.49]
episode: 29000 | option price [ 225.84  233.26  358.94  353.75  313.39  355.18  415.66  540.56  460.67
  397.74  563.46  653.51  705.45  837.74  571.38  655.81  837.63 1056.51
 1313.79 1473.27 1449.08]

{'path_row': 30001, 'model_params': {'mu': 0.05, 'vol': 0.2, 'volvol': 0.6, 'beta': 1.0, 'rho': -0.4}}
episode: 30000 | final wealth: -249.42; so far mean and variance of final wealth was -259.3438247371549 and 61343.27657943313
episode: 30000 | so far Y(0): 630.86
episode: 30000 | rewards: [ -50.05    3.24  -10.34  -18.77  -48.83   24.36   56.46  -54.12   -5.94
    8.04  -36.62   -8.42  -14.58   -2.56   -4.47    5.47   11.2     3.71
   -0.88 -106.32]
episode: 30000 | action taken: [51.13 47.99 56.51 52.4  45.46 52.94 43.43 39.94 54.75 56.66 70.49 77.67
 94.12 93.4  94.19 96.46 98.31 97.59 96.01 99.91]
episode: 30000 | deltas [ 51.13  57.5   54.82  59.2   71.38  81.51  80.52  70.76  82.05  83.24
  81.1   92.84  93.92  93.74  86.92  80.24  83.06  92.86  97.76  99.93
 100.  ]
episode: 30000 | stock price [100.   100.88 100.51 101.11 102.83 104.4  103.78 102.13 103.58 103.5
 103.16 104.83 104.96 104.56 103.18 102.15 102.16 102.98 103.31 103.47
 102.44]
episode: 30000 | option price [225.84 264.88 240.3  276.37 380.77 493.73 428.29 289.84 398.25 384.71
 355.04 493.76 505.22 464.19 336.96 244.34 237.12 304.67 332.12 346.79
 244.1 ]

{'path_row': 31001, 'model_params': {'mu': 0.05, 'vol': 0.2, 'volvol': 0.6, 'beta': 1.0, 'rho': -0.4}}
episode: 31000 | final wealth: -186.07; so far mean and variance of final wealth was -259.05871346350756 and 61238.409664187784
episode: 31000 | so far Y(0): 630.25
episode: 31000 | rewards: [ -48.45  -20.18  -60.72    7.46   -3.06    4.7    38.96    5.85  -23.25
  -16.21   -8.84    5.69  -30.19   44.88   -1.93   12.52   -1.35   14.53
    3.9  -110.38]
episode: 31000 | action taken: [51.13 45.94 35.87 34.29 22.3  34.19 38.48 49.25 23.34 47.16 61.84 57.73
 65.12 66.81 75.19 72.99 75.21 64.26 76.71 93.22]
episode: 31000 | deltas [ 51.13  50.75  61.82  75.27  72.24  72.37  70.76  63.2   57.36  58.48
  50.7   62.33  58.08  37.71  75.18  65.21  81.75  90.79  90.77  93.
 100.  ]
episode: 31000 | stock price [100.    99.95 101.53 103.46 103.07 103.   102.67 101.51 100.75 100.85
  99.98 101.28 100.76  98.74 102.39 101.21 102.48 103.15 102.49 101.95
 102.28]
episode: 31000 | option price [225.84 220.53 307.86 426.68 404.16 393.28 365.18 277.06 222.5  222.06
 172.22 245.67 205.8   96.57 293.57 198.17 275.76 325.77 257.2  198.72
 228.25]

{'path_row': 32001, 'model_params': {'mu': 0.05, 'vol': 0.2, 'volvol': 0.6, 'beta': 1.0, 'rho': -0.4}}
episode: 32000 | final wealth: -383.19; so far mean and variance of final wealth was -259.17034316904926 and 61174.572975235176
episode: 32000 | so far Y(0): 630.17
episode: 32000 | rewards: [ -78.33    2.48   -5.25  -67.21  -74.49  -22.65  -39.84   69.64   22.87
   11.72  -20.43   -0.19    0.48   -9.72  -43.72  -18.92   -3.56   -0.48
   -0.28 -105.32]
episode: 32000 | action taken: [ 51.13  45.79  60.38  39.99  37.48  37.12  51.    34.91  49.23  61.48
  81.84  91.36  86.49  85.35  74.17  95.32  99.27  99.73 100.   100.  ]
episode: 32000 | deltas [ 51.13  40.75  48.63  63.38  75.24  87.34  91.56  94.43  89.4   85.9
  82.45  83.73  88.67  88.89  96.41  99.19  98.81  99.76  99.99 100.
 100.  ]
episode: 32000 | stock price [100.    98.49  99.65 101.76 103.53 105.49 106.07 106.73 105.19 104.28
 103.46 103.63 104.1  103.84 105.32 106.68 105.52 105.91 106.42 107.27
 105.32]
episode: 32000 | option price [225.84 161.2  206.32 321.9  436.04 581.19 625.01 683.67 541.6  458.37
 383.34 396.09 429.86 401.22 536.62 668.53 553.41 590.75 641.93 726.99
 531.58]

{'path_row': 33001, 'model_params': {'mu': 0.05, 'vol': 0.2, 'volvol': 0.6, 'beta': 1.0, 'rho': -0.4}}
episode: 33000 | final wealth: -141.49; so far mean and variance of final wealth was -259.29712237890857 and 61207.14425159556
episode: 33000 | so far Y(0): 630.40
episode: 33000 | rewards: [ -77.    -12.26   -9.86    3.11  -10.58   22.47  -13.74    2.97    2.79
   -7.41    0.81  -64.57   59.3    64.51    8.31   23.94  -21.22    2.33
   -8.82 -106.59]
episode: 33000 | action taken: [ 51.13  42.78  35.34  32.56  34.24  41.92  59.83  44.02  48.85  54.96
  69.59  83.82  81.14  82.85  73.39  79.04  91.2   91.14  99.99 100.  ]
episode: 33000 | deltas [ 51.13  38.7   37.92  31.42  36.97  28.35  48.15  49.96  44.86  39.26
  34.9   35.18  26.7   36.1   49.03  51.53  89.76  98.47  99.24  99.92
 100.  ]
episode: 33000 | stock price [100.    98.27  98.12  97.13  98.05  96.65  99.63  99.86  99.29  98.71
  98.28  98.43  97.49  98.6   99.86 100.07 103.58 105.81 105.64 105.13
 106.62]
episode: 33000 | option price [225.84 143.61 141.46 108.69 132.74  93.9  187.49 197.47 153.06 117.45
  95.28  90.31  61.58  89.52 127.86 125.49 372.17 582.04 564.39 513.52
 661.76]

{'path_row': 34001, 'model_params': {'mu': 0.05, 'vol': 0.2, 'volvol': 0.6, 'beta': 1.0, 'rho': -0.4}}
episode: 34000 | final wealth: -183.35; so far mean and variance of final wealth was -259.4265737244402 and 61288.6745615119
episode: 34000 | so far Y(0): 630.77
episode: 34000 | rewards: [ -56.33    1.66   -1.68  -23.58  -30.67  -24.64   28.25  -69.85  -18.62
  -15.87  -42.03 -166.55   -8.33  215.68   55.44   54.62  -28.36   -4.06
   11.96  -60.4 ]
episode: 34000 | action taken: [51.13 45.66 52.   47.26 64.51 59.02 63.32 40.16 44.71 54.98 55.2  53.3
 39.98 28.91 42.77 58.69 55.57 68.8  84.12 78.17]
episode: 34000 | deltas [ 51.13  57.97  47.25  53.81  71.01  80.41  85.86  81.55  87.61  88.78
  92.4   96.16  99.72  99.81  98.32  97.64  93.04  97.72  99.02  95.2
 100.  ]
episode: 34000 | stock price [100.   100.97  99.45 100.38 102.73 104.19 105.15 103.97 105.03 105.33
 105.69 106.8  110.45 110.34 107.06 105.81 103.89 104.6  104.33 102.28
 101.26]
episode: 34000 | option price [ 225.84  274.38  197.94  241.22  370.98  476.67  551.79  444.23  531.01
  558.45  583.12  686.35 1045.12 1034.57  708.59  583.99  397.3   461.76
  433.43  230.6   126.33]

{'path_row': 35001, 'model_params': {'mu': 0.05, 'vol': 0.2, 'volvol': 0.6, 'beta': 1.0, 'rho': -0.4}}
episode: 35000 | final wealth: -274.69; so far mean and variance of final wealth was -259.2515711030145 and 61200.66248798104
episode: 35000 | so far Y(0): 630.33
episode: 35000 | rewards: [ -42.11    0.15   -7.63   -7.5  -101.72    5.34 -101.41 -104.99   53.36
  -19.68   -3.79  126.15    6.76   56.99  -13.33  -35.94    1.22  -92.9
   61.3   -54.97]
episode: 35000 | action taken: [51.13 60.41 74.61 72.15 54.31 39.87 38.73 21.73 18.19 14.62 36.61 31.21
 36.27 51.22 35.98 28.8   8.83  8.2   5.6   1.58]
episode: 35000 | deltas [ 51.13  54.39  63.29  81.26  88.86  94.98  95.1   98.37  99.35  99.1
  99.64  99.7   99.    99.47  97.91  98.09  99.44  99.73 100.   100.
 100.  ]
episode: 35000 | stock price [100.   100.45 101.64 104.43 105.63 107.72 107.38 109.13 110.25 109.54
 109.74 109.42 107.48 107.3  105.74 105.7  106.12 105.88 106.88 106.2
 106.7 ]
episode: 35000 | option price [ 225.84  238.47  300.56  497.81  589.51  782.32  748.05  916.   1025.77
  955.68  974.29  942.06  749.33  730.55  576.17  571.97  612.39  587.77
  688.25  620.36  670.15]

{'path_row': 36001, 'model_params': {'mu': 0.05, 'vol': 0.2, 'volvol': 0.6, 'beta': 1.0, 'rho': -0.4}}
episode: 36000 | final wealth: -46.15; so far mean and variance of final wealth was -259.70455663747447 and 61300.04303269931
episode: 36000 | so far Y(0): 631.09
episode: 36000 | rewards: [-44.92 -14.67  -9.67  -2.23  -9.75  -4.86  18.01  -1.05  -3.37   4.58
   4.83 -10.5   -9.16   5.64  18.3    9.76   1.31   0.34  -5.92   7.19]
episode: 36000 | action taken: [51.13 45.72 45.23 31.32 33.13 28.85 33.93 36.07 28.87 41.08 40.17 21.86
 14.05 10.92  5.82  2.14  3.55  0.66  0.08  0.  ]
episode: 36000 | deltas [51.13 48.67 30.68 25.97 31.28 19.1  27.37 28.62 23.83 27.22 34.39 28.51
 23.11 29.37 29.27 17.03  7.05  5.67  2.67 11.59  0.  ]
episode: 36000 | stock price [100.    99.67  97.22  96.54  97.48  95.79  96.9   97.44  96.94  97.42
  98.34  97.87  97.4   98.21  98.41  97.53  96.51  96.64  96.55  98.43
  98.02]
episode: 36000 | option price [225.84 201.93  98.64  77.38  95.2   47.19  79.84  75.22  56.31  66.41
  87.57  62.74  45.    57.77  51.21  22.73   7.16   4.96   1.77   7.27
   0.  ]

{'path_row': 37001, 'model_params': {'mu': 0.05, 'vol': 0.2, 'volvol': 0.6, 'beta': 1.0, 'rho': -0.4}}
episode: 37000 | final wealth: -1048.63; so far mean and variance of final wealth was -259.759379841018 and 61275.72795707438
episode: 37000 | so far Y(0): 631.07
episode: 37000 | rewards: [ -69.27  -37.73  -25.1   -12.18    4.6  -135.23  -67.05  111.92    0.33
  -29.79 -149.15  -78.61   13.37  -24.92  -66.46   44.08 -242.3   -22.41
  -45.37 -217.35]
episode: 37000 | action taken: [51.13 47.78 30.48 37.13 36.4  23.21 26.98 20.18 21.46 26.73 15.29 18.07
 28.72 19.56 30.5  47.93 39.93 34.9  44.19 24.17]
episode: 37000 | deltas [ 51.13  59.67  74.01  75.58  80.04  80.8   90.89  93.88  88.04  88.89
  91.95  97.6   99.02  98.9   99.5   99.92  99.87 100.   100.   100.
 100.  ]
episode: 37000 | stock price [100.   101.25 103.45 103.68 104.15 104.14 106.14 107.11 105.41 105.43
 105.89 107.64 108.59 108.24 108.44 109.23 107.99 111.85 112.1  112.73
 114.87]
episode: 37000 | option price [ 225.84  297.52  437.09  451.12  473.98  468.37  634.4   723.57  569.8
  568.59  605.    767.86  860.66  825.58  844.43  922.93  799.47 1184.61
 1210.38 1272.85 1487.06]

{'path_row': 38001, 'model_params': {'mu': 0.05, 'vol': 0.2, 'volvol': 0.6, 'beta': 1.0, 'rho': -0.4}}
episode: 38000 | final wealth: -432.46; so far mean and variance of final wealth was -259.80620537525334 and 61273.48223079089
episode: 38000 | so far Y(0): 631.11
episode: 38000 | rewards: [ -78.78   14.42   -0.85    9.69    5.94   12.74   -2.69   10.02  -11.22
   17.24  -36.57   -2.42  -18.62  -51.06  -74.44   35.53   41.84 -102.81
 -114.47  -85.98]
episode: 38000 | action taken: [51.13 48.89 46.25 38.   37.69 41.69 54.14 59.16 66.4  60.04 39.62 25.16
 19.38 12.67 11.7  23.95 12.08  1.05  0.05  0.01]
episode: 38000 | deltas [ 51.13  38.41  53.36  49.05  41.18  26.31  29.68  28.35  27.87  26.21
  30.28  15.97  24.14  42.64  64.32  84.33  77.74  67.48  92.71  99.96
 100.  ]
episode: 38000 | stock price [100.    98.22 100.31  99.73  98.76  96.98  97.58  97.58  97.72  97.57
  98.11  96.74  97.84  99.44 100.87 102.18 101.46 100.73 101.96 103.14
 104.  ]
episode: 38000 | option price [225.84 142.13 227.26 198.85 143.74  70.54  78.88  69.55  62.84  57.03
  66.17  26.23  41.77  85.57 147.81 236.62 171.03 108.15 200.67 314.17
 400.11]

{'path_row': 39001, 'model_params': {'mu': 0.05, 'vol': 0.2, 'volvol': 0.6, 'beta': 1.0, 'rho': -0.4}}
episode: 39000 | final wealth: -535.87; so far mean and variance of final wealth was -259.76092320614447 and 61100.52227026704
episode: 39000 | so far Y(0): 630.54
episode: 39000 | rewards: [ -38.92    7.98    2.93    7.16    3.07  -11.79  -14.71    7.45 -117.84
  -42.41   35.7    17.39  -61.62 -126.79    6.36   -1.65 -143.76  -63.21
   21.51  -22.71]
episode: 39000 | action taken: [51.13 45.06 42.84 44.91 53.67 66.8  76.82 78.7  83.01 86.3  65.51 49.85
 70.96 83.61 81.24 66.42 56.43 19.65 20.72  3.2 ]
episode: 39000 | deltas [51.13 57.39 44.53 50.5  48.42 51.03 45.61 42.19 42.44 20.1  18.17 25.32
 32.41 20.6   6.78  6.61  5.53  0.08  0.    0.    0.  ]
episode: 39000 | stock price [100.   100.83  99.18  99.94  99.71 100.02  99.47  99.15  99.22  96.95
  96.47  97.58  98.51  97.51  95.84  95.94  96.1   93.65  92.44  93.53
  92.66]
episode: 39000 | option price [225.84 251.73 162.8  190.39 170.66 175.34 137.18 117.56 113.38  38.74
  36.25  52.14  65.18  33.68   7.97   7.5    5.53   0.04   0.     0.
   0.  ]

{'path_row': 40001, 'model_params': {'mu': 0.05, 'vol': 0.2, 'volvol': 0.6, 'beta': 1.0, 'rho': -0.4}}
episode: 40000 | final wealth: -44.49; so far mean and variance of final wealth was -259.8450887961125 and 61213.44637454309
episode: 40000 | so far Y(0): 630.97
episode: 40000 | rewards: [-53.48 -11.82  37.23 -14.61  22.78   3.35  -8.17  23.99  25.93 -11.74
 -25.55  18.39  -8.18  -4.75   8.44 -12.46   2.24  -3.49 -20.29 -12.3 ]
episode: 40000 | action taken: [51.13 42.57 32.48 22.3  26.99 23.79 26.77 20.65 21.69 42.38 26.35 29.19
 24.26 19.44 18.65  9.93 14.12  5.42 11.09  0.48]
episode: 40000 | deltas [51.13 59.44 60.41 45.28 47.59 44.85 41.95 47.88 38.23 18.1  21.28 12.57
 14.05  8.57  7.39  7.14  1.59  0.71  0.79  0.    0.  ]
episode: 40000 | stock price [100.   101.15 101.29  99.24  99.56  99.3   98.97  99.67  98.66  96.54
  96.94  95.77  96.5   95.91  95.8   96.22  95.16  95.55  96.46  95.1
  93.32]
episode: 40000 | option price [225.84 278.29 287.4  172.53 183.96 149.65 135.14 159.15 108.15  35.26
  43.79  21.85  22.19  11.26   9.19   7.87   1.23   0.41   0.38   0.
   0.  ]

{'path_row': 41001, 'model_params': {'mu': 0.05, 'vol': 0.2, 'volvol': 0.6, 'beta': 1.0, 'rho': -0.4}}
episode: 41000 | final wealth: -341.06; so far mean and variance of final wealth was -259.67315780236794 and 61147.588204134656
episode: 41000 | so far Y(0): 630.59
episode: 41000 | rewards: [-42.24 -21.56  19.97 -13.88 -73.72 -76.57   8.98  49.64 -84.94  -8.85
  19.13  -4.08   6.15   0.48 -31.85  13.57 -28.99  16.49   7.31 -96.08]
episode: 41000 | action taken: [51.13 65.4  66.16 57.82 50.82 49.6  56.67 63.74 58.51 72.8  82.82 87.92
 89.48 92.5  84.13 90.16 97.81 98.2  98.92 99.54]
episode: 41000 | deltas [ 51.13  52.35  47.12  62.99  71.4   84.    93.56  93.13  88.72  96.58
  97.54  91.94  94.    90.73  94.    99.28  95.79  73.9   85.21  91.38
 100.  ]
episode: 41000 | stock price [100.   100.17  99.47 101.66 102.87 105.24 107.4  107.   105.15 107.51
 107.35 104.95 105.22 104.03 104.37 106.23 103.82 101.17 101.61 101.42
 100.53]
episode: 41000 | option price [225.84 225.62 186.88 310.96 385.82 572.4  754.47 715.4  539.86 756.95
 738.99 508.61 530.84 417.23 444.98 623.7  385.41 146.74 173.16 146.63
  53.14]

{'path_row': 42001, 'model_params': {'mu': 0.05, 'vol': 0.2, 'volvol': 0.6, 'beta': 1.0, 'rho': -0.4}}
episode: 42000 | final wealth: -10.48; so far mean and variance of final wealth was -259.4671828382444 and 61077.26332214245
episode: 42000 | so far Y(0): 630.17
episode: 42000 | rewards: [-58.04   0.44   4.22  -6.28  -4.     1.52  11.34   1.9   -1.63 -17.08
 -11.71   2.88  -2.14  87.11 -54.93  -6.18  63.53  10.65  -7.8  -24.29]
episode: 42000 | action taken: [51.13 54.11 39.97 48.58 51.47 50.45 48.8  53.78 60.27 65.42 63.69 51.22
 59.08 32.03 26.3  23.54 29.31 32.49  7.58  1.03]
episode: 42000 | deltas [ 51.13  48.5   46.62  41.42  52.05  58.08  57.84  56.81  57.55  69.84
  74.65  82.76  82.08  84.62  62.43  79.22  86.65  77.49  84.18  90.27
 100.  ]
episode: 42000 | stock price [100.    99.62  99.36  98.73 100.13 100.93 100.89 100.72 100.79 102.23
 103.   104.12 103.8  103.9  101.07 102.51 102.82 101.67 101.69 101.59
 101.82]
episode: 42000 | option price [225.84 212.11 194.92 151.17 216.78 259.04 254.43 233.05 229.72 311.36
 373.58 455.09 422.77 422.9  202.05 288.99 299.59 196.2  183.01 164.74
 181.55]

{'path_row': 43001, 'model_params': {'mu': 0.05, 'vol': 0.2, 'volvol': 0.6, 'beta': 1.0, 'rho': -0.4}}
episode: 43000 | final wealth: -228.27; so far mean and variance of final wealth was -259.5339128522098 and 61171.36477179173
episode: 43000 | so far Y(0): 630.53
episode: 43000 | rewards: [-75.98 -15.   -21.19 -15.47   9.07 -20.86  36.61  10.72 -34.86 -12.07
 -21.74 -21.17  29.92  96.42 -14.9  -42.25 -19.35   2.42  -0.52 -98.09]
episode: 43000 | action taken: [ 51.13  68.61  60.76  73.26  74.22  65.07  55.34  50.39  42.22  41.03
  58.2   69.58  43.4   37.69  32.2   43.95  74.85  99.93  99.91 100.  ]
episode: 43000 | deltas [ 51.13  62.68  63.78  74.92  64.94  67.72  79.68  67.49  53.73  70.98
  74.77  78.24  86.21  80.86  50.12  61.52  80.49  73.79  96.55  94.73
 100.  ]
episode: 43000 | stock price [100.   101.66 101.81 103.58 101.93 102.26 104.1  102.05 100.33 102.35
 102.8  103.21 104.33 103.09  99.96 100.83 102.29 101.44 103.48 102.34
 101.28]
episode: 43000 | option price [225.84 317.7  325.22 445.29 325.7  340.44 470.86 309.32 207.03 318.14
 347.38 375.28 462.22 348.83 127.47 164.9  258.67 181.38 351.17 237.34
 128.  ]

{'path_row': 44001, 'model_params': {'mu': 0.05, 'vol': 0.2, 'volvol': 0.6, 'beta': 1.0, 'rho': -0.4}}
episode: 44000 | final wealth: -446.72; so far mean and variance of final wealth was -259.51561145102477 and 61209.16015024017
episode: 44000 | so far Y(0): 630.62
episode: 44000 | rewards: [-109.06   23.31    6.23  -62.7    15.09   17.26   -4.25  -26.87   18.64
   10.18  -11.63   21.68  -36.4    -4.98   -4.97  -17.32   -8.12 -105.04
  123.63 -291.38]
episode: 44000 | action taken: [51.13 49.83 59.17 53.27 63.33 70.33 60.35 34.94 45.68 48.45 50.48 57.04
 58.36 35.06 41.6  18.53 35.16 47.68 64.07 99.32]
episode: 44000 | deltas [51.13 34.99 38.89 42.11 23.09 26.66 30.58 26.14 28.19 41.78 47.17 30.4
 34.6  21.42 30.43 20.83 26.04 19.51  0.31  4.14  0.  ]
episode: 44000 | stock price [100.    97.65  98.37  98.85  96.16  96.76  97.33  97.01  97.21  98.99
  99.62  97.95  98.56  97.28  98.37  97.75  98.41  98.2   95.84  98.1
  96.53]
episode: 44000 | option price [225.84 127.77 138.94 151.82  64.83  77.83  93.99  68.9   78.22 129.54
 147.1   72.37  78.81  39.71  58.49  31.23  37.56  21.99   0.14   1.81
   0.  ]

{'path_row': 45001, 'model_params': {'mu': 0.05, 'vol': 0.2, 'volvol': 0.6, 'beta': 1.0, 'rho': -0.4}}
episode: 45000 | final wealth: -256.54; so far mean and variance of final wealth was -259.35857134492636 and 61098.19632885663
episode: 45000 | so far Y(0): 630.13
episode: 45000 | rewards: [ -64.29   -6.01   18.75  -33.3   -93.5    12.87   64.08  -57.85  -68.71
  -14.91  -11.63   13.08   70.76  -51.41 -146.78   72.93  108.42  -20.85
   42.21  -90.42]
episode: 45000 | action taken: [ 51.13  58.28  47.91  61.35  84.95  74.52  79.06  77.82  75.83  61.5
  59.05  65.95  84.46  91.05  98.13  97.85  99.81  99.99 100.   100.  ]
episode: 45000 | deltas [51.13 61.3  56.16 47.89 37.25 26.06 29.66 40.33 28.18 16.12 15.2  13.02
 13.52 21.91 15.2   5.88  6.84  7.63  2.32  0.68  0.  ]
episode: 45000 | stock price [100.   101.43 100.7   99.63  98.37  97.01  97.5   98.86  97.49  96.1
  96.03  95.78  96.08  97.35  96.68  95.08  95.84  96.93  96.67  97.08
  97.14]
episode: 45000 | option price [225.84 298.83 254.75 174.   116.04  68.22  81.26 120.2   70.77  31.66
  28.81  23.18  23.1   40.75  24.36   7.56   8.09   7.13   1.41   0.26
   0.  ]

{'path_row': 46001, 'model_params': {'mu': 0.05, 'vol': 0.2, 'volvol': 0.6, 'beta': 1.0, 'rho': -0.4}}
episode: 46000 | final wealth: -171.05; so far mean and variance of final wealth was -259.2807018952268 and 61089.99576383435
episode: 46000 | so far Y(0): 630.03
episode: 46000 | rewards: [-56.23  -3.32 -14.67  23.16  -7.95  24.05 -11.73  -3.28  -3.32   3.75
 -27.41 -12.18 -37.75  57.46 -65.73 -33.55  92.1   37.79 -97.58 -34.65]
episode: 46000 | action taken: [51.13 59.47 71.12 80.94 78.51 69.13 62.1  57.09 47.14 30.09 22.7  39.71
 28.37 25.61 12.74  8.93  1.08  1.08  0.01  0.  ]
episode: 46000 | deltas [ 51.13  55.92  52.89  52.08  56.23  50.42  62.03  49.06  49.16  47.32
  40.01  52.32  58.32  73.39  56.41  75.62  83.71  68.53  62.8   95.44
 100.  ]
episode: 46000 | stock price [100.   100.69 100.25 100.14 100.66  99.94 101.23  99.81  99.83  99.66
  99.01 100.14 100.62 101.71 100.38 101.57 102.06 100.86 100.47 101.79
 102.16]
episode: 46000 | option price [225.84 262.97 231.77 226.72 236.53 185.06 240.43 157.   156.02 141.26
 100.92 146.46 160.36 217.24 122.97 190.28 224.34 122.71  84.5  181.01
 215.66]

{'path_row': 47001, 'model_params': {'mu': 0.05, 'vol': 0.2, 'volvol': 0.6, 'beta': 1.0, 'rho': -0.4}}
episode: 47000 | final wealth: -286.71; so far mean and variance of final wealth was -259.51327997735194 and 61152.80586569196
episode: 47000 | so far Y(0): 630.45
episode: 47000 | rewards: [ -42.29   16.4    -2.25    8.98  -29.86   16.78   32.97    6.25  -49.97
   -8.51  -14.96   32.43   -8.77   -6.21  -28.82  -67.96  -31.01   10.35
  -14.03 -106.23]
episode: 47000 | action taken: [51.13 41.17 46.64 40.48 44.08 43.85 43.41 32.81 32.   25.65 50.55 38.9
 37.91 35.91 28.36 10.36  5.7   1.42  0.63  0.48]
episode: 47000 | deltas [ 51.13  57.89  48.28  57.66  54.63  70.52  70.37  55.64  51.92  71.6
  74.28  72.25  59.49  66.69  71.03  79.56  89.9   95.2   97.47  99.79
 100.  ]
episode: 47000 | stock price [100.   100.91  99.67 100.8  100.42 102.22 102.03 100.47 100.11 101.93
 102.11 101.83 100.64 101.13 101.4  101.97 102.72 103.06 102.94 103.09
 104.15]
episode: 47000 | option price [225.84 258.05 180.08 229.47 198.97 304.61 279.28 178.12 149.28 256.82
 263.27 238.62 147.64 174.14 187.89 225.12 282.02 310.24 295.29 308.6
 414.68]

{'path_row': 48001, 'model_params': {'mu': 0.05, 'vol': 0.2, 'volvol': 0.6, 'beta': 1.0, 'rho': -0.4}}
episode: 48000 | final wealth: -331.69; so far mean and variance of final wealth was -259.6529031644126 and 61200.62242508595
episode: 48000 | so far Y(0): 630.73
episode: 48000 | rewards: [ -46.6     1.64   -7.74    9.37    6.93    4.88    8.95   -2.62    5.05
  -14.5   -19.48    2.45    4.65   10.81   -1.62  -14.04  -21.97 -139.34
   35.53 -154.03]
episode: 48000 | action taken: [ 51.13  53.71  57.8   53.37  65.31  64.7   72.5   73.91  73.66  87.13
  96.82  97.88  98.63  99.07  99.91  99.83  99.93  99.95  99.99 100.  ]
episode: 48000 | deltas [51.13 52.63 50.75 41.67 50.55 61.35 57.57 76.46 89.1  91.34 88.6  82.24
 82.32 84.29 89.24 88.1  78.07 63.6  13.87 10.38  0.  ]
episode: 48000 | stock price [100.   100.21  99.95  98.79  99.94 101.29 100.78 103.2  104.9  104.96
 104.48 103.19 102.95 103.06 103.38 103.   101.76 100.69  98.2   98.5
  97.88]
episode: 48000 | option price [225.84 231.84 213.81 149.89 197.81 266.37 227.92 385.32 512.6  511.62
 470.03 353.69 326.71 332.6  352.22 315.79 205.67 120.43  11.39   5.77
   0.  ]

{'path_row': 49001, 'model_params': {'mu': 0.05, 'vol': 0.2, 'volvol': 0.6, 'beta': 1.0, 'rho': -0.4}}
episode: 49000 | final wealth: 26.17; so far mean and variance of final wealth was -259.6064118375702 and 61180.32572368632
episode: 49000 | so far Y(0): 630.63
episode: 49000 | rewards: [ -98.32  -19.13    8.11   20.38    1.23  -31.83  -56.61   14.59  -60.72
  -34.99  -13.36  124.66  217.65   -7.94 -135.44   84.63   23.13   33.25
  -41.27   -1.87]
episode: 49000 | action taken: [ 51.13  52.6   49.41  50.05  55.23  58.45  72.15  78.79  87.6   89.43
  89.38  94.75  98.1   98.31  98.3   98.9   99.87  99.82  99.93 100.  ]
episode: 49000 | deltas [51.13 32.91 26.57 26.47 34.64 34.91 25.44 18.04 19.77 12.87  9.48  7.16
 13.4  39.39 33.66 11.81 19.88 18.48 17.58  4.1   0.  ]
episode: 49000 | stock price [100.    97.55  96.66  96.81  97.93  98.01  96.82  95.86  96.19  95.35
  94.88  94.67  96.16  99.08  98.75  96.88  97.87  98.05  98.34  97.78
  98.73]
episode: 49000 | option price [225.84 108.47  79.37  75.43 110.45 109.01  68.1   41.51  46.2   24.87
  16.35  10.95  22.26  87.63  62.59  14.66  26.88  21.21  16.47   2.07
   0.  ]

{'path_row': 0, 'model_params': {'mu': 0.05, 'vol': 0.2, 'volvol': 0.6, 'beta': 1.0, 'rho': -0.4}}
episode: 50000 | final wealth: -420.71; so far mean and variance of final wealth was -259.7325161022605 and 61172.535554862465
episode: 50000 | so far Y(0): 630.73
episode: 50000 | rewards: [ -63.2   -15.95   -9.79   31.11  -58.57  -37.49   17.03  -64.64  -53.35
  -33.68   19.53   94.91   -3.91  -26.31   13.13  -45.64   -0.32   40.33
 -102.75 -121.15]
episode: 50000 | action taken: [51.13 39.57 36.88 48.4  54.53 58.8  48.48 50.43 36.45 24.22 32.44 38.29
 32.2  17.29 24.6  39.83 39.66 28.03 60.21 95.56]
episode: 50000 | deltas [51.13 47.69 47.36 29.43 44.1  27.83 19.32 22.33 14.17  7.65  2.78  2.55
 12.54 12.74  4.    4.58  1.39  0.78  1.53  0.01  0.  ]
episode: 50000 | stock price [100.    99.49  99.42  96.45  98.95  96.36  95.1   95.84  94.05  92.43
  91.03  91.84  95.04  95.11  93.36  94.19  93.3   93.28  95.16  94.01
  94.03]
episode: 50000 | option price [225.84 209.91 211.79 109.27 185.99  96.51  55.58  64.72  37.03  16.83
   4.62   3.76  25.25  25.6    5.78   6.16   1.41   0.68   1.18   0.
   0.  ]

