/Users/saouiris/Desktop/DEEP-RL/Hedging-options-with-RL/utils.py:135: RuntimeWarning: invalid value encountered in divide
  SABRIV = np.where(F == K, vol * B / (F ** (1 - beta)), A * B * Phi / Chi)
/Users/saouiris/Desktop/DEEP-RL/Hedging-options-with-RL/utils.py:155: RuntimeWarning: divide by zero encountered in divide
  d1 = (np.log(S / K) + (r - q + iv * iv / 2) * T) / (iv * np.sqrt(T))
WARNING:absl:At this time, the v2.11+ optimizer `tf.keras.optimizers.Adam` runs slowly on M1/M2 Macs, please use the legacy Keras optimizer instead, located at `tf.keras.optimizers.legacy.Adam`.
WARNING:absl:At this time, the v2.11+ optimizer `tf.keras.optimizers.Adam` runs slowly on M1/M2 Macs, please use the legacy Keras optimizer instead, located at `tf.keras.optimizers.legacy.Adam`.
WARNING:absl:At this time, the v2.11+ optimizer `tf.keras.optimizers.Adam` runs slowly on M1/M2 Macs, please use the legacy Keras optimizer instead, located at `tf.keras.optimizers.legacy.Adam`.
Num GPUs Available: 1
Num GPUs Available: 1
1. generate asset price paths (sabr)
2. generate BS price, BS delta, and Bartlett delta
simulation done!


***
Testing RL gamma agent (checkpoint 20k)...
testing...
episode 0 | W_T=-394.71 | mean=-394.71 | var=0.00
episode 1000 | W_T=-18.04 | mean=-198.87 | var=75819.45
episode 2000 | W_T=-407.03 | mean=-199.33 | var=73633.48
episode 3000 | W_T=-76.85 | mean=-199.67 | var=74065.29
episode 4000 | W_T=21.87 | mean=-203.33 | var=74954.60
episode 5000 | W_T=-1.61 | mean=-205.88 | var=77065.70
episode 6000 | W_T=-232.19 | mean=-205.06 | var=76937.54
episode 7000 | W_T=10.68 | mean=-204.22 | var=78012.36
episode 8000 | W_T=-18.11 | mean=-204.27 | var=77210.74
episode 9000 | W_T=-491.14 | mean=-204.45 | var=76780.42
episode 10000 | W_T=15.30 | mean=-203.97 | var=76940.71
episode 11000 | W_T=28.53 | mean=-204.16 | var=77457.05
episode 12000 | W_T=-121.34 | mean=-206.45 | var=79118.38
episode 13000 | W_T=6.27 | mean=-206.93 | var=79021.54
episode 14000 | W_T=-15.45 | mean=-207.35 | var=79304.10
episode 15000 | W_T=-74.76 | mean=-206.47 | var=78783.22
episode 16000 | W_T=-86.91 | mean=-206.33 | var=78713.21
episode 17000 | W_T=-179.01 | mean=-206.93 | var=79008.81
episode 18000 | W_T=-10.21 | mean=-207.08 | var=78992.18
episode 19000 | W_T=-73.68 | mean=-206.31 | var=78460.92
episode 20000 | W_T=-269.62 | mean=-206.40 | var=78466.14
episode 21000 | W_T=-87.80 | mean=-206.55 | var=78345.22
episode 22000 | W_T=-326.38 | mean=-206.64 | var=78349.23
episode 23000 | W_T=-36.47 | mean=-206.56 | var=78408.81
episode 24000 | W_T=-14.53 | mean=-205.80 | var=77832.60
episode 25000 | W_T=-629.97 | mean=-205.14 | var=77371.80
episode 26000 | W_T=-35.66 | mean=-205.14 | var=77452.94
episode 27000 | W_T=-164.30 | mean=-205.65 | var=77560.31
episode 28000 | W_T=-326.07 | mean=-205.50 | var=77423.34
episode 29000 | W_T=-117.24 | mean=-205.36 | var=77332.71
episode 30000 | W_T=2.20 | mean=-205.95 | var=77464.92
episode 31000 | W_T=-2.72 | mean=-205.54 | var=77192.19
episode 32000 | W_T=-22.56 | mean=-205.79 | var=77250.42
episode 33000 | W_T=-67.49 | mean=-205.93 | var=77380.13
episode 34000 | W_T=24.27 | mean=-206.41 | var=77685.62
episode 35000 | W_T=-18.54 | mean=-206.85 | var=77912.04
episode 36000 | W_T=-138.77 | mean=-207.19 | var=78068.11
episode 37000 | W_T=-172.73 | mean=-207.24 | var=78195.05
episode 38000 | W_T=-56.38 | mean=-207.09 | var=78167.59
episode 39000 | W_T=-663.68 | mean=-206.64 | var=77868.90
episode 40000 | W_T=-615.47 | mean=-206.99 | var=78096.05
episode 41000 | W_T=48.91 | mean=-206.83 | var=78022.11
episode 42000 | W_T=26.59 | mean=-206.84 | var=78185.38
episode 43000 | W_T=-35.69 | mean=-206.88 | var=78077.46
episode 44000 | W_T=-341.01 | mean=-206.80 | var=77927.24
episode 45000 | W_T=-285.95 | mean=-206.65 | var=77856.98
episode 46000 | W_T=-13.59 | mean=-206.53 | var=77928.33
episode 47000 | W_T=-36.18 | mean=-206.61 | var=78066.88
episode 48000 | W_T=-148.90 | mean=-206.96 | var=78329.85
episode 49000 | W_T=-158.07 | mean=-206.88 | var=78198.17
episode 50000 | W_T=-522.97 | mean=-206.87 | var=78216.47

====== FINAL RESULTS ======
Mean cost: 206.8734
Std cost: 279.6721
Skew cost: 1.8377
Kurt cost: 6.5206
J cost: 626.3816
Median cost: 84.2706
